[ 20%] [32mBuilding CXX object CMakeFiles/navigation.dir/src/Perception.cpp.o[0m
[01m[K/root/ros2_ws/src/tp1/src/Perception.cpp:[m[K In member function â€˜[01m[Kvoid Perception::[01;32m[KupdateMap[m[K(float, float)[m[Kâ€™:
[01m[K/root/ros2_ws/src/tp1/src/Perception.cpp:241:14:[m[K [01;35m[Kwarning: [m[Kunused variable â€˜[01m[Kdiff3[m[Kâ€™ [[01;35m[K]8;;https://gcc.gnu.org/onlinedocs/gcc/Warning-Options.html#index-Wunused-variable-Wunused-variable]8;;[m[K]
  241 |       double [01;35m[Kdiff3[m[K = time_nanoseconds - double(nanoaux);
      |              [01;35m[K^~~~~[m[K
[01m[K/root/ros2_ws/src/tp1/src/Perception.cpp:243:14:[m[K [01;35m[Kwarning: [m[Kunused variable â€˜[01m[Kdiff3[m[Kâ€™ [[01;35m[K]8;;https://gcc.gnu.org/onlinedocs/gcc/Warning-Options.html#index-Wunused-variable-Wunused-variable]8;;[m[K]
  243 |       double [01;35m[Kdiff3[m[K = 1.0f + time_nanoseconds - double(nanoaux);
      |              [01;35m[K^~~~~[m[K
[01m[K/root/ros2_ws/src/tp1/src/Perception.cpp:246:31:[m[K [01;31m[Kerror: [m[Kâ€˜[01m[Kdiff3[m[Kâ€™ was not declared in this scope
  246 |     std::cout << "diff3: " << [01;31m[Kdiff3[m[K << "\n";
      |                               [01;31m[K^~~~~[m[K
gmake[2]: *** [CMakeFiles/navigation.dir/build.make:104: CMakeFiles/navigation.dir/src/Perception.cpp.o] Error 1
gmake[1]: *** [CMakeFiles/Makefile2:137: CMakeFiles/navigation.dir/all] Error 2
gmake: *** [Makefile:146: all] Error 2
