[0.138s] Invoking command in '/root/ros2_ws/build/tp1': CMAKE_PREFIX_PATH=${CMAKE_PREFIX_PATH}:/root/ros2_ws/install/py_pubsub:/root/ros2_ws/src/py_pubsub/install/py_pubsub:/opt/ros/jazzy /usr/bin/cmake --build /root/ros2_ws/build/tp1 -- -j16 -l16
[0.184s] [ 20%] [32mBuilding CXX object CMakeFiles/navigation.dir/src/Perception.cpp.o[0m
[1.555s] [01m[K/root/ros2_ws/src/tp1/src/Perception.cpp:[m[K In member function â€˜[01m[Kvoid Perception::[01;32m[KupdateMap[m[K(float, float)[m[Kâ€™:
[1.555s] [01m[K/root/ros2_ws/src/tp1/src/Perception.cpp:241:14:[m[K [01;35m[Kwarning: [m[Kunused variable â€˜[01m[Kdiff3[m[Kâ€™ [[01;35m[K]8;;https://gcc.gnu.org/onlinedocs/gcc/Warning-Options.html#index-Wunused-variable-Wunused-variable]8;;[m[K]
[1.555s]   241 |       double [01;35m[Kdiff3[m[K = time_nanoseconds - double(nanoaux);
[1.555s]       |              [01;35m[K^~~~~[m[K
[1.555s] [01m[K/root/ros2_ws/src/tp1/src/Perception.cpp:243:14:[m[K [01;35m[Kwarning: [m[Kunused variable â€˜[01m[Kdiff3[m[Kâ€™ [[01;35m[K]8;;https://gcc.gnu.org/onlinedocs/gcc/Warning-Options.html#index-Wunused-variable-Wunused-variable]8;;[m[K]
[1.555s]   243 |       double [01;35m[Kdiff3[m[K = 1.0f + time_nanoseconds - double(nanoaux);
[1.555s]       |              [01;35m[K^~~~~[m[K
[1.561s] [01m[K/root/ros2_ws/src/tp1/src/Perception.cpp:246:31:[m[K [01;31m[Kerror: [m[Kâ€˜[01m[Kdiff3[m[Kâ€™ was not declared in this scope
[1.561s]   246 |     std::cout << "diff3: " << [01;31m[Kdiff3[m[K << "\n";
[1.561s]       |                               [01;31m[K^~~~~[m[K
[1.935s] gmake[2]: *** [CMakeFiles/navigation.dir/build.make:104: CMakeFiles/navigation.dir/src/Perception.cpp.o] Error 1
[1.936s] gmake[1]: *** [CMakeFiles/Makefile2:137: CMakeFiles/navigation.dir/all] Error 2
[1.936s] gmake: *** [Makefile:146: all] Error 2
[1.938s] Invoked command in '/root/ros2_ws/build/tp1' returned '2': CMAKE_PREFIX_PATH=${CMAKE_PREFIX_PATH}:/root/ros2_ws/install/py_pubsub:/root/ros2_ws/src/py_pubsub/install/py_pubsub:/opt/ros/jazzy /usr/bin/cmake --build /root/ros2_ws/build/tp1 -- -j16 -l16
