[0.013s] Invoking command in '/root/ros2_ws/build/tp1': CMAKE_PREFIX_PATH=${CMAKE_PREFIX_PATH}:/opt/ros/jazzy /usr/bin/cmake --build /root/ros2_ws/build/tp1 -- -j16 -l16
[0.240s] [ 20%] [32mBuilding CXX object CMakeFiles/navigation.dir/src/Action.cpp.o[0m
[0.575s] [01m[K/root/ros2_ws/src/tp1/src/Action.cpp:[m[K In member function â€˜[01m[Kvoid Action::[01;32m[KavoidObstacles[m[K(std::vector<float>, std::vector<float>)[m[Kâ€™:
[0.575s] [01m[K/root/ros2_ws/src/tp1/src/Action.cpp:14:46:[m[K [01;31m[Kerror: [m[Kâ€˜[01m[Kmin_element[m[Kâ€™ is not a member of â€˜[01m[Kstd[m[Kâ€™; did you mean â€˜[01m[Ktuple_element[m[Kâ€™?
[0.575s]    14 |     std::vector<int>::iterator result = std::[01;31m[Kmin_element[m[K(lasers.begin(), lasers.end());
[0.575s]       |                                              [01;31m[K^~~~~~~~~~~[m[K
[0.575s]       |                                              [32m[Ktuple_element[m[K
[0.575s] [01m[K/root/ros2_ws/src/tp1/src/Action.cpp:16:40:[m[K [01;31m[Kerror: [m[Kno matching function for call to â€˜[01m[Kdistance(std::vector<float>::iterator, std::vector<int>::iterator&)[m[Kâ€™
[0.575s]    16 |     if ( *result < 0.3 && [01;31m[Kstd::distance(lasers.begin(), result)[m[K <= 90  ){
[0.575s]       |                           [01;31m[K~~~~~~~~~~~~~^~~~~~~~~~~~~~~~~~~~~~~~[m[K
[0.577s] In file included from [01m[K/usr/include/c++/13/bits/stl_algobase.h:66[m[K,
[0.577s]                  from [01m[K/usr/include/c++/13/vector:62[m[K,
[0.577s]                  from [01m[K/root/ros2_ws/src/tp1/include/Action.h:4[m[K,
[0.577s]                  from [01m[K/root/ros2_ws/src/tp1/src/Action.cpp:1[m[K:
[0.577s] [01m[K/usr/include/c++/13/bits/stl_iterator_base_funcs.h:148:5:[m[K [01;36m[Knote: [m[Kcandidate: â€˜[01m[Ktemplate<class _InputIterator> constexpr typename std::iterator_traits< <template-parameter-1-1> >::difference_type std::[01;32m[Kdistance[m[K(_InputIterator, _InputIterator)[m[Kâ€™
[0.577s]   148 |     [01;36m[Kdistance[m[K(_InputIterator __first, _InputIterator __last)
[0.577s]       |     [01;36m[K^~~~~~~~[m[K
[0.577s] [01m[K/usr/include/c++/13/bits/stl_iterator_base_funcs.h:148:5:[m[K [01;36m[Knote: [m[K  template argument deduction/substitution failed:
[0.577s] [01m[K/root/ros2_ws/src/tp1/src/Action.cpp:16:40:[m[K [01;36m[Knote: [m[K  deduced conflicting types for parameter â€˜[01m[K_InputIterator[m[Kâ€™ (â€˜[01m[K__gnu_cxx::__normal_iterator<float*, std::vector<float> >[m[Kâ€™ and â€˜[01m[K__gnu_cxx::__normal_iterator<int*, std::vector<int> >[m[Kâ€™)
[0.577s]    16 |     if ( *result < 0.3 && [01;36m[Kstd::distance(lasers.begin(), result)[m[K <= 90  ){
[0.578s]       |                           [01;36m[K~~~~~~~~~~~~~^~~~~~~~~~~~~~~~~~~~~~~~[m[K
[0.578s] [01m[K/root/ros2_ws/src/tp1/src/Action.cpp:18:48:[m[K [01;31m[Kerror: [m[Kno matching function for call to â€˜[01m[Kdistance(std::vector<float>::iterator, std::vector<int>::iterator&)[m[Kâ€™
[0.578s]    18 |     } else if  ( *result < 0.3 && [01;31m[Kstd::distance(lasers.begin(), result)[m[K > 90  ) {
[0.578s]       |                                   [01;31m[K~~~~~~~~~~~~~^~~~~~~~~~~~~~~~~~~~~~~~[m[K
[0.578s] [01m[K/usr/include/c++/13/bits/stl_iterator_base_funcs.h:148:5:[m[K [01;36m[Knote: [m[Kcandidate: â€˜[01m[Ktemplate<class _InputIterator> constexpr typename std::iterator_traits< <template-parameter-1-1> >::difference_type std::[01;32m[Kdistance[m[K(_InputIterator, _InputIterator)[m[Kâ€™
[0.579s]   148 |     [01;36m[Kdistance[m[K(_InputIterator __first, _InputIterator __last)
[0.579s]       |     [01;36m[K^~~~~~~~[m[K
[0.579s] [01m[K/usr/include/c++/13/bits/stl_iterator_base_funcs.h:148:5:[m[K [01;36m[Knote: [m[K  template argument deduction/substitution failed:
[0.579s] [01m[K/root/ros2_ws/src/tp1/src/Action.cpp:18:48:[m[K [01;36m[Knote: [m[K  deduced conflicting types for parameter â€˜[01m[K_InputIterator[m[Kâ€™ (â€˜[01m[K__gnu_cxx::__normal_iterator<float*, std::vector<float> >[m[Kâ€™ and â€˜[01m[K__gnu_cxx::__normal_iterator<int*, std::vector<int> >[m[Kâ€™)
[0.579s]    18 |     } else if  ( *result < 0.3 && [01;36m[Kstd::distance(lasers.begin(), result)[m[K > 90  ) {
[0.579s]       |                                   [01;36m[K~~~~~~~~~~~~~^~~~~~~~~~~~~~~~~~~~~~~~[m[K
[0.579s] [01m[K/root/ros2_ws/src/tp1/src/Action.cpp:11:75:[m[K [01;35m[Kwarning: [m[Kunused parameter â€˜[01m[Ksonars[m[Kâ€™ [[01;35m[K]8;;https://gcc.gnu.org/onlinedocs/gcc/Warning-Options.html#index-Wunused-parameter-Wunused-parameter]8;;[m[K]
[0.579s]    11 | void Action::avoidObstacles(std::vector<float> lasers, [01;35m[Kstd::vector<float> sonars[m[K)
[0.579s]       |                                                        [01;35m[K~~~~~~~~~~~~~~~~~~~^~~~~~[m[K
[0.579s] [01m[K/root/ros2_ws/src/tp1/src/Action.cpp:[m[K In member function â€˜[01m[Kvoid Action::[01;32m[KkeepAsFarthestAsPossibleFromWalls[m[K(std::vector<float>, std::vector<float>)[m[Kâ€™:
[0.579s] [01m[K/root/ros2_ws/src/tp1/src/Action.cpp:25:67:[m[K [01;35m[Kwarning: [m[Kunused parameter â€˜[01m[Klasers[m[Kâ€™ [[01;35m[K]8;;https://gcc.gnu.org/onlinedocs/gcc/Warning-Options.html#index-Wunused-parameter-Wunused-parameter]8;;[m[K]
[0.579s]    25 | void Action::keepAsFarthestAsPossibleFromWalls([01;35m[Kstd::vector<float> lasers[m[K, std::vector<float> sonars)
[0.579s]       |                                                [01;35m[K~~~~~~~~~~~~~~~~~~~^~~~~~[m[K
[0.579s] [01m[K/root/ros2_ws/src/tp1/src/Action.cpp:25:94:[m[K [01;35m[Kwarning: [m[Kunused parameter â€˜[01m[Ksonars[m[Kâ€™ [[01;35m[K]8;;https://gcc.gnu.org/onlinedocs/gcc/Warning-Options.html#index-Wunused-parameter-Wunused-parameter]8;;[m[K]
[0.580s]    25 | void Action::keepAsFarthestAsPossibleFromWalls(std::vector<float> lasers, [01;35m[Kstd::vector<float> sonars[m[K)
[0.580s]       |                                                                           [01;35m[K~~~~~~~~~~~~~~~~~~~^~~~~~[m[K
[0.614s] gmake[2]: *** [CMakeFiles/navigation.dir/build.make:90: CMakeFiles/navigation.dir/src/Action.cpp.o] Error 1
[0.614s] gmake[1]: *** [CMakeFiles/Makefile2:137: CMakeFiles/navigation.dir/all] Error 2
[0.615s] gmake: *** [Makefile:146: all] Error 2
[0.616s] Invoked command in '/root/ros2_ws/build/tp1' returned '2': CMAKE_PREFIX_PATH=${CMAKE_PREFIX_PATH}:/opt/ros/jazzy /usr/bin/cmake --build /root/ros2_ws/build/tp1 -- -j16 -l16
