[01m[K/root/ros2_ws/src/tp1/src/Perception.cpp:[m[K In member function â€˜[01m[Kvoid Perception::[01;32m[KupdateMap[m[K(float, float)[m[Kâ€™:
[01m[K/root/ros2_ws/src/tp1/src/Perception.cpp:228:39:[m[K [01;31m[Kerror: [m[Kâ€˜[01m[Kaux[m[Kâ€™ was not declared in this scope
  228 |     std::cout << "nano segundos: " << [01;31m[Kaux[m[K << std::endl;
      |                                       [01;31m[K^~~[m[K
[01m[K/root/ros2_ws/src/tp1/src/Perception.cpp:240:13:[m[K [01;35m[Kwarning: [m[Kunused variable â€˜[01m[Krad[m[Kâ€™ [[01;35m[K]8;;https://gcc.gnu.org/onlinedocs/gcc/Warning-Options.html#index-Wunused-variable-Wunused-variable]8;;[m[K]
  240 |       float [01;35m[Krad[m[K = angVel * (M_PI / 180.0);
      |             [01;35m[K^~~[m[K
gmake[2]: *** [CMakeFiles/navigation.dir/build.make:104: CMakeFiles/navigation.dir/src/Perception.cpp.o] Error 1
gmake[1]: *** [CMakeFiles/Makefile2:137: CMakeFiles/navigation.dir/all] Error 2
gmake: *** [Makefile:146: all] Error 2
