[ 20%] [32mBuilding CXX object CMakeFiles/navigation.dir/src/Perception.cpp.o[0m
[01m[K/root/ros2_ws/src/tp1/src/Perception.cpp:[m[K In member function â€˜[01m[Kvoid Perception::[01;32m[KupdateMap[m[K(float, float)[m[Kâ€™:
[01m[K/root/ros2_ws/src/tp1/src/Perception.cpp:232:24:[m[K [01;31m[Kerror: [m[Kâ€˜[01m[Ki[m[Kâ€™ was not declared in this scope
  232 |     for (size_t m = 0; [01;31m[Ki[m[K < MAP_SIZE; ++i) {
      |                        [01;31m[K^[m[K
[01m[K/root/ros2_ws/src/tp1/src/Perception.cpp:302:13:[m[K [01;31m[Kerror: [m[Kâ€˜[01m[Kmx[m[Kâ€™ was not declared in this scope; did you mean â€˜[01m[Kkx[m[Kâ€™?
  302 |             [01;31m[Kmx[m[K = cx + int((r * cos(angle)*v) / RESOLUTION);
      |             [01;31m[K^~[m[K
      |             [32m[Kkx[m[K
[01m[K/root/ros2_ws/src/tp1/src/Perception.cpp:303:13:[m[K [01;31m[Kerror: [m[Kâ€˜[01m[Kmy[m[Kâ€™ was not declared in this scope; did you mean â€˜[01m[Kky[m[Kâ€™?
  303 |             [01;31m[Kmy[m[K = cy + int((r * sin(angle)*v) / RESOLUTION);
      |             [01;31m[K^~[m[K
      |             [32m[Kky[m[K
gmake[2]: *** [CMakeFiles/navigation.dir/build.make:104: CMakeFiles/navigation.dir/src/Perception.cpp.o] Error 1
gmake[1]: *** [CMakeFiles/Makefile2:137: CMakeFiles/navigation.dir/all] Error 2
gmake: *** [Makefile:146: all] Error 2
