[0.163s] Invoking command in '/root/ros2_ws/build/tp1': CMAKE_PREFIX_PATH=${CMAKE_PREFIX_PATH}:/root/ros2_ws/install/py_pubsub:/root/ros2_ws/src/py_pubsub/install/py_pubsub:/opt/ros/jazzy /usr/bin/cmake --build /root/ros2_ws/build/tp1 -- -j16 -l16
[0.248s] [ 20%] [32mBuilding CXX object CMakeFiles/navigation.dir/src/Perception.cpp.o[0m
[2.186s] [01m[K/root/ros2_ws/src/tp1/src/Perception.cpp:[m[K In static member function â€˜[01m[Kstatic void Perception::[01;32m[KdrawMap[m[K()[m[Kâ€™:
[2.186s] [01m[K/root/ros2_ws/src/tp1/src/Perception.cpp:492:28:[m[K [01;31m[Kerror: [m[Kexpected â€˜[01m[K)[m[Kâ€™ before â€˜[01m[Kf[m[Kâ€™
[2.187s]   492 |         glColor3f[34m[K([m[Kmap[x][y][01;31m[Kf[m[K, 0.0f, 0.0f);
[2.187s]       |                  [34m[K~[m[K         [01;31m[K^[m[K
[2.187s]       |                            [32m[K)[m[K
[2.696s] gmake[2]: *** [CMakeFiles/navigation.dir/build.make:104: CMakeFiles/navigation.dir/src/Perception.cpp.o] Error 1
[2.696s] gmake[1]: *** [CMakeFiles/Makefile2:137: CMakeFiles/navigation.dir/all] Error 2
[2.697s] gmake: *** [Makefile:146: all] Error 2
[2.699s] Invoked command in '/root/ros2_ws/build/tp1' returned '2': CMAKE_PREFIX_PATH=${CMAKE_PREFIX_PATH}:/root/ros2_ws/install/py_pubsub:/root/ros2_ws/src/py_pubsub/install/py_pubsub:/opt/ros/jazzy /usr/bin/cmake --build /root/ros2_ws/build/tp1 -- -j16 -l16
