[0.011s] Invoking command in '/root/ros2_ws/build/tp1': CMAKE_PREFIX_PATH=${CMAKE_PREFIX_PATH}:/opt/ros/jazzy /usr/bin/cmake --build /root/ros2_ws/build/tp1 -- -j16 -l16
[0.124s] [ 20%] [32mBuilding CXX object CMakeFiles/navigation.dir/src/main.cpp.o[0m
[0.124s] [ 40%] [32mBuilding CXX object CMakeFiles/navigation.dir/src/Action.cpp.o[0m
[0.124s] [ 60%] [32mBuilding CXX object CMakeFiles/navigation.dir/src/Perception.cpp.o[0m
[0.440s] [01m[K/root/ros2_ws/src/tp1/src/Action.cpp:[m[K In member function â€˜[01m[Kvoid Action::[01;32m[KavoidObstacles[m[K(std::vector<float>, std::vector<float>)[m[Kâ€™:
[0.440s] [01m[K/root/ros2_ws/src/tp1/src/Action.cpp:14:75:[m[K [01;35m[Kwarning: [m[Kunused parameter â€˜[01m[Ksonars[m[Kâ€™ [[01;35m[K]8;;https://gcc.gnu.org/onlinedocs/gcc/Warning-Options.html#index-Wunused-parameter-Wunused-parameter]8;;[m[K]
[0.440s]    14 | void Action::avoidObstacles(std::vector<float> lasers, [01;35m[Kstd::vector<float> sonars[m[K)
[0.440s]       |                                                        [01;35m[K~~~~~~~~~~~~~~~~~~~^~~~~~[m[K
[0.440s] [01m[K/root/ros2_ws/src/tp1/src/Action.cpp:[m[K In member function â€˜[01m[Kvoid Action::[01;32m[KkeepAsFarthestAsPossibleFromWalls[m[K(std::vector<float>, std::vector<float>)[m[Kâ€™:
[0.440s] [01m[K/root/ros2_ws/src/tp1/src/Action.cpp:49:67:[m[K [01;35m[Kwarning: [m[Kunused parameter â€˜[01m[Klasers[m[Kâ€™ [[01;35m[K]8;;https://gcc.gnu.org/onlinedocs/gcc/Warning-Options.html#index-Wunused-parameter-Wunused-parameter]8;;[m[K]
[0.440s]    49 | void Action::keepAsFarthestAsPossibleFromWalls([01;35m[Kstd::vector<float> lasers[m[K, std::vector<float> sonars)
[0.440s]       |                                                [01;35m[K~~~~~~~~~~~~~~~~~~~^~~~~~[m[K
[0.440s] [01m[K/root/ros2_ws/src/tp1/src/Action.cpp:49:94:[m[K [01;35m[Kwarning: [m[Kunused parameter â€˜[01m[Ksonars[m[Kâ€™ [[01;35m[K]8;;https://gcc.gnu.org/onlinedocs/gcc/Warning-Options.html#index-Wunused-parameter-Wunused-parameter]8;;[m[K]
[0.440s]    49 | void Action::keepAsFarthestAsPossibleFromWalls(std::vector<float> lasers, [01;35m[Kstd::vector<float> sonars[m[K)
[0.440s]       |                                                                           [01;35m[K~~~~~~~~~~~~~~~~~~~^~~~~~[m[K
[0.498s] [01m[K/root/ros2_ws/src/tp1/src/Perception.cpp:127:24:[m[K [01;31m[Kerror: [m[Kâ€˜[01m[Kgeometry_msgs[m[Kâ€™ does not name a type
[0.499s]   127 | void receivePose(const [01;31m[Kgeometry_msgs[m[K::msg::PoseStamped::SharedPtr msg)
[0.499s]       |                        [01;31m[K^~~~~~~~~~~~~[m[K
[0.499s] [01m[K/root/ros2_ws/src/tp1/src/Perception.cpp:127:42:[m[K [01;31m[Kerror: [m[Kexpected unqualified-id before â€˜[01m[K::[m[Kâ€™ token
[0.499s]   127 | void receivePose(const geometry_msgs::msg[01;31m[K::[m[KPoseStamped::SharedPtr msg)
[0.499s]       |                                          [01;31m[K^~[m[K
[0.499s] [01m[K/root/ros2_ws/src/tp1/src/Perception.cpp:127:42:[m[K [01;31m[Kerror: [m[Kexpected â€˜[01m[K)[m[Kâ€™ before â€˜[01m[K::[m[Kâ€™ token
[0.499s]   127 | void receivePose[34m[K([m[Kconst geometry_msgs::msg[01;31m[K:[m[K[32m[K:[m[KPoseStamped::SharedPtr msg)
[0.499s]       |                 [34m[K~[m[K                        [01;31m[K^[m[K[32m[K~[m[K
[0.499s]       |                                          [32m[K)[m[K
[0.500s] [01m[K/root/ros2_ws/src/tp1/src/Perception.cpp:127:42:[m[K [01;31m[Kerror: [m[Kexpected initializer before â€˜[01m[K::[m[Kâ€™ token
[0.500s]   127 | void receivePose(const geometry_msgs::msg[01;31m[K::[m[KPoseStamped::SharedPtr msg)
[0.500s]       |                                          [01;31m[K^~[m[K
[0.500s] [01m[K/root/ros2_ws/src/tp1/src/Perception.cpp:133:20:[m[K [01;31m[Kerror: [m[Kno declaration matches â€˜[01m[Kstd::vector<float, std::allocator<float> > Perception::[01;32m[KgetLatestPose[m[K()[m[Kâ€™
[0.500s]   133 | std::vector<float> [01;31m[KPerception[m[K::getLatestPose()
[0.500s]       |                    [01;31m[K^~~~~~~~~~[m[K
[0.500s] [01m[K/root/ros2_ws/src/tp1/src/Perception.cpp:133:20:[m[K [01;36m[Knote: [m[Kno functions named â€˜[01m[Kstd::vector<float, std::allocator<float> > Perception::[01;32m[KgetLatestPose[m[K()[m[Kâ€™
[0.501s] In file included from [01m[K/root/ros2_ws/src/tp1/src/Perception.cpp:1[m[K:
[0.501s] [01m[K/root/ros2_ws/src/tp1/include/Perception.h:7:7:[m[K [01;36m[Knote: [m[Kâ€˜[01m[Kclass Perception[m[Kâ€™ defined here
[0.501s]     7 | class [01;36m[KPerception[m[K
[0.501s]       |       [01;36m[K^~~~~~~~~~[m[K
[0.501s] [01m[K/root/ros2_ws/src/tp1/src/Perception.cpp:[m[K In member function â€˜[01m[Kstd::vector<float, std::allocator<float> > Perception::[01;32m[KgetLatestSonarRanges[m[K()[m[Kâ€™:
[0.501s] [01m[K/root/ros2_ws/src/tp1/src/Perception.cpp:166:9:[m[K [01;35m[Kwarning: [m[Kunused variable â€˜[01m[Knumbytes[m[Kâ€™ [[01;35m[K]8;;https://gcc.gnu.org/onlinedocs/gcc/Warning-Options.html#index-Wunused-variable-Wunused-variable]8;;[m[K]
[0.501s]   166 |     int [01;35m[Knumbytes[m[K = sonarROS.data.size();
[0.501s]       |         [01;35m[K^~~~~~~~[m[K
[0.501s] [01m[K/root/ros2_ws/src/tp1/src/Perception.cpp:167:9:[m[K [01;35m[Kwarning: [m[Kunused variable â€˜[01m[Knumfields[m[Kâ€™ [[01;35m[K]8;;https://gcc.gnu.org/onlinedocs/gcc/Warning-Options.html#index-Wunused-variable-Wunused-variable]8;;[m[K]
[0.501s]   167 |     int [01;35m[Knumfields[m[K = sonarROS.fields.size();
[0.501s]       |         [01;35m[K^~~~~~~~~[m[K
[0.555s] gmake[2]: *** [CMakeFiles/navigation.dir/build.make:104: CMakeFiles/navigation.dir/src/Perception.cpp.o] Error 1
[0.555s] gmake[2]: *** Waiting for unfinished jobs....
[1.522s] [01m[K/root/ros2_ws/src/tp1/src/main.cpp:[m[K In constructor â€˜[01m[KNavigationNode::[01;32m[KNavigationNode[m[K(Action&, Perception&)[m[Kâ€™:
[1.522s] [01m[K/root/ros2_ws/src/tp1/src/main.cpp:30:5:[m[K [01;31m[Kerror: [m[Kâ€˜[01m[Ksub_pose[m[Kâ€™ was not declared in this scope
[1.522s]    30 |     [01;31m[Ksub_pose[m[K = this->create_subscription<geometry_msgs::msg::PoseStamped>("/pose", 100,
[1.522s]       |     [01;31m[K^~~~~~~~[m[K
[1.522s] [01m[K/root/ros2_ws/src/tp1/src/main.cpp:31:96:[m[K [01;31m[Kerror: [m[Kâ€˜[01m[KreceivePose[m[Kâ€™ is not a member of â€˜[01m[KPerception[m[Kâ€™
[1.522s]    31 |                                                                         std::bind(&Perception::[01;31m[KreceivePose[m[K, &perception, _1));
[1.522s]       |                                                                                                [01;31m[K^~~~~~~~~~~[m[K
[1.523s] [01m[K/root/ros2_ws/src/tp1/src/main.cpp:[m[K In member function â€˜[01m[Kvoid NavigationNode::[01;32m[Ktimer_callback[m[K()[m[Kâ€™:
[1.523s] [01m[K/root/ros2_ws/src/tp1/src/main.cpp:40:43:[m[K [01;31m[Kerror: [m[Kâ€˜[01m[Kclass Perception[m[Kâ€™ has no member named â€˜[01m[KgetLatestPose[m[Kâ€™
[1.523s]    40 |     std::vector<float> pose = perception_.[01;31m[KgetLatestPose[m[K();
[1.523s]       |                                           [01;31m[K^~~~~~~~~~~~~[m[K
[1.523s] [01m[K/root/ros2_ws/src/tp1/src/main.cpp:[m[K In function â€˜[01m[Kvoid*[01;32m[K keyboardThreadFunction[m[K(void*)[m[Kâ€™:
[1.523s] [01m[K/root/ros2_ws/src/tp1/src/main.cpp:86:36:[m[K [01;35m[Kwarning: [m[Kunused parameter â€˜[01m[Karg[m[Kâ€™ [[01;35m[K]8;;https://gcc.gnu.org/onlinedocs/gcc/Warning-Options.html#index-Wunused-parameter-Wunused-parameter]8;;[m[K]
[1.523s]    86 | void *keyboardThreadFunction([01;35m[Kvoid *arg[m[K)
[1.523s]       |                              [01;35m[K~~~~~~^~~[m[K
[1.525s] [01m[K/root/ros2_ws/src/tp1/src/main.cpp:[m[K In function â€˜[01m[Kvoid*[01;32m[K mainThreadFunction[m[K(void*)[m[Kâ€™:
[1.525s] [01m[K/root/ros2_ws/src/tp1/src/main.cpp:100:32:[m[K [01;35m[Kwarning: [m[Kunused parameter â€˜[01m[Karg[m[Kâ€™ [[01;35m[K]8;;https://gcc.gnu.org/onlinedocs/gcc/Warning-Options.html#index-Wunused-parameter-Wunused-parameter]8;;[m[K]
[1.525s]   100 | void *mainThreadFunction([01;35m[Kvoid *arg[m[K)
[1.525s]       |                          [01;35m[K~~~~~~^~~[m[K
[3.097s] gmake[2]: *** [CMakeFiles/navigation.dir/build.make:76: CMakeFiles/navigation.dir/src/main.cpp.o] Error 1
[3.097s] gmake[1]: *** [CMakeFiles/Makefile2:137: CMakeFiles/navigation.dir/all] Error 2
[3.098s] gmake: *** [Makefile:146: all] Error 2
[3.099s] Invoked command in '/root/ros2_ws/build/tp1' returned '2': CMAKE_PREFIX_PATH=${CMAKE_PREFIX_PATH}:/opt/ros/jazzy /usr/bin/cmake --build /root/ros2_ws/build/tp1 -- -j16 -l16
