[0.131s] Invoking command in '/root/ros2_ws/build/tp1': CMAKE_PREFIX_PATH=${CMAKE_PREFIX_PATH}:/root/ros2_ws/install/py_pubsub:/root/ros2_ws/src/py_pubsub/install/py_pubsub:/opt/ros/jazzy /usr/bin/cmake --build /root/ros2_ws/build/tp1 -- -j16 -l16
[0.174s] [ 20%] [32mBuilding CXX object CMakeFiles/navigation.dir/src/main.cpp.o[0m
[1.550s] [01m[K/root/ros2_ws/src/tp1/src/main.cpp:[m[K In member function â€˜[01m[Kvoid NavigationNode::[01;32m[KupdateMap[m[K()[m[Kâ€™:
[1.550s] [01m[K/root/ros2_ws/src/tp1/src/main.cpp:83:9:[m[K [01;31m[Kerror: [m[Kâ€˜[01m[KlatestLaser[m[Kâ€™ was not declared in this scope
[1.550s]    83 |     if ([01;31m[KlatestLaser[m[K.empty() || latestPose.empty()) return;
[1.550s]       |         [01;31m[K^~~~~~~~~~~[m[K
[1.557s] [01m[K/root/ros2_ws/src/tp1/src/main.cpp:83:32:[m[K [01;31m[Kerror: [m[Kâ€˜[01m[KlatestPose[m[Kâ€™ was not declared in this scope
[1.557s]    83 |     if (latestLaser.empty() || [01;31m[KlatestPose[m[K.empty()) return;
[1.557s]       |                                [01;31m[K^~~~~~~~~~[m[K
[1.563s] [01m[K/root/ros2_ws/src/tp1/src/main.cpp:85:15:[m[K [01;31m[Kerror: [m[Kâ€˜[01m[KlatestPose[m[Kâ€™ was not declared in this scope
[1.563s]    85 |     float x = [01;31m[KlatestPose[m[K[0];
[1.563s]       |               [01;31m[K^~~~~~~~~~[m[K
[1.570s] [01m[K/root/ros2_ws/src/tp1/src/main.cpp:90:30:[m[K [01;31m[Kerror: [m[Kâ€˜[01m[KlatestLaser[m[Kâ€™ was not declared in this scope
[1.570s]    90 |     std::cout << "laser " << [01;31m[KlatestLaser[m[K[0] << "  x: " << x << "  y: " << y << "  yaw: " << yaw << std::endl;
[1.570s]       |                              [01;31m[K^~~~~~~~~~~[m[K
[3.285s] gmake[2]: *** [CMakeFiles/navigation.dir/build.make:76: CMakeFiles/navigation.dir/src/main.cpp.o] Error 1
[3.285s] gmake[1]: *** [CMakeFiles/Makefile2:137: CMakeFiles/navigation.dir/all] Error 2
[3.285s] gmake: *** [Makefile:146: all] Error 2
[3.287s] Invoked command in '/root/ros2_ws/build/tp1' returned '2': CMAKE_PREFIX_PATH=${CMAKE_PREFIX_PATH}:/root/ros2_ws/install/py_pubsub:/root/ros2_ws/src/py_pubsub/install/py_pubsub:/opt/ros/jazzy /usr/bin/cmake --build /root/ros2_ws/build/tp1 -- -j16 -l16
