[0.135s] Invoking command in '/root/ros2_ws/build/tp1': CMAKE_PREFIX_PATH=${CMAKE_PREFIX_PATH}:/root/ros2_ws/install/py_pubsub:/root/ros2_ws/src/py_pubsub/install/py_pubsub:/opt/ros/jazzy /usr/bin/cmake --build /root/ros2_ws/build/tp1 -- -j16 -l16
[0.191s] [ 20%] [32mBuilding CXX object CMakeFiles/navigation.dir/src/Perception.cpp.o[0m
[1.955s] [01m[K/root/ros2_ws/src/tp1/src/Perception.cpp:[m[K In member function â€˜[01m[Kstd::vector<float, std::allocator<float> > Perception::[01;32m[KgetLatestSonarRanges[m[K()[m[Kâ€™:
[1.955s] [01m[K/root/ros2_ws/src/tp1/src/Perception.cpp:165:9:[m[K [01;35m[Kwarning: [m[Kunused variable â€˜[01m[Knumbytes[m[Kâ€™ [[01;35m[K]8;;https://gcc.gnu.org/onlinedocs/gcc/Warning-Options.html#index-Wunused-variable-Wunused-variable]8;;[m[K]
[1.955s]   165 |     int [01;35m[Knumbytes[m[K = sonarROS.data.size();
[1.955s]       |         [01;35m[K^~~~~~~~[m[K
[1.955s] [01m[K/root/ros2_ws/src/tp1/src/Perception.cpp:166:9:[m[K [01;35m[Kwarning: [m[Kunused variable â€˜[01m[Knumfields[m[Kâ€™ [[01;35m[K]8;;https://gcc.gnu.org/onlinedocs/gcc/Warning-Options.html#index-Wunused-variable-Wunused-variable]8;;[m[K]
[1.955s]   166 |     int [01;35m[Knumfields[m[K = sonarROS.fields.size();
[1.955s]       |         [01;35m[K^~~~~~~~~[m[K
[1.956s] [01m[K/root/ros2_ws/src/tp1/src/Perception.cpp:[m[K In static member function â€˜[01m[Kstatic void Perception::[01;32m[KupdateMap[m[K()[m[Kâ€™:
[1.956s] [01m[K/root/ros2_ws/src/tp1/src/Perception.cpp:206:65:[m[K [01;31m[Kerror: [m[Kcannot call member function â€˜[01m[Kstd::vector<float, std::allocator<float> > Perception::[01;32m[KgetLatestLaserRanges[m[K()[m[Kâ€™ without object
[1.956s]   206 |     std::vector<float> lasers = [01;31m[KPerception::getLatestLaserRanges()[m[K;
[1.956s]       |                                 [01;31m[K~~~~~~~~~~~~~~~~~~~~~~~~~~~~~~~~^~[m[K
[1.956s] [01m[K/root/ros2_ws/src/tp1/src/Perception.cpp:207:56:[m[K [01;31m[Kerror: [m[Kcannot call member function â€˜[01m[Kstd::vector<float, std::allocator<float> > Perception::[01;32m[KgetLatestPose[m[K()[m[Kâ€™ without object
[1.956s]   207 |     std::vector<float> pose = [01;31m[KPerception::getLatestPose()[m[K;
[1.956s]       |                               [01;31m[K~~~~~~~~~~~~~~~~~~~~~~~~~^~[m[K
[1.957s] [01m[K/root/ros2_ws/src/tp1/src/Perception.cpp:221:21:[m[K [01;31m[Kerror: [m[Kinvalid use of member â€˜[01m[KPerception::laserROS[m[Kâ€™ in static member function
[1.957s]   221 |       float angle = [01;31m[KlaserROS[m[K.angle_min + i * laserROS.angle_increment + yaw;
[1.957s]       |                     [01;31m[K^~~~~~~~[m[K
[1.957s] In file included from [01m[K/root/ros2_ws/src/tp1/src/Perception.cpp:1[m[K:
[1.957s] [01m[K/root/ros2_ws/src/tp1/include/Perception.h:26:33:[m[K [01;36m[Knote: [m[Kdeclared here
[1.957s]    26 |     sensor_msgs::msg::LaserScan [01;36m[KlaserROS[m[K;
[1.957s]       |                                 [01;36m[K^~~~~~~~[m[K
[1.957s] [01m[K/root/ros2_ws/src/tp1/src/Perception.cpp:221:46:[m[K [01;31m[Kerror: [m[Kinvalid use of member â€˜[01m[KPerception::laserROS[m[Kâ€™ in static member function
[1.957s]   221 |       float angle = laserROS.angle_min + i * [01;31m[KlaserROS[m[K.angle_increment + yaw;
[1.957s]       |                                              [01;31m[K^~~~~~~~[m[K
[1.957s] [01m[K/root/ros2_ws/src/tp1/include/Perception.h:26:33:[m[K [01;36m[Knote: [m[Kdeclared here
[1.957s]    26 |     sensor_msgs::msg::LaserScan [01;36m[KlaserROS[m[K;
[1.957s]       |                                 [01;36m[K^~~~~~~~[m[K
[2.306s] gmake[2]: *** [CMakeFiles/navigation.dir/build.make:104: CMakeFiles/navigation.dir/src/Perception.cpp.o] Error 1
[2.307s] gmake[1]: *** [CMakeFiles/Makefile2:137: CMakeFiles/navigation.dir/all] Error 2
[2.307s] gmake: *** [Makefile:146: all] Error 2
[2.308s] Invoked command in '/root/ros2_ws/build/tp1' returned '2': CMAKE_PREFIX_PATH=${CMAKE_PREFIX_PATH}:/root/ros2_ws/install/py_pubsub:/root/ros2_ws/src/py_pubsub/install/py_pubsub:/opt/ros/jazzy /usr/bin/cmake --build /root/ros2_ws/build/tp1 -- -j16 -l16
