[0.135s] Invoking command in '/root/ros2_ws/build/tp1': CMAKE_PREFIX_PATH=${CMAKE_PREFIX_PATH}:/root/ros2_ws/install/py_pubsub:/root/ros2_ws/src/py_pubsub/install/py_pubsub:/opt/ros/jazzy /usr/bin/cmake --build /root/ros2_ws/build/tp1 -- -j16 -l16
[0.184s] [ 20%] [32mBuilding CXX object CMakeFiles/navigation.dir/src/Perception.cpp.o[0m
[1.567s] [01m[K/root/ros2_ws/src/tp1/src/Perception.cpp:[m[K In member function â€˜[01m[Kvoid Perception::[01;32m[KupdateMap[m[K(float, float)[m[Kâ€™:
[1.567s] [01m[K/root/ros2_ws/src/tp1/src/Perception.cpp:329:80:[m[K [01;31m[Kerror: [m[Kexpected â€˜[01m[K,[m[Kâ€™ or â€˜[01m[K;[m[Kâ€™ before â€˜[01m[K)[m[Kâ€™ token
[1.567s]   329 |         int w_robot = int(float(cy) + (rotated_offset_map_y)/float(RESOLUTION))[01;31m[K)[m[K;
[1.567s]       |                                                                                [01;31m[K^[m[K
[1.567s] [01m[K/root/ros2_ws/src/tp1/src/Perception.cpp:330:80:[m[K [01;31m[Kerror: [m[Kexpected â€˜[01m[K,[m[Kâ€™ or â€˜[01m[K;[m[Kâ€™ before â€˜[01m[K)[m[Kâ€™ token
[1.567s]   330 |         int l_robot = int(float(cx) + (rotated_offset_map_x)/float(RESOLUTION))[01;31m[K)[m[K;
[1.567s]       |                                                                                [01;31m[K^[m[K
[1.567s] [01m[K/root/ros2_ws/src/tp1/src/Perception.cpp:323:11:[m[K [01;35m[Kwarning: [m[Kunused variable â€˜[01m[Ksize_w_robot[m[Kâ€™ [[01;35m[K]8;;https://gcc.gnu.org/onlinedocs/gcc/Warning-Options.html#index-Wunused-variable-Wunused-variable]8;;[m[K]
[1.567s]   323 |     float [01;35m[Ksize_w_robot[m[K = -0.225;
[1.567s]       |           [01;35m[K^~~~~~~~~~~~[m[K
[1.567s] [01m[K/root/ros2_ws/src/tp1/src/Perception.cpp:230:34:[m[K [01;35m[Kwarning: [m[Kunused parameter â€˜[01m[Kvel[m[Kâ€™ [[01;35m[K]8;;https://gcc.gnu.org/onlinedocs/gcc/Warning-Options.html#index-Wunused-parameter-Wunused-parameter]8;;[m[K]
[1.567s]   230 | void Perception::updateMap([01;35m[Kfloat vel[m[K,float angVel)
[1.567s]       |                            [01;35m[K~~~~~~^~~[m[K
[1.567s] [01m[K/root/ros2_ws/src/tp1/src/Perception.cpp:230:44:[m[K [01;35m[Kwarning: [m[Kunused parameter â€˜[01m[KangVel[m[Kâ€™ [[01;35m[K]8;;https://gcc.gnu.org/onlinedocs/gcc/Warning-Options.html#index-Wunused-parameter-Wunused-parameter]8;;[m[K]
[1.567s]   230 | void Perception::updateMap(float vel,[01;35m[Kfloat angVel[m[K)
[1.567s]       |                                      [01;35m[K~~~~~~^~~~~~[m[K
[1.945s] gmake[2]: *** [CMakeFiles/navigation.dir/build.make:104: CMakeFiles/navigation.dir/src/Perception.cpp.o] Error 1
[1.945s] gmake[1]: *** [CMakeFiles/Makefile2:137: CMakeFiles/navigation.dir/all] Error 2
[1.945s] gmake: *** [Makefile:146: all] Error 2
[1.947s] Invoked command in '/root/ros2_ws/build/tp1' returned '2': CMAKE_PREFIX_PATH=${CMAKE_PREFIX_PATH}:/root/ros2_ws/install/py_pubsub:/root/ros2_ws/src/py_pubsub/install/py_pubsub:/opt/ros/jazzy /usr/bin/cmake --build /root/ros2_ws/build/tp1 -- -j16 -l16
