[0.010s] Invoking command in '/root/ros2_ws/build/tp1': CMAKE_PREFIX_PATH=${CMAKE_PREFIX_PATH}:/opt/ros/jazzy /usr/bin/cmake --build /root/ros2_ws/build/tp1 -- -j16 -l16
[0.089s] [ 20%] [32mBuilding CXX object CMakeFiles/navigation.dir/src/Action.cpp.o[0m
[0.417s] [01m[K/root/ros2_ws/src/tp1/src/Action.cpp:[m[K In member function â€˜[01m[Kvoid Action::[01;32m[KavoidObstacles[m[K(std::vector<float>, std::vector<float>)[m[Kâ€™:
[0.417s] [01m[K/root/ros2_ws/src/tp1/src/Action.cpp:32:21:[m[K [01;31m[Kerror: [m[Kâ€˜[01m[Kdesired_distance[m[Kâ€™ was not declared in this scope; did you mean â€˜[01m[Kmin_distance[m[Kâ€™?
[0.418s]    32 |     if (frontDist < [01;31m[Kdesired_distance[m[K) {
[0.418s]       |                     [01;31m[K^~~~~~~~~~~~~~~~[m[K
[0.418s]       |                     [32m[Kmin_distance[m[K
[0.418s] [01m[K/root/ros2_ws/src/tp1/src/Action.cpp:20:11:[m[K [01;35m[Kwarning: [m[Kunused variable â€˜[01m[Kideal_distance[m[Kâ€™ [[01;35m[K]8;;https://gcc.gnu.org/onlinedocs/gcc/Warning-Options.html#index-Wunused-variable-Wunused-variable]8;;[m[K]
[0.418s]    20 |     float [01;35m[Kideal_distance[m[K = 0.8;
[0.418s]       |           [01;35m[K^~~~~~~~~~~~~~[m[K
[0.419s] [01m[K/root/ros2_ws/src/tp1/src/Action.cpp:30:11:[m[K [01;35m[Kwarning: [m[Kunused variable â€˜[01m[KfrontRightDist[m[Kâ€™ [[01;35m[K]8;;https://gcc.gnu.org/onlinedocs/gcc/Warning-Options.html#index-Wunused-variable-Wunused-variable]8;;[m[K]
[0.419s]    30 |     float [01;35m[KfrontRightDist[m[K = lasers[front_right];
[0.419s]       |           [01;35m[K^~~~~~~~~~~~~~[m[K
[0.419s] [01m[K/root/ros2_ws/src/tp1/src/Action.cpp:14:75:[m[K [01;35m[Kwarning: [m[Kunused parameter â€˜[01m[Ksonars[m[Kâ€™ [[01;35m[K]8;;https://gcc.gnu.org/onlinedocs/gcc/Warning-Options.html#index-Wunused-parameter-Wunused-parameter]8;;[m[K]
[0.419s]    14 | void Action::avoidObstacles(std::vector<float> lasers, [01;35m[Kstd::vector<float> sonars[m[K)
[0.419s]       |                                                        [01;35m[K~~~~~~~~~~~~~~~~~~~^~~~~~[m[K
[0.419s] [01m[K/root/ros2_ws/src/tp1/src/Action.cpp:[m[K In member function â€˜[01m[Kvoid Action::[01;32m[KkeepAsFarthestAsPossibleFromWalls[m[K(std::vector<float>, std::vector<float>)[m[Kâ€™:
[0.419s] [01m[K/root/ros2_ws/src/tp1/src/Action.cpp:50:67:[m[K [01;35m[Kwarning: [m[Kunused parameter â€˜[01m[Klasers[m[Kâ€™ [[01;35m[K]8;;https://gcc.gnu.org/onlinedocs/gcc/Warning-Options.html#index-Wunused-parameter-Wunused-parameter]8;;[m[K]
[0.419s]    50 | void Action::keepAsFarthestAsPossibleFromWalls([01;35m[Kstd::vector<float> lasers[m[K, std::vector<float> sonars)
[0.419s]       |                                                [01;35m[K~~~~~~~~~~~~~~~~~~~^~~~~~[m[K
[0.419s] [01m[K/root/ros2_ws/src/tp1/src/Action.cpp:50:94:[m[K [01;35m[Kwarning: [m[Kunused parameter â€˜[01m[Ksonars[m[Kâ€™ [[01;35m[K]8;;https://gcc.gnu.org/onlinedocs/gcc/Warning-Options.html#index-Wunused-parameter-Wunused-parameter]8;;[m[K]
[0.419s]    50 | void Action::keepAsFarthestAsPossibleFromWalls(std::vector<float> lasers, [01;35m[Kstd::vector<float> sonars[m[K)
[0.419s]       |                                                                           [01;35m[K~~~~~~~~~~~~~~~~~~~^~~~~~[m[K
[0.455s] gmake[2]: *** [CMakeFiles/navigation.dir/build.make:90: CMakeFiles/navigation.dir/src/Action.cpp.o] Error 1
[0.455s] gmake[1]: *** [CMakeFiles/Makefile2:137: CMakeFiles/navigation.dir/all] Error 2
[0.455s] gmake: *** [Makefile:146: all] Error 2
[0.456s] Invoked command in '/root/ros2_ws/build/tp1' returned '2': CMAKE_PREFIX_PATH=${CMAKE_PREFIX_PATH}:/opt/ros/jazzy /usr/bin/cmake --build /root/ros2_ws/build/tp1 -- -j16 -l16
