[0.134s] Invoking command in '/root/ros2_ws/build/tp1': CMAKE_PREFIX_PATH=${CMAKE_PREFIX_PATH}:/root/ros2_ws/install/py_pubsub:/root/ros2_ws/src/py_pubsub/install/py_pubsub:/opt/ros/jazzy /usr/bin/cmake --build /root/ros2_ws/build/tp1 -- -j16 -l16
[0.184s] [ 20%] [32mBuilding CXX object CMakeFiles/navigation.dir/src/Perception.cpp.o[0m
[1.591s] [01m[K/root/ros2_ws/src/tp1/src/Perception.cpp:[m[K In member function â€˜[01m[Kvoid Perception::[01;32m[KupdateMap[m[K(std::vector<float, std::allocator<float> >&, std::vector<float, std::allocator<float> >&)[m[Kâ€™:
[1.591s] [01m[K/root/ros2_ws/src/tp1/src/Perception.cpp:244:33:[m[K [01;31m[Kerror: [m[Kâ€˜[01m[Kusing std_msgs::msg::Header_<std::allocator<void> >::_stamp_type = struct builtin_interfaces::msg::Time_<std::allocator<void> >[m[Kâ€™ {aka â€˜[01m[Kstruct builtin_interfaces::msg::Time_<std::allocator<void> >[m[Kâ€™} has no member named â€˜[01m[Knsec[m[Kâ€™; did you mean â€˜[01m[Ksec[m[Kâ€™?
[1.591s]   244 |     aux = laserROS.header.stamp.[01;31m[Knsec[m[K;
[1.591s]       |                                 [01;31m[K^~~~[m[K
[1.591s]       |                                 [32m[Ksec[m[K
[1.591s] [01m[K/root/ros2_ws/src/tp1/src/Perception.cpp:221:48:[m[K [01;35m[Kwarning: [m[Kunused parameter â€˜[01m[Klasers[m[Kâ€™ [[01;35m[K]8;;https://gcc.gnu.org/onlinedocs/gcc/Warning-Options.html#index-Wunused-parameter-Wunused-parameter]8;;[m[K]
[1.591s]   221 | void Perception::updateMap([01;35m[Kstd::vector<float> &lasers[m[K,std::vector<float> &pose)
[1.591s]       |                            [01;35m[K~~~~~~~~~~~~~~~~~~~~^~~~~~[m[K
[1.591s] [01m[K/root/ros2_ws/src/tp1/src/Perception.cpp:221:75:[m[K [01;35m[Kwarning: [m[Kunused parameter â€˜[01m[Kpose[m[Kâ€™ [[01;35m[K]8;;https://gcc.gnu.org/onlinedocs/gcc/Warning-Options.html#index-Wunused-parameter-Wunused-parameter]8;;[m[K]
[1.591s]   221 | void Perception::updateMap(std::vector<float> &lasers,[01;35m[Kstd::vector<float> &pose[m[K)
[1.591s]       |                                                       [01;35m[K~~~~~~~~~~~~~~~~~~~~^~~~[m[K
[1.970s] gmake[2]: *** [CMakeFiles/navigation.dir/build.make:104: CMakeFiles/navigation.dir/src/Perception.cpp.o] Error 1
[1.970s] gmake[1]: *** [CMakeFiles/Makefile2:137: CMakeFiles/navigation.dir/all] Error 2
[1.970s] gmake: *** [Makefile:146: all] Error 2
[1.972s] Invoked command in '/root/ros2_ws/build/tp1' returned '2': CMAKE_PREFIX_PATH=${CMAKE_PREFIX_PATH}:/root/ros2_ws/install/py_pubsub:/root/ros2_ws/src/py_pubsub/install/py_pubsub:/opt/ros/jazzy /usr/bin/cmake --build /root/ros2_ws/build/tp1 -- -j16 -l16
