[0.130s] Invoking command in '/root/ros2_ws/build/tp1': CMAKE_PREFIX_PATH=${CMAKE_PREFIX_PATH}:/root/ros2_ws/install/py_pubsub:/root/ros2_ws/src/py_pubsub/install/py_pubsub:/opt/ros/jazzy /usr/bin/cmake --build /root/ros2_ws/build/tp1 -- -j16 -l16
[0.179s] [ 20%] [32mBuilding CXX object CMakeFiles/navigation.dir/src/main.cpp.o[0m
[0.180s] [ 40%] [32mBuilding CXX object CMakeFiles/navigation.dir/src/Perception.cpp.o[0m
[1.518s] [01m[K/root/ros2_ws/src/tp1/src/Perception.cpp:[m[K In member function â€˜[01m[Kstd::vector<float, std::allocator<float> > Perception::[01;32m[KgetLatestSonarRanges[m[K()[m[Kâ€™:
[1.518s] [01m[K/root/ros2_ws/src/tp1/src/Perception.cpp:165:9:[m[K [01;35m[Kwarning: [m[Kunused variable â€˜[01m[Knumbytes[m[Kâ€™ [[01;35m[K]8;;https://gcc.gnu.org/onlinedocs/gcc/Warning-Options.html#index-Wunused-variable-Wunused-variable]8;;[m[K]
[1.518s]   165 |     int [01;35m[Knumbytes[m[K = sonarROS.data.size();
[1.518s]       |         [01;35m[K^~~~~~~~[m[K
[1.519s] [01m[K/root/ros2_ws/src/tp1/src/Perception.cpp:166:9:[m[K [01;35m[Kwarning: [m[Kunused variable â€˜[01m[Knumfields[m[Kâ€™ [[01;35m[K]8;;https://gcc.gnu.org/onlinedocs/gcc/Warning-Options.html#index-Wunused-variable-Wunused-variable]8;;[m[K]
[1.519s]   166 |     int [01;35m[Knumfields[m[K = sonarROS.fields.size();
[1.519s]       |         [01;35m[K^~~~~~~~~[m[K
[1.525s] [01m[K/root/ros2_ws/src/tp1/src/Perception.cpp:[m[K In member function â€˜[01m[Kvoid Perception::[01;32m[KupdateMap[m[K()[m[Kâ€™:
[1.525s] [01m[K/root/ros2_ws/src/tp1/src/Perception.cpp:206:9:[m[K [01;31m[Kerror: [m[Kâ€˜[01m[Klasers[m[Kâ€™ was not declared in this scope; did you mean â€˜[01m[KlaserROS[m[Kâ€™?
[1.525s]   206 |     if ([01;31m[Klasers[m[K.empty() || lasers.empty()) return;
[1.525s]       |         [01;31m[K^~~~~~[m[K
[1.525s]       |         [32m[KlaserROS[m[K
[1.529s] [01m[K/root/ros2_ws/src/tp1/src/Perception.cpp:208:15:[m[K [01;31m[Kerror: [m[Kâ€˜[01m[Kpose[m[Kâ€™ was not declared in this scope
[1.530s]   208 |     float x = [01;31m[Kpose[m[K[0];
[1.530s]       |               [01;31m[K^~~~[m[K
[1.535s] [01m[K/root/ros2_ws/src/tp1/src/Perception.cpp:213:30:[m[K [01;31m[Kerror: [m[Kâ€˜[01m[Klasers[m[Kâ€™ was not declared in this scope; did you mean â€˜[01m[KlaserROS[m[Kâ€™?
[1.535s]   213 |     std::cout << "laser " << [01;31m[Klasers[m[K[0] << "  x: " << x << "  y: " << y << "  yaw: " << yaw << std::endl;
[1.535s]       |                              [01;31m[K^~~~~~[m[K
[1.535s]       |                              [32m[KlaserROS[m[K
[1.536s] [01m[K/root/ros2_ws/src/tp1/src/Perception.cpp:[m[K In member function â€˜[01m[Kvoid Perception::[01;32m[KdisplayLoop[m[K()[m[Kâ€™:
[1.536s] [01m[K/root/ros2_ws/src/tp1/src/Perception.cpp:265:19:[m[K [01;31m[Kerror: [m[Kinvalid use of non-static member function â€˜[01m[Kvoid Perception::[01;32m[KdrawMap[m[K()[m[Kâ€™
[1.536s]   265 |   glutDisplayFunc([01;31m[KdrawMap[m[K);
[1.536s]       |                   [01;31m[K^~~~~~~[m[K
[1.536s] [01m[K/root/ros2_ws/src/tp1/src/Perception.cpp:230:6:[m[K [01;36m[Knote: [m[Kdeclared here
[1.536s]   230 | void [01;36m[KPerception[m[K::drawMap()
[1.536s]       |      [01;36m[K^~~~~~~~~~[m[K
[1.536s] [01m[K/root/ros2_ws/src/tp1/src/Perception.cpp:266:16:[m[K [01;31m[Kerror: [m[Kinvalid use of non-static member function â€˜[01m[Kvoid Perception::[01;32m[KdrawMap[m[K()[m[Kâ€™
[1.536s]   266 |   glutIdleFunc([01;31m[KdrawMap[m[K);
[1.536s]       |                [01;31m[K^~~~~~~[m[K
[1.536s] [01m[K/root/ros2_ws/src/tp1/src/Perception.cpp:230:6:[m[K [01;36m[Knote: [m[Kdeclared here
[1.536s]   230 | void [01;36m[KPerception[m[K::drawMap()
[1.536s]       |      [01;36m[K^~~~~~~~~~[m[K
[1.580s] [01m[K/root/ros2_ws/src/tp1/src/main.cpp:[m[K In function â€˜[01m[Kint[01;32m[K main[m[K(int, char**)[m[Kâ€™:
[1.580s] [01m[K/root/ros2_ws/src/tp1/src/main.cpp:161:55:[m[K [01;31m[Kerror: [m[Kâ€˜[01m[KdisplayLoop[m[Kâ€™ was not declared in this scope
[1.581s]   161 |   pthread_create(&oglThread, NULL, (void *(*)(void *))[01;31m[KdisplayLoop[m[K, NULL);
[1.581s]       |                                                       [01;31m[K^~~~~~~~~~~[m[K
[1.911s] gmake[2]: *** [CMakeFiles/navigation.dir/build.make:104: CMakeFiles/navigation.dir/src/Perception.cpp.o] Error 1
[1.911s] gmake[2]: *** Waiting for unfinished jobs....
[3.231s] gmake[2]: *** [CMakeFiles/navigation.dir/build.make:76: CMakeFiles/navigation.dir/src/main.cpp.o] Error 1
[3.232s] gmake[1]: *** [CMakeFiles/Makefile2:137: CMakeFiles/navigation.dir/all] Error 2
[3.232s] gmake: *** [Makefile:146: all] Error 2
[3.233s] Invoked command in '/root/ros2_ws/build/tp1' returned '2': CMAKE_PREFIX_PATH=${CMAKE_PREFIX_PATH}:/root/ros2_ws/install/py_pubsub:/root/ros2_ws/src/py_pubsub/install/py_pubsub:/opt/ros/jazzy /usr/bin/cmake --build /root/ros2_ws/build/tp1 -- -j16 -l16
