[ 20%] [32mBuilding CXX object CMakeFiles/navigation.dir/src/main.cpp.o[0m
[ 40%] [32mBuilding CXX object CMakeFiles/navigation.dir/src/Perception.cpp.o[0m
[01m[K/root/ros2_ws/src/tp1/src/Perception.cpp:653:6:[m[K [01;31m[Kerror: [m[Kno declaration matches â€˜[01m[Kvoid Perception::[01;32m[KdisplayLoop2[m[K()[m[Kâ€™
  653 | void [01;31m[KPerception[m[K::displayLoop2()
      |      [01;31m[K^~~~~~~~~~[m[K
[01m[K/root/ros2_ws/src/tp1/src/Perception.cpp:653:6:[m[K [01;36m[Knote: [m[Kno functions named â€˜[01m[Kvoid Perception::[01;32m[KdisplayLoop2[m[K()[m[Kâ€™
In file included from [01m[K/root/ros2_ws/src/tp1/src/Perception.cpp:1[m[K:
[01m[K/root/ros2_ws/src/tp1/include/Perception.h:14:7:[m[K [01;36m[Knote: [m[Kâ€˜[01m[Kclass Perception[m[Kâ€™ defined here
   14 | class [01;36m[KPerception[m[K
      |       [01;36m[K^~~~~~~~~~[m[K
[01m[K/root/ros2_ws/src/tp1/src/main.cpp:[m[K In member function â€˜[01m[Kvoid NavigationNode::[01;32m[Ktimer_callback[m[K()[m[Kâ€™:
[01m[K/root/ros2_ws/src/tp1/src/main.cpp:101:19:[m[K [01;35m[Kwarning: [m[Kvariable â€˜[01m[Kmc[m[Kâ€™ set but not used [[01;35m[K]8;;https://gcc.gnu.org/onlinedocs/gcc/Warning-Options.html#index-Wunused-but-set-variable-Wunused-but-set-variable]8;;[m[K]
  101 |     MotionControl [01;35m[Kmc[m[K = action_.handlePressedKey(ch);
      |                   [01;35m[K^~[m[K
gmake[2]: *** [CMakeFiles/navigation.dir/build.make:104: CMakeFiles/navigation.dir/src/Perception.cpp.o] Error 1
gmake[2]: *** Waiting for unfinished jobs....
gmake[1]: *** [CMakeFiles/Makefile2:137: CMakeFiles/navigation.dir/all] Error 2
gmake: *** [Makefile:146: all] Error 2
