[0.157s] Invoking command in '/root/ros2_ws/build/tp1': CMAKE_PREFIX_PATH=${CMAKE_PREFIX_PATH}:/root/ros2_ws/install/py_pubsub:/root/ros2_ws/src/py_pubsub/install/py_pubsub:/opt/ros/jazzy /usr/bin/cmake --build /root/ros2_ws/build/tp1 -- -j16 -l16
[0.280s] [ 20%] [32mBuilding CXX object CMakeFiles/navigation.dir/src/main.cpp.o[0m
[0.280s] [ 40%] [32mBuilding CXX object CMakeFiles/navigation.dir/src/Perception.cpp.o[0m
[2.354s] [01m[K/root/ros2_ws/src/tp1/src/Perception.cpp:653:6:[m[K [01;31m[Kerror: [m[Kno declaration matches â€˜[01m[Kvoid Perception::[01;32m[KdisplayLoop2[m[K()[m[Kâ€™
[2.354s]   653 | void [01;31m[KPerception[m[K::displayLoop2()
[2.354s]       |      [01;31m[K^~~~~~~~~~[m[K
[2.354s] [01m[K/root/ros2_ws/src/tp1/src/Perception.cpp:653:6:[m[K [01;36m[Knote: [m[Kno functions named â€˜[01m[Kvoid Perception::[01;32m[KdisplayLoop2[m[K()[m[Kâ€™
[2.354s] In file included from [01m[K/root/ros2_ws/src/tp1/src/Perception.cpp:1[m[K:
[2.354s] [01m[K/root/ros2_ws/src/tp1/include/Perception.h:14:7:[m[K [01;36m[Knote: [m[Kâ€˜[01m[Kclass Perception[m[Kâ€™ defined here
[2.354s]    14 | class [01;36m[KPerception[m[K
[2.355s]       |       [01;36m[K^~~~~~~~~~[m[K
[2.410s] [01m[K/root/ros2_ws/src/tp1/src/main.cpp:[m[K In member function â€˜[01m[Kvoid NavigationNode::[01;32m[Ktimer_callback[m[K()[m[Kâ€™:
[2.410s] [01m[K/root/ros2_ws/src/tp1/src/main.cpp:101:19:[m[K [01;35m[Kwarning: [m[Kvariable â€˜[01m[Kmc[m[Kâ€™ set but not used [[01;35m[K]8;;https://gcc.gnu.org/onlinedocs/gcc/Warning-Options.html#index-Wunused-but-set-variable-Wunused-but-set-variable]8;;[m[K]
[2.410s]   101 |     MotionControl [01;35m[Kmc[m[K = action_.handlePressedKey(ch);
[2.410s]       |                   [01;35m[K^~[m[K
[2.830s] gmake[2]: *** [CMakeFiles/navigation.dir/build.make:104: CMakeFiles/navigation.dir/src/Perception.cpp.o] Error 1
[2.830s] gmake[2]: *** Waiting for unfinished jobs....
[9.002s] gmake[1]: *** [CMakeFiles/Makefile2:137: CMakeFiles/navigation.dir/all] Error 2
[9.002s] gmake: *** [Makefile:146: all] Error 2
[9.004s] Invoked command in '/root/ros2_ws/build/tp1' returned '2': CMAKE_PREFIX_PATH=${CMAKE_PREFIX_PATH}:/root/ros2_ws/install/py_pubsub:/root/ros2_ws/src/py_pubsub/install/py_pubsub:/opt/ros/jazzy /usr/bin/cmake --build /root/ros2_ws/build/tp1 -- -j16 -l16
