[0.127s] Invoking command in '/root/ros2_ws/build/tp1': CMAKE_PREFIX_PATH=${CMAKE_PREFIX_PATH}:/root/ros2_ws/install/py_pubsub:/root/ros2_ws/src/py_pubsub/install/py_pubsub:/opt/ros/jazzy /usr/bin/cmake --build /root/ros2_ws/build/tp1 -- -j16 -l16
[0.176s] [ 20%] [32mBuilding CXX object CMakeFiles/navigation.dir/src/main.cpp.o[0m
[0.176s] [ 40%] [32mBuilding CXX object CMakeFiles/navigation.dir/src/Perception.cpp.o[0m
[1.586s] [01m[K/root/ros2_ws/src/tp1/src/Perception.cpp:204:6:[m[K [01;31m[Kerror: [m[Kno declaration matches â€˜[01m[Kvoid Perception::[01;32m[KupdateMap[m[K(std::vector<float, std::allocator<float> >, std::vector<float, std::allocator<float> >)[m[Kâ€™
[1.587s]   204 | void [01;31m[KPerception[m[K::updateMap(std::vector<float> lasers,std::vector<float> pose)
[1.587s]       |      [01;31m[K^~~~~~~~~~[m[K
[1.587s] In file included from [01m[K/root/ros2_ws/src/tp1/src/Perception.cpp:1[m[K:
[1.587s] [01m[K/root/ros2_ws/src/tp1/include/Perception.h:21:10:[m[K [01;36m[Knote: [m[Kcandidate is: â€˜[01m[Kvoid Perception::[01;32m[KupdateMap[m[K()[m[Kâ€™
[1.587s]    21 |     void [01;36m[KupdateMap[m[K();
[1.587s]       |          [01;36m[K^~~~~~~~~[m[K
[1.587s] [01m[K/root/ros2_ws/src/tp1/include/Perception.h:9:7:[m[K [01;36m[Knote: [m[Kâ€˜[01m[Kclass Perception[m[Kâ€™ defined here
[1.587s]     9 | class [01;36m[KPerception[m[K
[1.587s]       |       [01;36m[K^~~~~~~~~~[m[K
[1.610s] [01m[K/root/ros2_ws/src/tp1/src/main.cpp:[m[K In member function â€˜[01m[Kvoid NavigationNode::[01;32m[Ktimer_callback[m[K()[m[Kâ€™:
[1.610s] [01m[K/root/ros2_ws/src/tp1/src/main.cpp:96:46:[m[K [01;31m[Kerror: [m[Kexpected primary-expression before â€˜[01m[Klasers[m[Kâ€™
[1.610s]    96 |     perception_.updateMap(std::vector<float> [01;31m[Klasers[m[K,std::vector<float> pose);
[1.611s]       |                                              [01;31m[K^~~~~~[m[K
[1.611s] [01m[K/root/ros2_ws/src/tp1/src/main.cpp:96:72:[m[K [01;31m[Kerror: [m[Kexpected primary-expression before â€˜[01m[Kpose[m[Kâ€™
[1.611s]    96 |     perception_.updateMap(std::vector<float> lasers,std::vector<float> [01;31m[Kpose[m[K);
[1.611s]       |                                                                        [01;31m[K^~~~[m[K
[1.973s] gmake[2]: *** [CMakeFiles/navigation.dir/build.make:104: CMakeFiles/navigation.dir/src/Perception.cpp.o] Error 1
[1.973s] gmake[2]: *** Waiting for unfinished jobs....
[3.370s] gmake[2]: *** [CMakeFiles/navigation.dir/build.make:76: CMakeFiles/navigation.dir/src/main.cpp.o] Error 1
[3.370s] gmake[1]: *** [CMakeFiles/Makefile2:137: CMakeFiles/navigation.dir/all] Error 2
[3.370s] gmake: *** [Makefile:146: all] Error 2
[3.373s] Invoked command in '/root/ros2_ws/build/tp1' returned '2': CMAKE_PREFIX_PATH=${CMAKE_PREFIX_PATH}:/root/ros2_ws/install/py_pubsub:/root/ros2_ws/src/py_pubsub/install/py_pubsub:/opt/ros/jazzy /usr/bin/cmake --build /root/ros2_ws/build/tp1 -- -j16 -l16
