[ 20%] [32mBuilding CXX object CMakeFiles/navigation.dir/src/Perception.cpp.o[0m
[01m[K/root/ros2_ws/src/tp1/src/Perception.cpp:[m[K In member function â€˜[01m[Kvoid Perception::[01;32m[KupdateMap[m[K(float, float)[m[Kâ€™:
[01m[K/root/ros2_ws/src/tp1/src/Perception.cpp:291:75:[m[K [01;31m[Kerror: [m[Kâ€˜[01m[Krobot_yaw[m[Kâ€™ was not declared in this scope; did you mean â€˜[01m[Krobot_y[m[Kâ€™?
  291 |         float angle = laserROS.angle_min + i * laserROS.angle_increment + [01;31m[Krobot_yaw[m[K;
      |                                                                           [01;31m[K^~~~~~~~~[m[K
      |                                                                           [32m[Krobot_y[m[K
gmake[2]: *** [CMakeFiles/navigation.dir/build.make:104: CMakeFiles/navigation.dir/src/Perception.cpp.o] Error 1
gmake[1]: *** [CMakeFiles/Makefile2:137: CMakeFiles/navigation.dir/all] Error 2
gmake: *** [Makefile:146: all] Error 2
