[0.010s] Invoking command in '/root/ros2_ws/build/tp1': CMAKE_PREFIX_PATH=${CMAKE_PREFIX_PATH}:/opt/ros/jazzy /usr/bin/cmake --build /root/ros2_ws/build/tp1 -- -j16 -l16
[0.088s] [ 20%] [32mBuilding CXX object CMakeFiles/navigation.dir/src/main.cpp.o[0m
[0.484s] [01m[K/root/ros2_ws/src/tp1/src/main.cpp:40:75:[m[K [01;35m[Kwarning: [m[Kmissing terminating ' character
[0.484s]    40 |       std::cout << "distance: " << lasers[i] << " graus" << i << std::endl[01;35m[K'[m[K;
[0.484s]       |                                                                           [01;35m[K^[m[K
[0.484s] [01m[K/root/ros2_ws/src/tp1/src/main.cpp:40:75:[m[K [01;31m[Kerror: [m[Kmissing terminating ' character
[0.484s]    40 |       std::cout << "distance: " << lasers[i] << " graus" << i << std::endl[01;31m[K';[m[K
[0.484s]       |                                                                           [01;31m[K^~[m[K
[1.516s] [01m[K/root/ros2_ws/src/tp1/src/main.cpp:[m[K In member function â€˜[01m[Kvoid NavigationNode::[01;32m[Ktimer_callback[m[K()[m[Kâ€™:
[1.516s] [01m[K/root/ros2_ws/src/tp1/src/main.cpp:39:21:[m[K [01;35m[Kwarning: [m[Kcomparison of integer expressions of different signedness: â€˜[01m[Kint[m[Kâ€™ and â€˜[01m[Kstd::vector<float>::size_type[m[Kâ€™ {aka â€˜[01m[Klong unsigned int[m[Kâ€™} [[01;35m[K]8;;https://gcc.gnu.org/onlinedocs/gcc/Warning-Options.html#index-Wsign-compare-Wsign-compare]8;;[m[K]
[1.516s]    39 |     for (int i=0; [01;35m[Ki < lasers.size()[m[K ;i++){
[1.516s]       |                   [01;35m[K~~^~~~~~~~~~~~~~~[m[K
[1.516s] [01m[K/root/ros2_ws/src/tp1/src/main.cpp:41:5:[m[K [01;31m[Kerror: [m[Kexpected â€˜[01m[K;[m[Kâ€™ before â€˜[01m[K}[m[Kâ€™ token
[1.516s]    41 |     [01;31m[K}[m[K
[1.516s]       |     [01;31m[K^[m[K
[1.517s] [01m[K/root/ros2_ws/src/tp1/src/main.cpp:[m[K In function â€˜[01m[Kvoid*[01;32m[K keyboardThreadFunction[m[K(void*)[m[Kâ€™:
[1.517s] [01m[K/root/ros2_ws/src/tp1/src/main.cpp:81:36:[m[K [01;35m[Kwarning: [m[Kunused parameter â€˜[01m[Karg[m[Kâ€™ [[01;35m[K]8;;https://gcc.gnu.org/onlinedocs/gcc/Warning-Options.html#index-Wunused-parameter-Wunused-parameter]8;;[m[K]
[1.517s]    81 | void *keyboardThreadFunction([01;35m[Kvoid *arg[m[K)
[1.517s]       |                              [01;35m[K~~~~~~^~~[m[K
[1.518s] [01m[K/root/ros2_ws/src/tp1/src/main.cpp:[m[K In function â€˜[01m[Kvoid*[01;32m[K mainThreadFunction[m[K(void*)[m[Kâ€™:
[1.518s] [01m[K/root/ros2_ws/src/tp1/src/main.cpp:95:32:[m[K [01;35m[Kwarning: [m[Kunused parameter â€˜[01m[Karg[m[Kâ€™ [[01;35m[K]8;;https://gcc.gnu.org/onlinedocs/gcc/Warning-Options.html#index-Wunused-parameter-Wunused-parameter]8;;[m[K]
[1.518s]    95 | void *mainThreadFunction([01;35m[Kvoid *arg[m[K)
[1.518s]       |                          [01;35m[K~~~~~~^~~[m[K
[3.088s] gmake[2]: *** [CMakeFiles/navigation.dir/build.make:76: CMakeFiles/navigation.dir/src/main.cpp.o] Error 1
[3.089s] gmake[1]: *** [CMakeFiles/Makefile2:137: CMakeFiles/navigation.dir/all] Error 2
[3.089s] gmake: *** [Makefile:146: all] Error 2
[3.090s] Invoked command in '/root/ros2_ws/build/tp1' returned '2': CMAKE_PREFIX_PATH=${CMAKE_PREFIX_PATH}:/opt/ros/jazzy /usr/bin/cmake --build /root/ros2_ws/build/tp1 -- -j16 -l16
