[01m[K/root/ros2_ws/src/tp1/src/Perception.cpp:[m[K In member function â€˜[01m[Kvoid Perception::[01;32m[KupdateMap[m[K(Sonars)[m[Kâ€™:
[01m[K/root/ros2_ws/src/tp1/src/Perception.cpp:361:5:[m[K [01;31m[Kerror: [m[Kâ€˜[01m[Kaction_[m[Kâ€™ was not declared in this scope
  361 |     [01;31m[Kaction_[m[K.avoidObstacles(lin, ang);
      |     [01;31m[K^~~~~~~[m[K
[01m[K/root/ros2_ws/src/tp1/src/Perception.cpp:648:12:[m[K [01;31m[Kerror: [m[Kreturn-statement with a value, in function returning â€˜[01m[Kvoid[m[Kâ€™ [[01;31m[K]8;;https://gcc.gnu.org/onlinedocs/gcc/Warning-Options.html#index-fpermissive-fpermissive]8;;[m[K]
  648 |     return [01;31m[Kspeed[m[K;
      |            [01;31m[K^~~~~[m[K
gmake[2]: *** [CMakeFiles/navigation.dir/build.make:104: CMakeFiles/navigation.dir/src/Perception.cpp.o] Error 1
gmake[1]: *** [CMakeFiles/Makefile2:137: CMakeFiles/navigation.dir/all] Error 2
gmake: *** [Makefile:146: all] Error 2
