[0.145s] Invoking command in '/root/ros2_ws/build/tp1': CMAKE_PREFIX_PATH=${CMAKE_PREFIX_PATH}:/root/ros2_ws/install/py_pubsub:/root/ros2_ws/src/py_pubsub/install/py_pubsub:/opt/ros/jazzy /usr/bin/cmake --build /root/ros2_ws/build/tp1 -- -j16 -l16
[0.221s] [ 20%] [32mBuilding CXX object CMakeFiles/navigation.dir/src/main.cpp.o[0m
[0.222s] [ 40%] [32mBuilding CXX object CMakeFiles/navigation.dir/src/Perception.cpp.o[0m
[2.132s] [01m[K/root/ros2_ws/src/tp1/src/Perception.cpp:[m[K In member function â€˜[01m[Kvoid Perception::[01;32m[KupdateMap[m[K(float, float)[m[Kâ€™:
[2.133s] [01m[K/root/ros2_ws/src/tp1/src/Perception.cpp:248:32:[m[K [01;31m[Kerror: [m[Kâ€˜[01m[Ksonars[m[Kâ€™ was not declared in this scope; did you mean â€˜[01m[KsonarROS[m[Kâ€™?
[2.133s]   248 |     std::cout << "sonars: " << [01;31m[Ksonars[m[K[0] << "\n";
[2.133s]       |                                [01;31m[K^~~~~~[m[K
[2.133s]       |                                [32m[KsonarROS[m[K
[2.133s] [01m[K/root/ros2_ws/src/tp1/src/Perception.cpp:230:34:[m[K [01;35m[Kwarning: [m[Kunused parameter â€˜[01m[Kvel[m[Kâ€™ [[01;35m[K]8;;https://gcc.gnu.org/onlinedocs/gcc/Warning-Options.html#index-Wunused-parameter-Wunused-parameter]8;;[m[K]
[2.133s]   230 | void Perception::updateMap([01;35m[Kfloat vel[m[K,float angVel)
[2.133s]       |                            [01;35m[K~~~~~~^~~[m[K
[2.133s] [01m[K/root/ros2_ws/src/tp1/src/Perception.cpp:230:44:[m[K [01;35m[Kwarning: [m[Kunused parameter â€˜[01m[KangVel[m[Kâ€™ [[01;35m[K]8;;https://gcc.gnu.org/onlinedocs/gcc/Warning-Options.html#index-Wunused-parameter-Wunused-parameter]8;;[m[K]
[2.133s]   230 | void Perception::updateMap(float vel,[01;35m[Kfloat angVel[m[K)
[2.133s]       |                                      [01;35m[K~~~~~~^~~~~~[m[K
[2.594s] gmake[2]: *** [CMakeFiles/navigation.dir/build.make:104: CMakeFiles/navigation.dir/src/Perception.cpp.o] Error 1
[2.594s] gmake[2]: *** Waiting for unfinished jobs....
[8.753s] gmake[1]: *** [CMakeFiles/Makefile2:137: CMakeFiles/navigation.dir/all] Error 2
[8.753s] gmake: *** [Makefile:146: all] Error 2
[8.755s] Invoked command in '/root/ros2_ws/build/tp1' returned '2': CMAKE_PREFIX_PATH=${CMAKE_PREFIX_PATH}:/root/ros2_ws/install/py_pubsub:/root/ros2_ws/src/py_pubsub/install/py_pubsub:/opt/ros/jazzy /usr/bin/cmake --build /root/ros2_ws/build/tp1 -- -j16 -l16
