[0.147s] Invoking command in '/root/ros2_ws/build/tp1': CMAKE_PREFIX_PATH=${CMAKE_PREFIX_PATH}:/root/ros2_ws/install/py_pubsub:/root/ros2_ws/src/py_pubsub/install/py_pubsub:/opt/ros/jazzy /usr/bin/cmake --build /root/ros2_ws/build/tp1 -- -j16 -l16
[0.225s] [ 20%] [32mBuilding CXX object CMakeFiles/navigation.dir/src/Perception.cpp.o[0m
[1.974s] [01m[K/root/ros2_ws/src/tp1/src/Perception.cpp:[m[K In member function â€˜[01m[Kvoid Perception::[01;32m[KupdateMap[m[K(Sonars)[m[Kâ€™:
[1.974s] [01m[K/root/ros2_ws/src/tp1/src/Perception.cpp:293:19:[m[K [01;35m[Kwarning: [m[Kunused variable â€˜[01m[Kalpha[m[Kâ€™ [[01;35m[K]8;;https://gcc.gnu.org/onlinedocs/gcc/Warning-Options.html#index-Wunused-variable-Wunused-variable]8;;[m[K]
[1.974s]   293 |             float [01;35m[Kalpha[m[K = angle - sonars.angle[k]+yaw;
[1.974s]       |                   [01;35m[K^~~~~[m[K
[1.974s] [01m[K/root/ros2_ws/src/tp1/src/Perception.cpp:295:19:[m[K [01;35m[Kwarning: [m[Kunused variable â€˜[01m[Kalpha[m[Kâ€™ [[01;35m[K]8;;https://gcc.gnu.org/onlinedocs/gcc/Warning-Options.html#index-Wunused-variable-Wunused-variable]8;;[m[K]
[1.974s]   295 |             float [01;35m[Kalpha[m[K = sonars.angle[k]+yaw - angle;
[1.974s]       |                   [01;35m[K^~~~~[m[K
[1.979s] [01m[K/root/ros2_ws/src/tp1/src/Perception.cpp:303:82:[m[K [01;31m[Kerror: [m[Kâ€˜[01m[Kalpha[m[Kâ€™ was not declared in this scope; did you mean â€˜[01m[Kisalpha[m[Kâ€™?
[1.979s]   303 |             float p_occupied = ((MAX_RANGE-laserROS.ranges[i])/MAX_RANGE + (BETA-[01;31m[Kalpha[m[K)/BETA)/2;
[1.979s]       |                                                                                  [01;31m[K^~~~~[m[K
[1.979s]       |                                                                                  [32m[Kisalpha[m[K
[1.980s] [01m[K/root/ros2_ws/src/tp1/src/Perception.cpp:307:13:[m[K [01;31m[Kerror: [m[Kexpected â€˜[01m[K,[m[Kâ€™ or â€˜[01m[K;[m[Kâ€™ before â€˜[01m[Kmap[m[Kâ€™
[1.980s]   307 |             [01;31m[Kmap[m[K[lx][ly] = new_occupied;
[1.980s]       |             [01;31m[K^~~[m[K
[1.980s] [01m[K/root/ros2_ws/src/tp1/src/Perception.cpp:306:19:[m[K [01;35m[Kwarning: [m[Kunused variable â€˜[01m[Knew_occupied[m[Kâ€™ [[01;35m[K]8;;https://gcc.gnu.org/onlinedocs/gcc/Warning-Options.html#index-Wunused-variable-Wunused-variable]8;;[m[K]
[1.980s]   306 |             float [01;35m[Knew_occupied[m[K = map[lx][ly]*p_occupied/(p_occupied*map[lx][ly] + (1-map[lx][ly])*p_empty)
[1.980s]       |                   [01;35m[K^~~~~~~~~~~~[m[K
[2.444s] gmake[2]: *** [CMakeFiles/navigation.dir/build.make:104: CMakeFiles/navigation.dir/src/Perception.cpp.o] Error 1
[2.444s] gmake[1]: *** [CMakeFiles/Makefile2:137: CMakeFiles/navigation.dir/all] Error 2
[2.444s] gmake: *** [Makefile:146: all] Error 2
[2.447s] Invoked command in '/root/ros2_ws/build/tp1' returned '2': CMAKE_PREFIX_PATH=${CMAKE_PREFIX_PATH}:/root/ros2_ws/install/py_pubsub:/root/ros2_ws/src/py_pubsub/install/py_pubsub:/opt/ros/jazzy /usr/bin/cmake --build /root/ros2_ws/build/tp1 -- -j16 -l16
