[ 20%] [32mBuilding CXX object CMakeFiles/navigation.dir/src/Perception.cpp.o[0m
[01m[K/root/ros2_ws/src/tp1/src/Perception.cpp:[m[K In member function â€˜[01m[Kvoid Perception::[01;32m[KupdateMap[m[K(float, float)[m[Kâ€™:
[01m[K/root/ros2_ws/src/tp1/src/Perception.cpp:326:9:[m[K [01;31m[Kerror: [m[Kexpected â€˜[01m[K,[m[Kâ€™ or â€˜[01m[K;[m[Kâ€™ before â€˜[01m[Kint[m[Kâ€™
  326 |         [01;31m[Kint[m[K w_robot = int(float(cy) + blabla);
      |         [01;31m[K^~~[m[K
[01m[K/root/ros2_ws/src/tp1/src/Perception.cpp:330:22:[m[K [01;31m[Kerror: [m[Kâ€˜[01m[Kw_robot[m[Kâ€™ was not declared in this scope; did you mean â€˜[01m[Kl_robot[m[Kâ€™?
  330 |         map[l_robot][[01;31m[Kw_robot[m[K] = -6;
      |                      [01;31m[K^~~~~~~[m[K
      |                      [32m[Kl_robot[m[K
[01m[K/root/ros2_ws/src/tp1/src/Perception.cpp:324:15:[m[K [01;35m[Kwarning: [m[Kunused variable â€˜[01m[Kblabla[m[Kâ€™ [[01;35m[K]8;;https://gcc.gnu.org/onlinedocs/gcc/Warning-Options.html#index-Wunused-variable-Wunused-variable]8;;[m[K]
  324 |         float [01;35m[Kblabla[m[K = float(size_w_robot)/float(RESOLUTION);
      |               [01;35m[K^~~~~~[m[K
[01m[K/root/ros2_ws/src/tp1/src/Perception.cpp:230:34:[m[K [01;35m[Kwarning: [m[Kunused parameter â€˜[01m[Kvel[m[Kâ€™ [[01;35m[K]8;;https://gcc.gnu.org/onlinedocs/gcc/Warning-Options.html#index-Wunused-parameter-Wunused-parameter]8;;[m[K]
  230 | void Perception::updateMap([01;35m[Kfloat vel[m[K,float angVel)
      |                            [01;35m[K~~~~~~^~~[m[K
[01m[K/root/ros2_ws/src/tp1/src/Perception.cpp:230:44:[m[K [01;35m[Kwarning: [m[Kunused parameter â€˜[01m[KangVel[m[Kâ€™ [[01;35m[K]8;;https://gcc.gnu.org/onlinedocs/gcc/Warning-Options.html#index-Wunused-parameter-Wunused-parameter]8;;[m[K]
  230 | void Perception::updateMap(float vel,[01;35m[Kfloat angVel[m[K)
      |                                      [01;35m[K~~~~~~^~~~~~[m[K
gmake[2]: *** [CMakeFiles/navigation.dir/build.make:104: CMakeFiles/navigation.dir/src/Perception.cpp.o] Error 1
gmake[1]: *** [CMakeFiles/Makefile2:137: CMakeFiles/navigation.dir/all] Error 2
gmake: *** [Makefile:146: all] Error 2
