[01m[K/root/ros2_ws/src/tp1/src/Perception.cpp:[m[K In member function â€˜[01m[Kvoid Perception::[01;32m[KupdateMap[m[K(std::vector<float, std::allocator<float> >)[m[Kâ€™:
[01m[K/root/ros2_ws/src/tp1/src/Perception.cpp:248:21:[m[K [01;35m[Kwarning: [m[Kcomparison of integer expressions of different signedness: â€˜[01m[Kint[m[Kâ€™ and â€˜[01m[Klong unsigned int[m[Kâ€™ [[01;35m[K]8;;https://gcc.gnu.org/onlinedocs/gcc/Warning-Options.html#index-Wsign-compare-Wsign-compare]8;;[m[K]
  248 |     for (int k=0; [01;35m[Kk < (sizeof(sonars) / sizeof(sonars[0]))[m[K; k++;)
      |                   [01;35m[K~~^~~~~~~~~~~~~~~~~~~~~~~~~~~~~~~~~~~~~~[m[K
[01m[K/root/ros2_ws/src/tp1/src/Perception.cpp:248:64:[m[K [01;31m[Kerror: [m[Kexpected â€˜[01m[K)[m[Kâ€™ before â€˜[01m[K;[m[Kâ€™ token
  248 |     for [34m[K([m[Kint k=0; k < (sizeof(sonars) / sizeof(sonars[0])); k++[01;31m[K;[m[K)
      |         [34m[K~[m[K                                                      [01;31m[K^[m[K
      |                                                                [32m[K)[m[K
[01m[K/root/ros2_ws/src/tp1/src/Perception.cpp:248:5:[m[K [01;35m[Kwarning: [m[Kthis â€˜[01m[Kfor[m[Kâ€™ clause does not guard... [[01;35m[K]8;;https://gcc.gnu.org/onlinedocs/gcc/Warning-Options.html#index-Wmisleading-indentation-Wmisleading-indentation]8;;[m[K]
  248 |     [01;35m[Kfor[m[K (int k=0; k < (sizeof(sonars) / sizeof(sonars[0])); k++;)
      |     [01;35m[K^~~[m[K
[01m[K/root/ros2_ws/src/tp1/src/Perception.cpp:248:65:[m[K [01;36m[Knote: [m[K...this statement, but the latter is misleadingly indented as if it were guarded by the â€˜[01m[Kfor[m[Kâ€™
  248 |     for (int k=0; k < (sizeof(sonars) / sizeof(sonars[0])); k++;[01;36m[K)[m[K
      |                                                                 [01;36m[K^[m[K
[01m[K/root/ros2_ws/src/tp1/src/Perception.cpp:248:65:[m[K [01;31m[Kerror: [m[Kexpected primary-expression before â€˜[01m[K)[m[Kâ€™ token
[01m[K/root/ros2_ws/src/tp1/src/main.cpp:[m[K In member function â€˜[01m[Kvoid NavigationNode::[01;32m[Ktimer_callback[m[K()[m[Kâ€™:
[01m[K/root/ros2_ws/src/tp1/src/main.cpp:101:19:[m[K [01;35m[Kwarning: [m[Kvariable â€˜[01m[Kmc[m[Kâ€™ set but not used [[01;35m[K]8;;https://gcc.gnu.org/onlinedocs/gcc/Warning-Options.html#index-Wunused-but-set-variable-Wunused-but-set-variable]8;;[m[K]
  101 |     MotionControl [01;35m[Kmc[m[K = action_.handlePressedKey(ch);
      |                   [01;35m[K^~[m[K
gmake[2]: *** [CMakeFiles/navigation.dir/build.make:104: CMakeFiles/navigation.dir/src/Perception.cpp.o] Error 1
gmake[2]: *** Waiting for unfinished jobs....
gmake[1]: *** [CMakeFiles/Makefile2:137: CMakeFiles/navigation.dir/all] Error 2
gmake: *** [Makefile:146: all] Error 2
