[0.151s] Invoking command in '/root/ros2_ws/build/tp1': CMAKE_PREFIX_PATH=${CMAKE_PREFIX_PATH}:/root/ros2_ws/install/py_pubsub:/root/ros2_ws/src/py_pubsub/install/py_pubsub:/opt/ros/jazzy /usr/bin/cmake --build /root/ros2_ws/build/tp1 -- -j16 -l16
[0.232s] [ 40%] [32mBuilding CXX object CMakeFiles/navigation.dir/src/main.cpp.o[0m
[0.232s] [ 40%] [32mBuilding CXX object CMakeFiles/navigation.dir/src/Perception.cpp.o[0m
[2.157s] [01m[K/root/ros2_ws/src/tp1/src/Perception.cpp:[m[K In member function â€˜[01m[Kvoid Perception::[01;32m[KupdateMap[m[K(std::vector<float, std::allocator<float> >)[m[Kâ€™:
[2.157s] [01m[K/root/ros2_ws/src/tp1/src/Perception.cpp:248:21:[m[K [01;35m[Kwarning: [m[Kcomparison of integer expressions of different signedness: â€˜[01m[Kint[m[Kâ€™ and â€˜[01m[Klong unsigned int[m[Kâ€™ [[01;35m[K]8;;https://gcc.gnu.org/onlinedocs/gcc/Warning-Options.html#index-Wsign-compare-Wsign-compare]8;;[m[K]
[2.157s]   248 |     for (int k=0; [01;35m[Kk < (sizeof(sonars) / sizeof(sonars[0]))[m[K; k++;)
[2.157s]       |                   [01;35m[K~~^~~~~~~~~~~~~~~~~~~~~~~~~~~~~~~~~~~~~~[m[K
[2.157s] [01m[K/root/ros2_ws/src/tp1/src/Perception.cpp:248:64:[m[K [01;31m[Kerror: [m[Kexpected â€˜[01m[K)[m[Kâ€™ before â€˜[01m[K;[m[Kâ€™ token
[2.157s]   248 |     for [34m[K([m[Kint k=0; k < (sizeof(sonars) / sizeof(sonars[0])); k++[01;31m[K;[m[K)
[2.157s]       |         [34m[K~[m[K                                                      [01;31m[K^[m[K
[2.157s]       |                                                                [32m[K)[m[K
[2.158s] [01m[K/root/ros2_ws/src/tp1/src/Perception.cpp:248:5:[m[K [01;35m[Kwarning: [m[Kthis â€˜[01m[Kfor[m[Kâ€™ clause does not guard... [[01;35m[K]8;;https://gcc.gnu.org/onlinedocs/gcc/Warning-Options.html#index-Wmisleading-indentation-Wmisleading-indentation]8;;[m[K]
[2.158s]   248 |     [01;35m[Kfor[m[K (int k=0; k < (sizeof(sonars) / sizeof(sonars[0])); k++;)
[2.158s]       |     [01;35m[K^~~[m[K
[2.158s] [01m[K/root/ros2_ws/src/tp1/src/Perception.cpp:248:65:[m[K [01;36m[Knote: [m[K...this statement, but the latter is misleadingly indented as if it were guarded by the â€˜[01m[Kfor[m[Kâ€™
[2.158s]   248 |     for (int k=0; k < (sizeof(sonars) / sizeof(sonars[0])); k++;[01;36m[K)[m[K
[2.158s]       |                                                                 [01;36m[K^[m[K
[2.158s] [01m[K/root/ros2_ws/src/tp1/src/Perception.cpp:248:65:[m[K [01;31m[Kerror: [m[Kexpected primary-expression before â€˜[01m[K)[m[Kâ€™ token
[2.218s] [01m[K/root/ros2_ws/src/tp1/src/main.cpp:[m[K In member function â€˜[01m[Kvoid NavigationNode::[01;32m[Ktimer_callback[m[K()[m[Kâ€™:
[2.219s] [01m[K/root/ros2_ws/src/tp1/src/main.cpp:101:19:[m[K [01;35m[Kwarning: [m[Kvariable â€˜[01m[Kmc[m[Kâ€™ set but not used [[01;35m[K]8;;https://gcc.gnu.org/onlinedocs/gcc/Warning-Options.html#index-Wunused-but-set-variable-Wunused-but-set-variable]8;;[m[K]
[2.219s]   101 |     MotionControl [01;35m[Kmc[m[K = action_.handlePressedKey(ch);
[2.219s]       |                   [01;35m[K^~[m[K
[2.652s] gmake[2]: *** [CMakeFiles/navigation.dir/build.make:104: CMakeFiles/navigation.dir/src/Perception.cpp.o] Error 1
[2.652s] gmake[2]: *** Waiting for unfinished jobs....
[9.145s] gmake[1]: *** [CMakeFiles/Makefile2:137: CMakeFiles/navigation.dir/all] Error 2
[9.145s] gmake: *** [Makefile:146: all] Error 2
[9.148s] Invoked command in '/root/ros2_ws/build/tp1' returned '2': CMAKE_PREFIX_PATH=${CMAKE_PREFIX_PATH}:/root/ros2_ws/install/py_pubsub:/root/ros2_ws/src/py_pubsub/install/py_pubsub:/opt/ros/jazzy /usr/bin/cmake --build /root/ros2_ws/build/tp1 -- -j16 -l16
