[0.132s] Invoking command in '/root/ros2_ws/build/tp1': CMAKE_PREFIX_PATH=${CMAKE_PREFIX_PATH}:/root/ros2_ws/install/py_pubsub:/root/ros2_ws/src/py_pubsub/install/py_pubsub:/opt/ros/jazzy /usr/bin/cmake --build /root/ros2_ws/build/tp1 -- -j16 -l16
[0.147s] -- Found ament_cmake: 2.5.3 (/opt/ros/jazzy/share/ament_cmake/cmake)
[0.270s] -- Found rclcpp: 28.1.8 (/opt/ros/jazzy/share/rclcpp/cmake)
[0.395s] -- Found rosidl_generator_c: 4.6.5 (/opt/ros/jazzy/share/rosidl_generator_c/cmake)
[0.400s] -- Found rosidl_generator_cpp: 4.6.5 (/opt/ros/jazzy/share/rosidl_generator_cpp/cmake)
[0.406s] -- Using all available rosidl_typesupport_c: rosidl_typesupport_fastrtps_c;rosidl_typesupport_introspection_c
[0.414s] -- Using all available rosidl_typesupport_cpp: rosidl_typesupport_fastrtps_cpp;rosidl_typesupport_introspection_cpp
[0.452s] -- Found rmw_implementation_cmake: 7.3.2 (/opt/ros/jazzy/share/rmw_implementation_cmake/cmake)
[0.453s] -- Found rmw_fastrtps_cpp: 8.4.2 (/opt/ros/jazzy/share/rmw_fastrtps_cpp/cmake)
[0.644s] -- Using RMW implementation 'rmw_fastrtps_cpp' as default
[0.801s] -- Found sensor_msgs: 5.3.6 (/opt/ros/jazzy/share/sensor_msgs/cmake)
[0.838s] -- Found nav_msgs: 5.3.6 (/opt/ros/jazzy/share/nav_msgs/cmake)
[0.856s] -- Found tf2: 0.36.9 (/opt/ros/jazzy/share/tf2/cmake)
[0.858s] -- Found tf2_geometry_msgs: 0.36.9 (/opt/ros/jazzy/share/tf2_geometry_msgs/cmake)
[0.860s] -- Found eigen3_cmake_module: 0.3.0 (/opt/ros/jazzy/share/eigen3_cmake_module/cmake)
[0.861s] -- Ensuring Eigen3 include directory is part of orocos-kdl CMake target
[1.619s] [33mCMake Warning (dev) at /usr/share/cmake-3.28/Modules/FindOpenGL.cmake:381 (message):
[1.620s]   Policy CMP0072 is not set: FindOpenGL prefers GLVND by default when
[1.620s]   available.  Run "cmake --help-policy CMP0072" for policy details.  Use the
[1.620s]   cmake_policy command to set the policy and suppress this warning.
[1.620s] 
[1.620s]   FindOpenGL found both a legacy GL library:
[1.620s] 
[1.620s]     OPENGL_gl_LIBRARY: /usr/lib/x86_64-linux-gnu/libGL.so
[1.620s] 
[1.620s]   and GLVND libraries for OpenGL and GLX:
[1.620s] 
[1.620s]     OPENGL_opengl_LIBRARY: /usr/lib/x86_64-linux-gnu/libOpenGL.so
[1.620s]     OPENGL_glx_LIBRARY: /usr/lib/x86_64-linux-gnu/libGLX.so
[1.620s] 
[1.620s]   OpenGL_GL_PREFERENCE has not been set to "GLVND" or "LEGACY", so for
[1.620s]   compatibility with CMake 3.10 and below the legacy GL library will be used.
[1.620s] Call Stack (most recent call first):
[1.620s]   CMakeLists.txt:18 (find_package)
[1.620s] This warning is for project developers.  Use -Wno-dev to suppress it.
[1.620s] [0m
[1.620s] -- Found OpenGL: /usr/lib/x86_64-linux-gnu/libOpenGL.so   
[1.730s] -- Found GLUT: /usr/lib/x86_64-linux-gnu/libglut.so  
[1.732s] -- Found ament_lint_auto: 0.17.2 (/opt/ros/jazzy/share/ament_lint_auto/cmake)
[1.788s] -- Added test 'cppcheck' to perform static code analysis on C / C++ code
[1.788s] -- Configured cppcheck include dirs: $<BUILD_INTERFACE:/root/ros2_ws/src/tp1/include>
[1.788s] -- Configured cppcheck exclude dirs and/or files: 
[1.788s] -- Added test 'flake8' to check Python code syntax and style conventions
[1.788s] -- Configured 'flake8' exclude dirs and/or files: 
[1.789s] -- Added test 'lint_cmake' to check CMake code style
[1.790s] -- Added test 'pep257' to check Python code against some of the docstring style conventions in PEP 257
[1.794s] -- Added test 'uncrustify' to check C / C++ code style
[1.794s] -- Configured uncrustify additional arguments: 
[1.795s] -- Added test 'xmllint' to check XML markup files
[1.795s] -- Configuring done (1.7s)
[1.809s] -- Generating done (0.0s)
[1.812s] -- Build files have been written to: /root/ros2_ws/build/tp1
[1.851s] [ 20%] [32mBuilding CXX object CMakeFiles/navigation.dir/src/main.cpp.o[0m
[1.851s] [ 40%] [32mBuilding CXX object CMakeFiles/navigation.dir/src/Perception.cpp.o[0m
[3.224s] [01m[K/root/ros2_ws/src/tp1/src/main.cpp:[m[K In member function â€˜[01m[Kvoid NavigationNode::[01;32m[KreceivePose[m[K(nav_msgs::msg::Odometry_<std::allocator<void> >::ConstSharedPtr)[m[Kâ€™:
[3.224s] [01m[K/root/ros2_ws/src/tp1/src/main.cpp:60:5:[m[K [01;31m[Kerror: [m[Kâ€˜[01m[Ktf2[m[Kâ€™ has not been declared
[3.224s]    60 |     [01;31m[Ktf2[m[K::Quaternion tf_quat(q.x, q.y, q.z, q.w);
[3.224s]       |     [01;31m[K^~~[m[K
[3.224s] [01m[K/root/ros2_ws/src/tp1/src/main.cpp:62:5:[m[K [01;31m[Kerror: [m[Kâ€˜[01m[Ktf2[m[Kâ€™ has not been declared
[3.224s]    62 |     [01;31m[Ktf2[m[K::Matrix3x3(tf_quat).getRPY(roll, pitch, yaw);
[3.224s]       |     [01;31m[K^~~[m[K
[3.231s] [01m[K/root/ros2_ws/src/tp1/src/main.cpp:62:20:[m[K [01;31m[Kerror: [m[Kâ€˜[01m[Ktf_quat[m[Kâ€™ was not declared in this scope
[3.231s]    62 |     tf2::Matrix3x3([01;31m[Ktf_quat[m[K).getRPY(roll, pitch, yaw);
[3.231s]       |                    [01;31m[K^~~~~~~[m[K
[3.235s] [01m[K/root/ros2_ws/src/tp1/src/Perception.cpp:[m[K In member function â€˜[01m[Kstd::vector<float, std::allocator<float> > Perception::[01;32m[KgetLatestSonarRanges[m[K()[m[Kâ€™:
[3.235s] [01m[K/root/ros2_ws/src/tp1/src/Perception.cpp:156:9:[m[K [01;35m[Kwarning: [m[Kunused variable â€˜[01m[Knumbytes[m[Kâ€™ [[01;35m[K]8;;https://gcc.gnu.org/onlinedocs/gcc/Warning-Options.html#index-Wunused-variable-Wunused-variable]8;;[m[K]
[3.235s]   156 |     int [01;35m[Knumbytes[m[K = sonarROS.data.size();
[3.235s]       |         [01;35m[K^~~~~~~~[m[K
[3.235s] [01m[K/root/ros2_ws/src/tp1/src/Perception.cpp:157:9:[m[K [01;35m[Kwarning: [m[Kunused variable â€˜[01m[Knumfields[m[Kâ€™ [[01;35m[K]8;;https://gcc.gnu.org/onlinedocs/gcc/Warning-Options.html#index-Wunused-variable-Wunused-variable]8;;[m[K]
[3.235s]   157 |     int [01;35m[Knumfields[m[K = sonarROS.fields.size();
[3.235s]       |         [01;35m[K^~~~~~~~~[m[K
[4.960s] gmake[2]: *** [CMakeFiles/navigation.dir/build.make:76: CMakeFiles/navigation.dir/src/main.cpp.o] Error 1
[4.960s] gmake[1]: *** [CMakeFiles/Makefile2:137: CMakeFiles/navigation.dir/all] Error 2
[4.960s] gmake: *** [Makefile:146: all] Error 2
[4.962s] Invoked command in '/root/ros2_ws/build/tp1' returned '2': CMAKE_PREFIX_PATH=${CMAKE_PREFIX_PATH}:/root/ros2_ws/install/py_pubsub:/root/ros2_ws/src/py_pubsub/install/py_pubsub:/opt/ros/jazzy /usr/bin/cmake --build /root/ros2_ws/build/tp1 -- -j16 -l16
