[0.135s] Invoking command in '/root/ros2_ws/build/tp1': CMAKE_PREFIX_PATH=${CMAKE_PREFIX_PATH}:/root/ros2_ws/install/py_pubsub:/root/ros2_ws/src/py_pubsub/install/py_pubsub:/opt/ros/jazzy /usr/bin/cmake --build /root/ros2_ws/build/tp1 -- -j16 -l16
[0.205s] [ 20%] [32mBuilding CXX object CMakeFiles/navigation.dir/src/main.cpp.o[0m
[0.205s] [ 40%] [32mBuilding CXX object CMakeFiles/navigation.dir/src/Perception.cpp.o[0m
[1.922s] [01m[K/root/ros2_ws/src/tp1/src/Perception.cpp:[m[K In static member function â€˜[01m[Kstatic void Perception::[01;32m[KdisplayLoop[m[K()[m[Kâ€™:
[1.922s] [01m[K/root/ros2_ws/src/tp1/src/Perception.cpp:727:29:[m[K [01;31m[Kerror: [m[Kinvalid use of void expression
[1.922s]   727 |   glutIdleFunc([01;31m[KupdateWindows()[m[K);
[1.922s]       |                [01;31m[K~~~~~~~~~~~~~^~[m[K
[2.368s] gmake[2]: *** [CMakeFiles/navigation.dir/build.make:104: CMakeFiles/navigation.dir/src/Perception.cpp.o] Error 1
[2.368s] gmake[2]: *** Waiting for unfinished jobs....
[8.090s] gmake[1]: *** [CMakeFiles/Makefile2:137: CMakeFiles/navigation.dir/all] Error 2
[8.091s] gmake: *** [Makefile:146: all] Error 2
[8.093s] Invoked command in '/root/ros2_ws/build/tp1' returned '2': CMAKE_PREFIX_PATH=${CMAKE_PREFIX_PATH}:/root/ros2_ws/install/py_pubsub:/root/ros2_ws/src/py_pubsub/install/py_pubsub:/opt/ros/jazzy /usr/bin/cmake --build /root/ros2_ws/build/tp1 -- -j16 -l16
