[01m[K/root/ros2_ws/src/tp1/src/Perception.cpp:[m[K In member function â€˜[01m[Kvoid Perception::[01;32m[KupdateMap[m[K(float, float)[m[Kâ€™:
[01m[K/root/ros2_ws/src/tp1/src/Perception.cpp:248:14:[m[K [01;31m[Kerror: [m[Kexpected â€˜[01m[K;[m[Kâ€™ before â€˜[01m[Klasers[m[Kâ€™
  248 |     std::cout[01;31m[K [m[K[32m[Klasers[m[K << "\n";
      |              [01;31m[K^[m[K[32m[K~~~~~~[m[K
      |              [32m[K;[m[K
[01m[K/root/ros2_ws/src/tp1/src/Perception.cpp:248:10:[m[K [01;35m[Kwarning: [m[Kstatement has no effect [[01;35m[K]8;;https://gcc.gnu.org/onlinedocs/gcc/Warning-Options.html#index-Wunused-value-Wunused-value]8;;[m[K]
  248 |     [01;35m[Kstd::cout[m[K lasers << "\n";
      |     [01;35m[K~~~~~^~~~[m[K
[01m[K/root/ros2_ws/src/tp1/src/Perception.cpp:230:34:[m[K [01;35m[Kwarning: [m[Kunused parameter â€˜[01m[Kvel[m[Kâ€™ [[01;35m[K]8;;https://gcc.gnu.org/onlinedocs/gcc/Warning-Options.html#index-Wunused-parameter-Wunused-parameter]8;;[m[K]
  230 | void Perception::updateMap([01;35m[Kfloat vel[m[K,float angVel)
      |                            [01;35m[K~~~~~~^~~[m[K
[01m[K/root/ros2_ws/src/tp1/src/Perception.cpp:230:44:[m[K [01;35m[Kwarning: [m[Kunused parameter â€˜[01m[KangVel[m[Kâ€™ [[01;35m[K]8;;https://gcc.gnu.org/onlinedocs/gcc/Warning-Options.html#index-Wunused-parameter-Wunused-parameter]8;;[m[K]
  230 | void Perception::updateMap(float vel,[01;35m[Kfloat angVel[m[K)
      |                                      [01;35m[K~~~~~~^~~~~~[m[K
[01m[K/root/ros2_ws/src/tp1/src/main.cpp:[m[K In constructor â€˜[01m[KNavigationNode::[01;32m[KNavigationNode[m[K(Action&, Perception&)[m[Kâ€™:
[01m[K/root/ros2_ws/src/tp1/src/main.cpp:45:5:[m[K [01;31m[Kerror: [m[Kâ€˜[01m[Ksub_sonar[m[Kâ€™ was not declared in this scope
   45 |     [01;31m[Ksub_sonar[m[K = this->create_subscription<sensor_msgs::msg::PointCloud2>("/sonar", 100,
      |     [01;31m[K^~~~~~~~~[m[K
gmake[2]: *** [CMakeFiles/navigation.dir/build.make:104: CMakeFiles/navigation.dir/src/Perception.cpp.o] Error 1
gmake[2]: *** Waiting for unfinished jobs....
gmake[2]: *** [CMakeFiles/navigation.dir/build.make:76: CMakeFiles/navigation.dir/src/main.cpp.o] Error 1
gmake[1]: *** [CMakeFiles/Makefile2:137: CMakeFiles/navigation.dir/all] Error 2
gmake: *** [Makefile:146: all] Error 2
