[0.130s] Invoking command in '/root/ros2_ws/build/tp1': CMAKE_PREFIX_PATH=${CMAKE_PREFIX_PATH}:/root/ros2_ws/install/py_pubsub:/root/ros2_ws/src/py_pubsub/install/py_pubsub:/opt/ros/jazzy /usr/bin/cmake --build /root/ros2_ws/build/tp1 -- -j16 -l16
[0.176s] [ 20%] [32mBuilding CXX object CMakeFiles/navigation.dir/src/main.cpp.o[0m
[0.176s] [ 40%] [32mBuilding CXX object CMakeFiles/navigation.dir/src/Perception.cpp.o[0m
[1.550s] [01m[K/root/ros2_ws/src/tp1/src/Perception.cpp:[m[K In member function â€˜[01m[Kstd::vector<float, std::allocator<float> > Perception::[01;32m[KgetLatestSonarRanges[m[K()[m[Kâ€™:
[1.550s] [01m[K/root/ros2_ws/src/tp1/src/Perception.cpp:161:9:[m[K [01;35m[Kwarning: [m[Kunused variable â€˜[01m[Knumbytes[m[Kâ€™ [[01;35m[K]8;;https://gcc.gnu.org/onlinedocs/gcc/Warning-Options.html#index-Wunused-variable-Wunused-variable]8;;[m[K]
[1.550s]   161 |     int [01;35m[Knumbytes[m[K = sonarROS.data.size();
[1.550s]       |         [01;35m[K^~~~~~~~[m[K
[1.550s] [01m[K/root/ros2_ws/src/tp1/src/Perception.cpp:162:9:[m[K [01;35m[Kwarning: [m[Kunused variable â€˜[01m[Knumfields[m[Kâ€™ [[01;35m[K]8;;https://gcc.gnu.org/onlinedocs/gcc/Warning-Options.html#index-Wunused-variable-Wunused-variable]8;;[m[K]
[1.550s]   162 |     int [01;35m[Knumfields[m[K = sonarROS.fields.size();
[1.550s]       |         [01;35m[K^~~~~~~~~[m[K
[1.554s] [01m[K/root/ros2_ws/src/tp1/src/Perception.cpp:[m[K In function â€˜[01m[Kvoid[01;32m[K updateMap[m[K()[m[Kâ€™:
[1.554s] [01m[K/root/ros2_ws/src/tp1/src/Perception.cpp:202:9:[m[K [01;31m[Kerror: [m[Kâ€˜[01m[Klasers[m[Kâ€™ was not declared in this scope
[1.554s]   202 |     if ([01;31m[Klasers[m[K.empty() || lasers.empty()) return;
[1.554s]       |         [01;31m[K^~~~~~[m[K
[1.556s] [01m[K/root/ros2_ws/src/tp1/src/Perception.cpp:204:15:[m[K [01;31m[Kerror: [m[Kâ€˜[01m[Kpose[m[Kâ€™ was not declared in this scope
[1.556s]   204 |     float x = [01;31m[Kpose[m[K[0];
[1.556s]       |               [01;31m[K^~~~[m[K
[1.560s] [01m[K/root/ros2_ws/src/tp1/src/Perception.cpp:207:14:[m[K [01;31m[Kerror: [m[Kâ€˜[01m[KMAP_SIZE[m[Kâ€™ was not declared in this scope
[1.560s]   207 |     int cx = [01;31m[KMAP_SIZE[m[K / 2 + int(x / RESOLUTION);
[1.560s]       |              [01;31m[K^~~~~~~~[m[K
[1.564s] [01m[K/root/ros2_ws/src/tp1/src/Perception.cpp:207:37:[m[K [01;31m[Kerror: [m[Kâ€˜[01m[KRESOLUTION[m[Kâ€™ was not declared in this scope
[1.564s]   207 |     int cx = MAP_SIZE / 2 + int(x / [01;31m[KRESOLUTION[m[K);
[1.564s]       |                                     [01;31m[K^~~~~~~~~~[m[K
[1.566s] [01m[K/root/ros2_ws/src/tp1/src/Perception.cpp:209:30:[m[K [01;31m[Kerror: [m[Kâ€˜[01m[Klasers[m[Kâ€™ was not declared in this scope
[1.566s]   209 |     std::cout << "laser " << [01;31m[Klasers[m[K[0] << "  x: " << x << "  y: " << y << "  yaw: " << yaw << std::endl;
[1.567s]       |                              [01;31m[K^~~~~~[m[K
[1.567s] [01m[K/root/ros2_ws/src/tp1/src/Perception.cpp:210:5:[m[K [01;31m[Kerror: [m[Kâ€˜[01m[Kmap[m[Kâ€™ was not declared in this scope
[1.567s]   210 |     [01;31m[Kmap[m[K[cx][cy] = 2;
[1.567s]       |     [01;31m[K^~~[m[K
[1.567s] [01m[K/root/ros2_ws/src/tp1/src/Perception.cpp:210:5:[m[K [01;36m[Knote: [m[Ksuggested alternatives:
[1.567s] In file included from [01m[K/usr/include/c++/13/map:63[m[K,
[1.567s]                  from [01m[K/opt/ros/jazzy/include/rclcpp/rclcpp/executor.hpp:24[m[K,
[1.567s]                  from [01m[K/opt/ros/jazzy/include/rclcpp/rclcpp/executors/multi_threaded_executor.hpp:25[m[K,
[1.567s]                  from [01m[K/opt/ros/jazzy/include/rclcpp/rclcpp/executors.hpp:21[m[K,
[1.567s]                  from [01m[K/opt/ros/jazzy/include/rclcpp/rclcpp/rclcpp.hpp:172[m[K,
[1.567s]                  from [01m[K/opt/ros/jazzy/include/tf2_ros/tf2_ros/buffer_interface.h:48[m[K,
[1.567s]                  from [01m[K/opt/ros/jazzy/include/tf2_geometry_msgs/tf2_geometry_msgs/tf2_geometry_msgs.hpp:60[m[K,
[1.567s]                  from [01m[K/root/ros2_ws/src/tp1/src/Perception.cpp:3[m[K:
[1.567s] [01m[K/usr/include/c++/13/bits/stl_map.h:102:11:[m[K [01;36m[Knote: [m[K  â€˜[01m[Kstd::map[m[Kâ€™
[1.567s]   102 |     class [01;36m[Kmap[m[K
[1.567s]       |           [01;36m[K^~~[m[K
[1.567s] [01m[K/usr/include/c++/13/map:80:13:[m[K [01;36m[Knote: [m[K  â€˜[01m[Kstd::pmr::map[m[Kâ€™
[1.567s]    80 |       using [01;36m[Kmap[m[K
[1.568s]       |             [01;36m[K^~~[m[K
[1.570s] [01m[K/root/ros2_ws/src/tp1/src/Perception.cpp:214:21:[m[K [01;31m[Kerror: [m[Kâ€˜[01m[KlaserROS[m[Kâ€™ was not declared in this scope
[1.570s]   214 |       float angle = [01;31m[KlaserROS[m[K.angle_min + i * laserROS.angle_increment + yaw;
[1.570s]       |                     [01;31m[K^~~~~~~~[m[K
[1.573s] [01m[K/root/ros2_ws/src/tp1/src/Perception.cpp:[m[K In function â€˜[01m[Kvoid[01;32m[K drawMap[m[K()[m[Kâ€™:
[1.574s] [01m[K/root/ros2_ws/src/tp1/src/Perception.cpp:230:23:[m[K [01;31m[Kerror: [m[Kâ€˜[01m[KMAP_SIZE[m[Kâ€™ was not declared in this scope
[1.574s]   230 |   for (int x = 0; x < [01;31m[KMAP_SIZE[m[K; ++x)
[1.574s]       |                       [01;31m[K^~~~~~~~[m[K
[1.574s] [01m[K/root/ros2_ws/src/tp1/src/Perception.cpp:234:11:[m[K [01;31m[Kerror: [m[Kâ€˜[01m[Kmap[m[Kâ€™ was not declared in this scope
[1.574s]   234 |       if ([01;31m[Kmap[m[K[x][y] == 1)
[1.574s]       |           [01;31m[K^~~[m[K
[1.574s] [01m[K/root/ros2_ws/src/tp1/src/Perception.cpp:234:11:[m[K [01;36m[Knote: [m[Ksuggested alternatives:
[1.574s] [01m[K/usr/include/c++/13/bits/stl_map.h:102:11:[m[K [01;36m[Knote: [m[K  â€˜[01m[Kstd::map[m[Kâ€™
[1.574s]   102 |     class [01;36m[Kmap[m[K
[1.574s]       |           [01;36m[K^~~[m[K
[1.574s] [01m[K/usr/include/c++/13/map:80:13:[m[K [01;36m[Knote: [m[K  â€˜[01m[Kstd::pmr::map[m[Kâ€™
[1.574s]    80 |       using [01;36m[Kmap[m[K
[1.574s]       |             [01;36m[K^~~[m[K
[1.577s] [01m[K/root/ros2_ws/src/tp1/src/Perception.cpp:[m[K In function â€˜[01m[Kvoid[01;32m[K displayLoop[m[K()[m[Kâ€™:
[1.577s] [01m[K/root/ros2_ws/src/tp1/src/Perception.cpp:260:17:[m[K [01;31m[Kerror: [m[Kâ€˜[01m[KMAP_SIZE[m[Kâ€™ was not declared in this scope
[1.577s]   260 |   gluOrtho2D(0, [01;31m[KMAP_SIZE[m[K, 0, MAP_SIZE);
[1.577s]       |                 [01;31m[K^~~~~~~~[m[K
[1.594s] [01m[K/root/ros2_ws/src/tp1/src/main.cpp:[m[K In member function â€˜[01m[Kvoid NavigationNode::[01;32m[Ktimer_callback[m[K()[m[Kâ€™:
[1.594s] [01m[K/root/ros2_ws/src/tp1/src/main.cpp:98:5:[m[K [01;31m[Kerror: [m[Kâ€˜[01m[KupdateMap[m[Kâ€™ was not declared in this scope
[1.594s]    98 |     [01;31m[KupdateMap[m[K();
[1.594s]       |     [01;31m[K^~~~~~~~~[m[K
[1.602s] [01m[K/root/ros2_ws/src/tp1/src/main.cpp:[m[K In function â€˜[01m[Kint[01;32m[K main[m[K(int, char**)[m[Kâ€™:
[1.602s] [01m[K/root/ros2_ws/src/tp1/src/main.cpp:163:55:[m[K [01;31m[Kerror: [m[Kâ€˜[01m[KdisplayLoop[m[Kâ€™ was not declared in this scope
[1.602s]   163 |   pthread_create(&oglThread, NULL, (void *(*)(void *))[01;31m[KdisplayLoop[m[K, NULL);
[1.602s]       |                                                       [01;31m[K^~~~~~~~~~~[m[K
[1.954s] gmake[2]: *** [CMakeFiles/navigation.dir/build.make:104: CMakeFiles/navigation.dir/src/Perception.cpp.o] Error 1
[1.955s] gmake[2]: *** Waiting for unfinished jobs....
[3.313s] gmake[2]: *** [CMakeFiles/navigation.dir/build.make:76: CMakeFiles/navigation.dir/src/main.cpp.o] Error 1
[3.313s] gmake[1]: *** [CMakeFiles/Makefile2:137: CMakeFiles/navigation.dir/all] Error 2
[3.313s] gmake: *** [Makefile:146: all] Error 2
[3.315s] Invoked command in '/root/ros2_ws/build/tp1' returned '2': CMAKE_PREFIX_PATH=${CMAKE_PREFIX_PATH}:/root/ros2_ws/install/py_pubsub:/root/ros2_ws/src/py_pubsub/install/py_pubsub:/opt/ros/jazzy /usr/bin/cmake --build /root/ros2_ws/build/tp1 -- -j16 -l16
