[01m[K/root/ros2_ws/src/tp1/src/Perception.cpp:18:1:[m[K [01;31m[Kerror: [m[Kexpected â€˜[01m[K,[m[Kâ€™ or â€˜[01m[K;[m[Kâ€™ before â€˜[01m[Kfloat[m[Kâ€™
   18 | [01;31m[Kfloat[m[K nanoaux = 0.0;
      | [01;31m[K^~~~~[m[K
[01m[K/root/ros2_ws/src/tp1/src/Perception.cpp:[m[K In member function â€˜[01m[Kvoid Perception::[01;32m[KupdateMap[m[K(float, float)[m[Kâ€™:
[01m[K/root/ros2_ws/src/tp1/src/Perception.cpp:228:39:[m[K [01;31m[Kerror: [m[Kâ€˜[01m[Knanoaux[m[Kâ€™ was not declared in this scope
  228 |     std::cout << "nano segundos: " << [01;31m[Knanoaux[m[K << std::endl;
      |                                       [01;31m[K^~~~~~~[m[K
gmake[2]: *** [CMakeFiles/navigation.dir/build.make:104: CMakeFiles/navigation.dir/src/Perception.cpp.o] Error 1
gmake[1]: *** [CMakeFiles/Makefile2:137: CMakeFiles/navigation.dir/all] Error 2
gmake: *** [Makefile:146: all] Error 2
