[0.134s] Invoking command in '/root/ros2_ws/build/tp1': CMAKE_PREFIX_PATH=${CMAKE_PREFIX_PATH}:/root/ros2_ws/install/py_pubsub:/root/ros2_ws/src/py_pubsub/install/py_pubsub:/opt/ros/jazzy /usr/bin/cmake --build /root/ros2_ws/build/tp1 -- -j16 -l16
[0.183s] [ 20%] [32mBuilding CXX object CMakeFiles/navigation.dir/src/Perception.cpp.o[0m
[1.547s] [01m[K/root/ros2_ws/src/tp1/src/Perception.cpp:18:1:[m[K [01;31m[Kerror: [m[Kexpected â€˜[01m[K,[m[Kâ€™ or â€˜[01m[K;[m[Kâ€™ before â€˜[01m[Kfloat[m[Kâ€™
[1.547s]    18 | [01;31m[Kfloat[m[K nanoaux = 0.0;
[1.547s]       | [01;31m[K^~~~~[m[K
[1.557s] [01m[K/root/ros2_ws/src/tp1/src/Perception.cpp:[m[K In member function â€˜[01m[Kvoid Perception::[01;32m[KupdateMap[m[K(float, float)[m[Kâ€™:
[1.557s] [01m[K/root/ros2_ws/src/tp1/src/Perception.cpp:228:39:[m[K [01;31m[Kerror: [m[Kâ€˜[01m[Knanoaux[m[Kâ€™ was not declared in this scope
[1.557s]   228 |     std::cout << "nano segundos: " << [01;31m[Knanoaux[m[K << std::endl;
[1.557s]       |                                       [01;31m[K^~~~~~~[m[K
[1.940s] gmake[2]: *** [CMakeFiles/navigation.dir/build.make:104: CMakeFiles/navigation.dir/src/Perception.cpp.o] Error 1
[1.940s] gmake[1]: *** [CMakeFiles/Makefile2:137: CMakeFiles/navigation.dir/all] Error 2
[1.940s] gmake: *** [Makefile:146: all] Error 2
[1.942s] Invoked command in '/root/ros2_ws/build/tp1' returned '2': CMAKE_PREFIX_PATH=${CMAKE_PREFIX_PATH}:/root/ros2_ws/install/py_pubsub:/root/ros2_ws/src/py_pubsub/install/py_pubsub:/opt/ros/jazzy /usr/bin/cmake --build /root/ros2_ws/build/tp1 -- -j16 -l16
