[0.136s] Invoking command in '/root/ros2_ws/build/tp1': CMAKE_PREFIX_PATH=${CMAKE_PREFIX_PATH}:/root/ros2_ws/src/py_pubsub/install/py_pubsub:/opt/ros/jazzy /usr/bin/cmake --build /root/ros2_ws/build/tp1 -- -j16 -l16
[0.263s] [ 20%] [32mBuilding CXX object CMakeFiles/navigation.dir/src/Perception.cpp.o[0m
[0.263s] [ 40%] [32mBuilding CXX object CMakeFiles/navigation.dir/src/main.cpp.o[0m
[0.702s] [01m[K/root/ros2_ws/src/tp1/src/Perception.cpp:127:44:[m[K [01;31m[Kerror: [m[Kâ€˜[01m[KPoseStamped[m[Kâ€™ in namespace â€˜[01m[Kgeometry_msgs::msg[m[Kâ€™ does not name a type
[0.702s]   127 | void receivePose(const geometry_msgs::msg::[01;31m[KPoseStamped[m[K::SharedPtr &value)
[0.702s]       |                                            [01;31m[K^~~~~~~~~~~[m[K
[0.703s] [01m[K/root/ros2_ws/src/tp1/src/Perception.cpp:127:67:[m[K [01;31m[Kerror: [m[Kexpected unqualified-id before â€˜[01m[K&[m[Kâ€™ token
[0.703s]   127 | void receivePose(const geometry_msgs::msg::PoseStamped::SharedPtr [01;31m[K&[m[Kvalue)
[0.703s]       |                                                                   [01;31m[K^[m[K
[0.703s] [01m[K/root/ros2_ws/src/tp1/src/Perception.cpp:127:66:[m[K [01;31m[Kerror: [m[Kexpected â€˜[01m[K)[m[Kâ€™ before â€˜[01m[K&[m[Kâ€™ token
[0.703s]   127 | void receivePose[34m[K([m[Kconst geometry_msgs::msg::PoseStamped::SharedPtr[01;31m[K [m[K[32m[K&[m[Kvalue)
[0.703s]       |                 [34m[K~[m[K                                                [01;31m[K^[m[K[32m[K~[m[K
[0.703s]       |                                                                  [32m[K)[m[K
[0.703s] [01m[K/root/ros2_ws/src/tp1/src/Perception.cpp:127:68:[m[K [01;31m[Kerror: [m[Kexpected initializer before â€˜[01m[Kvalue[m[Kâ€™
[0.703s]   127 | void receivePose(const geometry_msgs::msg::PoseStamped::SharedPtr &[01;31m[Kvalue[m[K)
[0.703s]       |                                                                    [01;31m[K^~~~~[m[K
[0.703s] [01m[K/root/ros2_ws/src/tp1/src/Perception.cpp:[m[K In member function â€˜[01m[Kstd::vector<float, std::allocator<float> > Perception::[01;32m[KgetLatestSonarRanges[m[K()[m[Kâ€™:
[0.703s] [01m[K/root/ros2_ws/src/tp1/src/Perception.cpp:153:9:[m[K [01;35m[Kwarning: [m[Kunused variable â€˜[01m[Knumbytes[m[Kâ€™ [[01;35m[K]8;;https://gcc.gnu.org/onlinedocs/gcc/Warning-Options.html#index-Wunused-variable-Wunused-variable]8;;[m[K]
[0.704s]   153 |     int [01;35m[Knumbytes[m[K = sonarROS.data.size();
[0.704s]       |         [01;35m[K^~~~~~~~[m[K
[0.704s] [01m[K/root/ros2_ws/src/tp1/src/Perception.cpp:154:9:[m[K [01;35m[Kwarning: [m[Kunused variable â€˜[01m[Knumfields[m[Kâ€™ [[01;35m[K]8;;https://gcc.gnu.org/onlinedocs/gcc/Warning-Options.html#index-Wunused-variable-Wunused-variable]8;;[m[K]
[0.704s]   154 |     int [01;35m[Knumfields[m[K = sonarROS.fields.size();
[0.704s]       |         [01;35m[K^~~~~~~~~[m[K
[0.704s] [01m[K/root/ros2_ws/src/tp1/src/Perception.cpp:[m[K In member function â€˜[01m[Kstd::vector<float, std::allocator<float> > Perception::[01;32m[KgetLatestPose[m[K()[m[Kâ€™:
[0.705s] [01m[K/root/ros2_ws/src/tp1/src/Perception.cpp:178:1:[m[K [01;35m[Kwarning: [m[Kno return statement in function returning non-void [[01;35m[K]8;;https://gcc.gnu.org/onlinedocs/gcc/Warning-Options.html#index-Wreturn-type-Wreturn-type]8;;[m[K]
[0.705s]   178 | [01;35m[K}[m[K
[0.705s]       | [01;35m[K^[m[K
[0.774s] gmake[2]: *** [CMakeFiles/navigation.dir/build.make:104: CMakeFiles/navigation.dir/src/Perception.cpp.o] Error 1
[0.774s] gmake[2]: *** Waiting for unfinished jobs....
[1.750s] [01m[K/root/ros2_ws/src/tp1/src/main.cpp:[m[K In constructor â€˜[01m[KNavigationNode::[01;32m[KNavigationNode[m[K(Action&, Perception&)[m[Kâ€™:
[1.750s] [01m[K/root/ros2_ws/src/tp1/src/main.cpp:30:5:[m[K [01;31m[Kerror: [m[Kâ€˜[01m[Ksub_pose[m[Kâ€™ was not declared in this scope
[1.750s]    30 |     [01;31m[Ksub_pose[m[K = this->create_subscription<geometry_msgs::msg::Pose>("/pose", 100,
[1.750s]       |     [01;31m[K^~~~~~~~[m[K
[1.765s] [01m[K/root/ros2_ws/src/tp1/src/main.cpp:[m[K In function â€˜[01m[Kvoid*[01;32m[K keyboardThreadFunction[m[K(void*)[m[Kâ€™:
[1.765s] [01m[K/root/ros2_ws/src/tp1/src/main.cpp:86:36:[m[K [01;35m[Kwarning: [m[Kunused parameter â€˜[01m[Karg[m[Kâ€™ [[01;35m[K]8;;https://gcc.gnu.org/onlinedocs/gcc/Warning-Options.html#index-Wunused-parameter-Wunused-parameter]8;;[m[K]
[1.765s]    86 | void *keyboardThreadFunction([01;35m[Kvoid *arg[m[K)
[1.765s]       |                              [01;35m[K~~~~~~^~~[m[K
[1.766s] [01m[K/root/ros2_ws/src/tp1/src/main.cpp:[m[K In function â€˜[01m[Kvoid*[01;32m[K mainThreadFunction[m[K(void*)[m[Kâ€™:
[1.766s] [01m[K/root/ros2_ws/src/tp1/src/main.cpp:100:32:[m[K [01;35m[Kwarning: [m[Kunused parameter â€˜[01m[Karg[m[Kâ€™ [[01;35m[K]8;;https://gcc.gnu.org/onlinedocs/gcc/Warning-Options.html#index-Wunused-parameter-Wunused-parameter]8;;[m[K]
[1.766s]   100 | void *mainThreadFunction([01;35m[Kvoid *arg[m[K)
[1.766s]       |                          [01;35m[K~~~~~~^~~[m[K
[3.716s] gmake[2]: *** [CMakeFiles/navigation.dir/build.make:76: CMakeFiles/navigation.dir/src/main.cpp.o] Error 1
[3.716s] gmake[1]: *** [CMakeFiles/Makefile2:137: CMakeFiles/navigation.dir/all] Error 2
[3.717s] gmake: *** [Makefile:146: all] Error 2
[3.718s] Invoked command in '/root/ros2_ws/build/tp1' returned '2': CMAKE_PREFIX_PATH=${CMAKE_PREFIX_PATH}:/root/ros2_ws/src/py_pubsub/install/py_pubsub:/opt/ros/jazzy /usr/bin/cmake --build /root/ros2_ws/build/tp1 -- -j16 -l16
