[ 20%] [32mBuilding CXX object CMakeFiles/navigation.dir/src/Action.cpp.o[0m
[01m[K/root/ros2_ws/src/tp1/src/Action.cpp:[m[K In member function â€˜[01m[Kvoid Action::[01;32m[KavoidObstacles[m[K(std::vector<float>, std::vector<float>)[m[Kâ€™:
[01m[K/root/ros2_ws/src/tp1/src/Action.cpp:15:57:[m[K [01;31m[Kerror: [m[Kconversion from â€˜[01m[K__normal_iterator<[01;32m[Kfloat*[m[K,vector<[01;32m[Kfloat[m[K>>[m[Kâ€™ to non-scalar type â€˜[01m[K__normal_iterator<[01;32m[Kint*[m[K,vector<[01;32m[Kint[m[K>>[m[Kâ€™ requested
   15 |     std::vector<int>::iterator result = [01;31m[Kstd::min_element(lasers.begin(), lasers.end())[m[K;
      |                                         [01;31m[K~~~~~~~~~~~~~~~~^~~~~~~~~~~~~~~~~~~~~~~~~~~~~~[m[K
[01m[K/root/ros2_ws/src/tp1/src/Action.cpp:17:40:[m[K [01;31m[Kerror: [m[Kno matching function for call to â€˜[01m[Kdistance(std::vector<float>::iterator, std::vector<int>::iterator&)[m[Kâ€™
   17 |     if ( *result < 0.3 && [01;31m[Kstd::distance(lasers.begin(), result)[m[K <= 90  ){
      |                           [01;31m[K~~~~~~~~~~~~~^~~~~~~~~~~~~~~~~~~~~~~~[m[K
In file included from [01m[K/usr/include/c++/13/bits/stl_algobase.h:66[m[K,
                 from [01m[K/usr/include/c++/13/vector:62[m[K,
                 from [01m[K/root/ros2_ws/src/tp1/include/Action.h:4[m[K,
                 from [01m[K/root/ros2_ws/src/tp1/src/Action.cpp:1[m[K:
[01m[K/usr/include/c++/13/bits/stl_iterator_base_funcs.h:148:5:[m[K [01;36m[Knote: [m[Kcandidate: â€˜[01m[Ktemplate<class _InputIterator> constexpr typename std::iterator_traits< <template-parameter-1-1> >::difference_type std::[01;32m[Kdistance[m[K(_InputIterator, _InputIterator)[m[Kâ€™
  148 |     [01;36m[Kdistance[m[K(_InputIterator __first, _InputIterator __last)
      |     [01;36m[K^~~~~~~~[m[K
[01m[K/usr/include/c++/13/bits/stl_iterator_base_funcs.h:148:5:[m[K [01;36m[Knote: [m[K  template argument deduction/substitution failed:
[01m[K/root/ros2_ws/src/tp1/src/Action.cpp:17:40:[m[K [01;36m[Knote: [m[K  deduced conflicting types for parameter â€˜[01m[K_InputIterator[m[Kâ€™ (â€˜[01m[K__gnu_cxx::__normal_iterator<float*, std::vector<float> >[m[Kâ€™ and â€˜[01m[K__gnu_cxx::__normal_iterator<int*, std::vector<int> >[m[Kâ€™)
   17 |     if ( *result < 0.3 && [01;36m[Kstd::distance(lasers.begin(), result)[m[K <= 90  ){
      |                           [01;36m[K~~~~~~~~~~~~~^~~~~~~~~~~~~~~~~~~~~~~~[m[K
[01m[K/root/ros2_ws/src/tp1/src/Action.cpp:19:48:[m[K [01;31m[Kerror: [m[Kno matching function for call to â€˜[01m[Kdistance(std::vector<float>::iterator, std::vector<int>::iterator&)[m[Kâ€™
   19 |     } else if  ( *result < 0.3 && [01;31m[Kstd::distance(lasers.begin(), result)[m[K > 90  ) {
      |                                   [01;31m[K~~~~~~~~~~~~~^~~~~~~~~~~~~~~~~~~~~~~~[m[K
[01m[K/usr/include/c++/13/bits/stl_iterator_base_funcs.h:148:5:[m[K [01;36m[Knote: [m[Kcandidate: â€˜[01m[Ktemplate<class _InputIterator> constexpr typename std::iterator_traits< <template-parameter-1-1> >::difference_type std::[01;32m[Kdistance[m[K(_InputIterator, _InputIterator)[m[Kâ€™
  148 |     [01;36m[Kdistance[m[K(_InputIterator __first, _InputIterator __last)
      |     [01;36m[K^~~~~~~~[m[K
[01m[K/usr/include/c++/13/bits/stl_iterator_base_funcs.h:148:5:[m[K [01;36m[Knote: [m[K  template argument deduction/substitution failed:
[01m[K/root/ros2_ws/src/tp1/src/Action.cpp:19:48:[m[K [01;36m[Knote: [m[K  deduced conflicting types for parameter â€˜[01m[K_InputIterator[m[Kâ€™ (â€˜[01m[K__gnu_cxx::__normal_iterator<float*, std::vector<float> >[m[Kâ€™ and â€˜[01m[K__gnu_cxx::__normal_iterator<int*, std::vector<int> >[m[Kâ€™)
   19 |     } else if  ( *result < 0.3 && [01;36m[Kstd::distance(lasers.begin(), result)[m[K > 90  ) {
      |                                   [01;36m[K~~~~~~~~~~~~~^~~~~~~~~~~~~~~~~~~~~~~~[m[K
[01m[K/root/ros2_ws/src/tp1/src/Action.cpp:12:75:[m[K [01;35m[Kwarning: [m[Kunused parameter â€˜[01m[Ksonars[m[Kâ€™ [[01;35m[K]8;;https://gcc.gnu.org/onlinedocs/gcc/Warning-Options.html#index-Wunused-parameter-Wunused-parameter]8;;[m[K]
   12 | void Action::avoidObstacles(std::vector<float> lasers, [01;35m[Kstd::vector<float> sonars[m[K)
      |                                                        [01;35m[K~~~~~~~~~~~~~~~~~~~^~~~~~[m[K
[01m[K/root/ros2_ws/src/tp1/src/Action.cpp:[m[K In member function â€˜[01m[Kvoid Action::[01;32m[KkeepAsFarthestAsPossibleFromWalls[m[K(std::vector<float>, std::vector<float>)[m[Kâ€™:
[01m[K/root/ros2_ws/src/tp1/src/Action.cpp:26:67:[m[K [01;35m[Kwarning: [m[Kunused parameter â€˜[01m[Klasers[m[Kâ€™ [[01;35m[K]8;;https://gcc.gnu.org/onlinedocs/gcc/Warning-Options.html#index-Wunused-parameter-Wunused-parameter]8;;[m[K]
   26 | void Action::keepAsFarthestAsPossibleFromWalls([01;35m[Kstd::vector<float> lasers[m[K, std::vector<float> sonars)
      |                                                [01;35m[K~~~~~~~~~~~~~~~~~~~^~~~~~[m[K
[01m[K/root/ros2_ws/src/tp1/src/Action.cpp:26:94:[m[K [01;35m[Kwarning: [m[Kunused parameter â€˜[01m[Ksonars[m[Kâ€™ [[01;35m[K]8;;https://gcc.gnu.org/onlinedocs/gcc/Warning-Options.html#index-Wunused-parameter-Wunused-parameter]8;;[m[K]
   26 | void Action::keepAsFarthestAsPossibleFromWalls(std::vector<float> lasers, [01;35m[Kstd::vector<float> sonars[m[K)
      |                                                                           [01;35m[K~~~~~~~~~~~~~~~~~~~^~~~~~[m[K
gmake[2]: *** [CMakeFiles/navigation.dir/build.make:90: CMakeFiles/navigation.dir/src/Action.cpp.o] Error 1
gmake[1]: *** [CMakeFiles/Makefile2:137: CMakeFiles/navigation.dir/all] Error 2
gmake: *** [Makefile:146: all] Error 2
