[01m[K/root/ros2_ws/src/tp1/src/Perception.cpp:[m[K In member function â€˜[01m[Kvoid Perception::[01;32m[KupdateMap[m[K(float, float)[m[Kâ€™:
[01m[K/root/ros2_ws/src/tp1/src/Perception.cpp:345:18:[m[K [01;31m[Kerror: [m[Kâ€˜[01m[Kmap_x[m[Kâ€™ was not declared in this scope; did you mean â€˜[01m[Kmap[m[Kâ€™?
  345 |         int ex = [01;31m[Kmap_x[m[K + int((r * cos(angle)) / RESOLUTION);
      |                  [01;31m[K^~~~~[m[K
      |                  [32m[Kmap[m[K
[01m[K/root/ros2_ws/src/tp1/src/Perception.cpp:346:18:[m[K [01;31m[Kerror: [m[Kâ€˜[01m[Kmap_y[m[Kâ€™ was not declared in this scope; did you mean â€˜[01m[Kmap[m[Kâ€™?
  346 |         int ey = [01;31m[Kmap_y[m[K + int((r * sin(angle)) / RESOLUTION);
      |                  [01;31m[K^~~~~[m[K
      |                  [32m[Kmap[m[K
gmake[2]: *** [CMakeFiles/navigation.dir/build.make:104: CMakeFiles/navigation.dir/src/Perception.cpp.o] Error 1
gmake[1]: *** [CMakeFiles/Makefile2:137: CMakeFiles/navigation.dir/all] Error 2
gmake: *** [Makefile:146: all] Error 2
