[0.008s] Invoking command in '/root/ros2_ws/build/tp1': CMAKE_PREFIX_PATH=${CMAKE_PREFIX_PATH}:/opt/ros/jazzy /usr/bin/cmake --build /root/ros2_ws/build/tp1 -- -j16 -l16
[0.021s] -- Found ament_cmake: 2.5.3 (/opt/ros/jazzy/share/ament_cmake/cmake)
[0.140s] -- Found rclcpp: 28.1.8 (/opt/ros/jazzy/share/rclcpp/cmake)
[0.288s] -- Found rosidl_generator_c: 4.6.5 (/opt/ros/jazzy/share/rosidl_generator_c/cmake)
[0.293s] -- Found rosidl_generator_cpp: 4.6.5 (/opt/ros/jazzy/share/rosidl_generator_cpp/cmake)
[0.300s] -- Using all available rosidl_typesupport_c: rosidl_typesupport_fastrtps_c;rosidl_typesupport_introspection_c
[0.308s] -- Using all available rosidl_typesupport_cpp: rosidl_typesupport_fastrtps_cpp;rosidl_typesupport_introspection_cpp
[0.346s] -- Found rmw_implementation_cmake: 7.3.2 (/opt/ros/jazzy/share/rmw_implementation_cmake/cmake)
[0.347s] -- Found rmw_fastrtps_cpp: 8.4.2 (/opt/ros/jazzy/share/rmw_fastrtps_cpp/cmake)
[0.563s] -- Using RMW implementation 'rmw_fastrtps_cpp' as default
[0.736s] -- Found sensor_msgs: 5.3.6 (/opt/ros/jazzy/share/sensor_msgs/cmake)
[0.774s] -- Found ament_lint_auto: 0.17.2 (/opt/ros/jazzy/share/ament_lint_auto/cmake)
[0.842s] -- Added test 'cppcheck' to perform static code analysis on C / C++ code
[0.842s] -- Configured cppcheck include dirs: $<BUILD_INTERFACE:/root/ros2_ws/src/tp1/include>
[0.842s] -- Configured cppcheck exclude dirs and/or files: 
[0.843s] -- Added test 'flake8' to check Python code syntax and style conventions
[0.843s] -- Configured 'flake8' exclude dirs and/or files: 
[0.844s] -- Added test 'lint_cmake' to check CMake code style
[0.845s] -- Added test 'pep257' to check Python code against some of the docstring style conventions in PEP 257
[0.849s] -- Added test 'uncrustify' to check C / C++ code style
[0.849s] -- Configured uncrustify additional arguments: 
[0.849s] -- Added test 'xmllint' to check XML markup files
[0.852s] -- Configuring done (0.8s)
[0.867s] -- Generating done (0.0s)
[0.869s] -- Build files have been written to: /root/ros2_ws/build/tp1
[0.902s] [ 40%] [32mBuilding CXX object CMakeFiles/navigation.dir/src/Action.cpp.o[0m
[0.902s] [ 40%] [32mBuilding CXX object CMakeFiles/navigation.dir/src/main.cpp.o[0m
[0.902s] [ 60%] [32mBuilding CXX object CMakeFiles/navigation.dir/src/Perception.cpp.o[0m
[0.902s] [ 80%] [32mBuilding CXX object CMakeFiles/navigation.dir/src/Utils.cpp.o[0m
[0.947s] In file included from [01m[K/root/ros2_ws/src/tp1/src/Action.cpp:1[m[K:
[0.947s] [01m[K/root/ros2_ws/src/tp1/include/Action.h:6:10:[m[K [01;31m[Kfatal error: [m[Ktorch/torch.h: No such file or directory
[0.947s]     6 | #include [01;31m[K<torch/torch.h>[m[K
[0.947s]       |          [01;31m[K^~~~~~~~~~~~~~~[m[K
[0.947s] compilation terminated.
[0.948s] gmake[2]: *** [CMakeFiles/navigation.dir/build.make:90: CMakeFiles/navigation.dir/src/Action.cpp.o] Error 1
[0.948s] gmake[2]: *** Waiting for unfinished jobs....
[1.227s] [01m[K/root/ros2_ws/src/tp1/src/Perception.cpp:[m[K In member function â€˜[01m[Kstd::vector<float, std::allocator<float> > Perception::[01;32m[KgetLatestSonarRanges[m[K()[m[Kâ€™:
[1.227s] [01m[K/root/ros2_ws/src/tp1/src/Perception.cpp:146:9:[m[K [01;35m[Kwarning: [m[Kunused variable â€˜[01m[Knumbytes[m[Kâ€™ [[01;35m[K]8;;https://gcc.gnu.org/onlinedocs/gcc/Warning-Options.html#index-Wunused-variable-Wunused-variable]8;;[m[K]
[1.227s]   146 |     int [01;35m[Knumbytes[m[K = sonarROS.data.size();
[1.227s]       |         [01;35m[K^~~~~~~~[m[K
[1.227s] [01m[K/root/ros2_ws/src/tp1/src/Perception.cpp:147:9:[m[K [01;35m[Kwarning: [m[Kunused variable â€˜[01m[Knumfields[m[Kâ€™ [[01;35m[K]8;;https://gcc.gnu.org/onlinedocs/gcc/Warning-Options.html#index-Wunused-variable-Wunused-variable]8;;[m[K]
[1.227s]   147 |     int [01;35m[Knumfields[m[K = sonarROS.fields.size();
[1.228s]       |         [01;35m[K^~~~~~~~~[m[K
[1.228s] In file included from [01m[K/root/ros2_ws/src/tp1/src/main.cpp:9[m[K:
[1.228s] [01m[K/root/ros2_ws/src/tp1/include/Action.h:6:10:[m[K [01;31m[Kfatal error: [m[Ktorch/torch.h: No such file or directory
[1.228s]     6 | #include [01;31m[K<torch/torch.h>[m[K
[1.228s]       |          [01;31m[K^~~~~~~~~~~~~~~[m[K
[1.228s] compilation terminated.
[1.228s] gmake[2]: *** [CMakeFiles/navigation.dir/build.make:76: CMakeFiles/navigation.dir/src/main.cpp.o] Error 1
[1.351s] gmake[1]: *** [CMakeFiles/Makefile2:137: CMakeFiles/navigation.dir/all] Error 2
[1.351s] gmake: *** [Makefile:146: all] Error 2
[1.352s] Invoked command in '/root/ros2_ws/build/tp1' returned '2': CMAKE_PREFIX_PATH=${CMAKE_PREFIX_PATH}:/opt/ros/jazzy /usr/bin/cmake --build /root/ros2_ws/build/tp1 -- -j16 -l16
