[0.143s] Invoking command in '/root/ros2_ws/build/tp1': CMAKE_PREFIX_PATH=${CMAKE_PREFIX_PATH}:/root/ros2_ws/install/py_pubsub:/root/ros2_ws/src/py_pubsub/install/py_pubsub:/opt/ros/jazzy /usr/bin/cmake --build /root/ros2_ws/build/tp1 -- -j16 -l16
[0.220s] [ 20%] [32mBuilding CXX object CMakeFiles/navigation.dir/src/Perception.cpp.o[0m
[1.977s] [01m[K/root/ros2_ws/src/tp1/src/Perception.cpp:[m[K In member function â€˜[01m[Kvoid Perception::[01;32m[KupdateMap[m[K(Sonars)[m[Kâ€™:
[1.978s] [01m[K/root/ros2_ws/src/tp1/src/Perception.cpp:312:17:[m[K [01;31m[Kerror: [m[Kexpected â€˜[01m[K([m[Kâ€™ before â€˜[01m[Kmap[m[Kâ€™
[1.978s]   312 |             if  [01;31m[Km[m[K[32m[Kap[m[K[mx][my] == 0.5 {
[1.978s]       |                 [01;31m[K^[m[K[32m[K~~[m[K
[1.978s]       |                 [32m[K([m[K
[1.978s] [01m[K/root/ros2_ws/src/tp1/src/Perception.cpp:310:17:[m[K [01;35m[Kwarning: [m[Kunused variable â€˜[01m[Kmx[m[Kâ€™ [[01;35m[K]8;;https://gcc.gnu.org/onlinedocs/gcc/Warning-Options.html#index-Wunused-variable-Wunused-variable]8;;[m[K]
[1.978s]   310 |             int [01;35m[Kmx[m[K = cx + int(((v) * cos(l)) / RESOLUTION);
[1.978s]       |                 [01;35m[K^~[m[K
[1.978s] [01m[K/root/ros2_ws/src/tp1/src/Perception.cpp:311:17:[m[K [01;35m[Kwarning: [m[Kunused variable â€˜[01m[Kmy[m[Kâ€™ [[01;35m[K]8;;https://gcc.gnu.org/onlinedocs/gcc/Warning-Options.html#index-Wunused-variable-Wunused-variable]8;;[m[K]
[1.978s]   311 |             int [01;35m[Kmy[m[K = cy + int(((v) * sin(l)) / RESOLUTION);
[1.978s]       |                 [01;35m[K^~[m[K
[2.446s] gmake[2]: *** [CMakeFiles/navigation.dir/build.make:104: CMakeFiles/navigation.dir/src/Perception.cpp.o] Error 1
[2.446s] gmake[1]: *** [CMakeFiles/Makefile2:137: CMakeFiles/navigation.dir/all] Error 2
[2.446s] gmake: *** [Makefile:146: all] Error 2
[2.449s] Invoked command in '/root/ros2_ws/build/tp1' returned '2': CMAKE_PREFIX_PATH=${CMAKE_PREFIX_PATH}:/root/ros2_ws/install/py_pubsub:/root/ros2_ws/src/py_pubsub/install/py_pubsub:/opt/ros/jazzy /usr/bin/cmake --build /root/ros2_ws/build/tp1 -- -j16 -l16
