[01m[K/root/ros2_ws/src/tp1/src/Perception.cpp:[m[K In member function â€˜[01m[Kvoid Perception::[01;32m[KupdateMap[m[K(float, float)[m[Kâ€™:
[01m[K/root/ros2_ws/src/tp1/src/Perception.cpp:248:22:[m[K [01;31m[Kerror: [m[Kexpected initializer before â€˜[01m[K+=[m[Kâ€™ token
  248 |         double angle [01;31m[K+=[m[K angular_change;
      |                      [01;31m[K^~[m[K
[01m[K/root/ros2_ws/src/tp1/src/Perception.cpp:247:15:[m[K [01;35m[Kwarning: [m[Kunused variable â€˜[01m[Kangular_change[m[Kâ€™ [[01;35m[K]8;;https://gcc.gnu.org/onlinedocs/gcc/Warning-Options.html#index-Wunused-variable-Wunused-variable]8;;[m[K]
  247 |         float [01;35m[Kangular_change[m[K = angVel * delta_time;
      |               [01;35m[K^~~~~~~~~~~~~~[m[K
[01m[K/root/ros2_ws/src/tp1/src/Perception.cpp:291:75:[m[K [01;31m[Kerror: [m[Kâ€˜[01m[Krobot_yaw[m[Kâ€™ was not declared in this scope; did you mean â€˜[01m[Krobot_y[m[Kâ€™?
  291 |         float angle = laserROS.angle_min + i * laserROS.angle_increment + [01;31m[Krobot_yaw[m[K;
      |                                                                           [01;31m[K^~~~~~~~~[m[K
      |                                                                           [32m[Krobot_y[m[K
gmake[2]: *** [CMakeFiles/navigation.dir/build.make:104: CMakeFiles/navigation.dir/src/Perception.cpp.o] Error 1
gmake[1]: *** [CMakeFiles/Makefile2:137: CMakeFiles/navigation.dir/all] Error 2
gmake: *** [Makefile:146: all] Error 2
