[0.130s] Invoking command in '/root/ros2_ws/build/tp1': CMAKE_PREFIX_PATH=${CMAKE_PREFIX_PATH}:/root/ros2_ws/install/py_pubsub:/root/ros2_ws/src/py_pubsub/install/py_pubsub:/opt/ros/jazzy /usr/bin/cmake --build /root/ros2_ws/build/tp1 -- -j16 -l16
[0.175s] [ 20%] [32mBuilding CXX object CMakeFiles/navigation.dir/src/Perception.cpp.o[0m
[1.510s] [01m[K/root/ros2_ws/src/tp1/src/Perception.cpp:[m[K In member function â€˜[01m[Kvoid Perception::[01;32m[KupdateMap[m[K(float, float)[m[Kâ€™:
[1.510s] [01m[K/root/ros2_ws/src/tp1/src/Perception.cpp:248:22:[m[K [01;31m[Kerror: [m[Kexpected initializer before â€˜[01m[K+=[m[Kâ€™ token
[1.510s]   248 |         double angle [01;31m[K+=[m[K angular_change;
[1.510s]       |                      [01;31m[K^~[m[K
[1.510s] [01m[K/root/ros2_ws/src/tp1/src/Perception.cpp:247:15:[m[K [01;35m[Kwarning: [m[Kunused variable â€˜[01m[Kangular_change[m[Kâ€™ [[01;35m[K]8;;https://gcc.gnu.org/onlinedocs/gcc/Warning-Options.html#index-Wunused-variable-Wunused-variable]8;;[m[K]
[1.510s]   247 |         float [01;35m[Kangular_change[m[K = angVel * delta_time;
[1.510s]       |               [01;35m[K^~~~~~~~~~~~~~[m[K
[1.517s] [01m[K/root/ros2_ws/src/tp1/src/Perception.cpp:291:75:[m[K [01;31m[Kerror: [m[Kâ€˜[01m[Krobot_yaw[m[Kâ€™ was not declared in this scope; did you mean â€˜[01m[Krobot_y[m[Kâ€™?
[1.517s]   291 |         float angle = laserROS.angle_min + i * laserROS.angle_increment + [01;31m[Krobot_yaw[m[K;
[1.517s]       |                                                                           [01;31m[K^~~~~~~~~[m[K
[1.517s]       |                                                                           [32m[Krobot_y[m[K
[1.882s] gmake[2]: *** [CMakeFiles/navigation.dir/build.make:104: CMakeFiles/navigation.dir/src/Perception.cpp.o] Error 1
[1.882s] gmake[1]: *** [CMakeFiles/Makefile2:137: CMakeFiles/navigation.dir/all] Error 2
[1.883s] gmake: *** [Makefile:146: all] Error 2
[1.884s] Invoked command in '/root/ros2_ws/build/tp1' returned '2': CMAKE_PREFIX_PATH=${CMAKE_PREFIX_PATH}:/root/ros2_ws/install/py_pubsub:/root/ros2_ws/src/py_pubsub/install/py_pubsub:/opt/ros/jazzy /usr/bin/cmake --build /root/ros2_ws/build/tp1 -- -j16 -l16
