[ 20%] [32mBuilding CXX object CMakeFiles/navigation.dir/src/main.cpp.o[0m
[ 40%] [32m[1mLinking CXX executable navigation[0m
CMakeFiles/navigation.dir/src/main.cpp.o: in function `keyboardThreadFunction(void*)':
main.cpp:(.text+0x22c): relocation truncated to fit: R_X86_64_PC32 against symbol `pressedKey' defined in .bss section in CMakeFiles/navigation.dir/src/main.cpp.o
main.cpp:(.text+0x233): relocation truncated to fit: R_X86_64_PC32 against symbol `pressedKey' defined in .bss section in CMakeFiles/navigation.dir/src/main.cpp.o
CMakeFiles/navigation.dir/src/main.cpp.o: in function `__static_initialization_and_destruction_0()':
main.cpp:(.text+0x609): relocation truncated to fit: R_X86_64_PC32 against symbol `laserROS' defined in .bss section in CMakeFiles/navigation.dir/src/main.cpp.o
main.cpp:(.text+0x622): relocation truncated to fit: R_X86_64_PC32 against symbol `laserROS' defined in .bss section in CMakeFiles/navigation.dir/src/main.cpp.o
CMakeFiles/navigation.dir/src/main.cpp.o: in function `NavigationNode::receiveLaser(std::shared_ptr<sensor_msgs::msg::LaserScan_<std::allocator<void> > const>)':
main.cpp:(.text._ZN14NavigationNode12receiveLaserESt10shared_ptrIKN11sensor_msgs3msg10LaserScan_ISaIvEEEE[_ZN14NavigationNode12receiveLaserESt10shared_ptrIKN11sensor_msgs3msg10LaserScan_ISaIvEEEE]+0x26): relocation truncated to fit: R_X86_64_PC32 against symbol `laserROS' defined in .bss section in CMakeFiles/navigation.dir/src/main.cpp.o
CMakeFiles/navigation.dir/src/main.cpp.o: in function `NavigationNode::updateMap()':
main.cpp:(.text._ZN14NavigationNode9updateMapEv[_ZN14NavigationNode9updateMapEv]+0x1e7): relocation truncated to fit: R_X86_64_PC32 against symbol `laserROS' defined in .bss section in CMakeFiles/navigation.dir/src/main.cpp.o
main.cpp:(.text._ZN14NavigationNode9updateMapEv[_ZN14NavigationNode9updateMapEv]+0x21c): relocation truncated to fit: R_X86_64_PC32 against symbol `laserROS' defined in .bss section in CMakeFiles/navigation.dir/src/main.cpp.o
collect2: error: ld returned 1 exit status
gmake[2]: *** [CMakeFiles/navigation.dir/build.make:277: navigation] Error 1
gmake[1]: *** [CMakeFiles/Makefile2:137: CMakeFiles/navigation.dir/all] Error 2
gmake: *** [Makefile:146: all] Error 2
