[01m[K/root/ros2_ws/src/tp1/src/Action.cpp:[m[K In member function â€˜[01m[Kvoid Action::[01;32m[KavoidObstacles[m[K(std::vector<float>, std::vector<float>)[m[Kâ€™:
[01m[K/root/ros2_ws/src/tp1/src/Action.cpp:14:19:[m[K [01;31m[Kerror: [m[Kexpected primary-expression before â€˜[01m[Kfor[m[Kâ€™
   14 |     for (int i=0; [01;31m[Kfor[m[K i < lasers.size() ;i++){
      |                   [01;31m[K^~~[m[K
[01m[K/root/ros2_ws/src/tp1/src/Action.cpp:14:18:[m[K [01;31m[Kerror: [m[Kexpected â€˜[01m[K;[m[Kâ€™ before â€˜[01m[Kfor[m[Kâ€™
   14 |     for (int i=0;[01;31m[K [m[K[32m[Kfor[m[K i < lasers.size() ;i++){
      |                  [01;31m[K^[m[K[32m[K~~~[m[K
      |                  [32m[K;[m[K
[01m[K/root/ros2_ws/src/tp1/src/Action.cpp:14:19:[m[K [01;31m[Kerror: [m[Kexpected primary-expression before â€˜[01m[Kfor[m[Kâ€™
   14 |     for (int i=0; [01;31m[Kfor[m[K i < lasers.size() ;i++){
      |                   [01;31m[K^~~[m[K
[01m[K/root/ros2_ws/src/tp1/src/Action.cpp:14:18:[m[K [01;31m[Kerror: [m[Kexpected â€˜[01m[K)[m[Kâ€™ before â€˜[01m[Kfor[m[Kâ€™
   14 |     for [34m[K([m[Kint i=0;[01;31m[K [m[K[32m[Kfor[m[K i < lasers.size() ;i++){
      |         [34m[K~[m[K        [01;31m[K^[m[K[32m[K~~~[m[K
      |                  [32m[K)[m[K
[01m[K/root/ros2_ws/src/tp1/src/Action.cpp:14:23:[m[K [01;31m[Kerror: [m[Kexpected â€˜[01m[K([m[Kâ€™ before â€˜[01m[Ki[m[Kâ€™
   14 |     for (int i=0; for [01;31m[Ki[m[K < lasers.size() ;i++){
      |                       [01;31m[K^[m[K
      |                       [32m[K([m[K
[01m[K/root/ros2_ws/src/tp1/src/Action.cpp:14:25:[m[K [01;35m[Kwarning: [m[Kcomparison of integer expressions of different signedness: â€˜[01m[Kint[m[Kâ€™ and â€˜[01m[Kstd::vector<float>::size_type[m[Kâ€™ {aka â€˜[01m[Klong unsigned int[m[Kâ€™} [[01;35m[K]8;;https://gcc.gnu.org/onlinedocs/gcc/Warning-Options.html#index-Wsign-compare-Wsign-compare]8;;[m[K]
   14 |     for (int i=0; for [01;35m[Ki < lasers.size()[m[K ;i++){
      |                       [01;35m[K~~^~~~~~~~~~~~~~~[m[K
[01m[K/root/ros2_ws/src/tp1/src/Action.cpp:14:25:[m[K [01;35m[Kwarning: [m[Kvalue computed is not used [[01;35m[K]8;;https://gcc.gnu.org/onlinedocs/gcc/Warning-Options.html#index-Wunused-value-Wunused-value]8;;[m[K]
[01m[K/root/ros2_ws/src/tp1/src/Action.cpp:14:45:[m[K [01;31m[Kerror: [m[Kexpected â€˜[01m[K;[m[Kâ€™ before â€˜[01m[K)[m[Kâ€™ token
   14 |     for (int i=0; for i < lasers.size() ;i++[01;31m[K)[m[K{
      |                                             [01;31m[K^[m[K
      |                                             [32m[K;[m[K
[01m[K/root/ros2_ws/src/tp1/src/Action.cpp:11:75:[m[K [01;35m[Kwarning: [m[Kunused parameter â€˜[01m[Ksonars[m[Kâ€™ [[01;35m[K]8;;https://gcc.gnu.org/onlinedocs/gcc/Warning-Options.html#index-Wunused-parameter-Wunused-parameter]8;;[m[K]
   11 | void Action::avoidObstacles(std::vector<float> lasers, [01;35m[Kstd::vector<float> sonars[m[K)
      |                                                        [01;35m[K~~~~~~~~~~~~~~~~~~~^~~~~~[m[K
[01m[K/root/ros2_ws/src/tp1/src/Action.cpp:[m[K In member function â€˜[01m[Kvoid Action::[01;32m[KkeepAsFarthestAsPossibleFromWalls[m[K(std::vector<float>, std::vector<float>)[m[Kâ€™:
[01m[K/root/ros2_ws/src/tp1/src/Action.cpp:20:67:[m[K [01;35m[Kwarning: [m[Kunused parameter â€˜[01m[Klasers[m[Kâ€™ [[01;35m[K]8;;https://gcc.gnu.org/onlinedocs/gcc/Warning-Options.html#index-Wunused-parameter-Wunused-parameter]8;;[m[K]
   20 | void Action::keepAsFarthestAsPossibleFromWalls([01;35m[Kstd::vector<float> lasers[m[K, std::vector<float> sonars)
      |                                                [01;35m[K~~~~~~~~~~~~~~~~~~~^~~~~~[m[K
[01m[K/root/ros2_ws/src/tp1/src/Action.cpp:20:94:[m[K [01;35m[Kwarning: [m[Kunused parameter â€˜[01m[Ksonars[m[Kâ€™ [[01;35m[K]8;;https://gcc.gnu.org/onlinedocs/gcc/Warning-Options.html#index-Wunused-parameter-Wunused-parameter]8;;[m[K]
   20 | void Action::keepAsFarthestAsPossibleFromWalls(std::vector<float> lasers, [01;35m[Kstd::vector<float> sonars[m[K)
      |                                                                           [01;35m[K~~~~~~~~~~~~~~~~~~~^~~~~~[m[K
[01m[K/root/ros2_ws/src/tp1/src/Action.cpp:[m[K At global scope:
[01m[K/root/ros2_ws/src/tp1/src/Action.cpp:118:25:[m[K [01;31m[Kerror: [m[Kâ€˜[01m[KT[m[Kâ€™ was not declared in this scope
  118 | int arg_min(std::vector<[01;31m[KT[m[K, A> const& vec) {
      |                         [01;31m[K^[m[K
[01m[K/root/ros2_ws/src/tp1/src/Action.cpp:118:28:[m[K [01;31m[Kerror: [m[Kâ€˜[01m[KA[m[Kâ€™ was not declared in this scope
  118 | int arg_min(std::vector<T, [01;31m[KA[m[K> const& vec) {
      |                            [01;31m[K^[m[K
[01m[K/root/ros2_ws/src/tp1/src/Action.cpp:118:29:[m[K [01;31m[Kerror: [m[Ktemplate argument 1 is invalid
  118 | int arg_min(std::vector<T, A[01;31m[K>[m[K const& vec) {
      |                             [01;31m[K^[m[K
[01m[K/root/ros2_ws/src/tp1/src/Action.cpp:118:29:[m[K [01;31m[Kerror: [m[Ktemplate argument 2 is invalid
[01m[K/root/ros2_ws/src/tp1/src/Action.cpp:[m[K In function â€˜[01m[Kint[01;32m[K arg_min[m[K(const int&)[m[Kâ€™:
[01m[K/root/ros2_ws/src/tp1/src/Action.cpp:119:45:[m[K [01;31m[Kerror: [m[Krequest for member â€˜[01m[Kbegin[m[Kâ€™ in â€˜[01m[Kvec[m[Kâ€™, which is of non-class type â€˜[01m[Kconst int[m[Kâ€™
  119 |   return static_cast<int>(std::distance(vec.[01;31m[Kbegin[m[K(), min_element(vec.begin(), vec.end())));
      |                                             [01;31m[K^~~~~[m[K
[01m[K/root/ros2_ws/src/tp1/src/Action.cpp:119:70:[m[K [01;31m[Kerror: [m[Krequest for member â€˜[01m[Kbegin[m[Kâ€™ in â€˜[01m[Kvec[m[Kâ€™, which is of non-class type â€˜[01m[Kconst int[m[Kâ€™
  119 |   return static_cast<int>(std::distance(vec.begin(), min_element(vec.[01;31m[Kbegin[m[K(), vec.end())));
      |                                                                      [01;31m[K^~~~~[m[K
[01m[K/root/ros2_ws/src/tp1/src/Action.cpp:119:83:[m[K [01;31m[Kerror: [m[Krequest for member â€˜[01m[Kend[m[Kâ€™ in â€˜[01m[Kvec[m[Kâ€™, which is of non-class type â€˜[01m[Kconst int[m[Kâ€™
  119 |   return static_cast<int>(std::distance(vec.begin(), min_element(vec.begin(), vec.[01;31m[Kend[m[K())));
      |                                                                                   [01;31m[K^~~[m[K
[01m[K/root/ros2_ws/src/tp1/src/Action.cpp:119:54:[m[K [01;31m[Kerror: [m[Kâ€˜[01m[Kmin_element[m[Kâ€™ was not declared in this scope
  119 |   return static_cast<int>(std::distance(vec.begin(), [01;31m[Kmin_element[m[K(vec.begin(), vec.end())));
      |                                                      [01;31m[K^~~~~~~~~~~[m[K
gmake[2]: *** [CMakeFiles/navigation.dir/build.make:90: CMakeFiles/navigation.dir/src/Action.cpp.o] Error 1
gmake[2]: *** Waiting for unfinished jobs....
[01m[K/root/ros2_ws/src/tp1/src/main.cpp:[m[K In function â€˜[01m[Kvoid*[01;32m[K keyboardThreadFunction[m[K(void*)[m[Kâ€™:
[01m[K/root/ros2_ws/src/tp1/src/main.cpp:81:36:[m[K [01;35m[Kwarning: [m[Kunused parameter â€˜[01m[Karg[m[Kâ€™ [[01;35m[K]8;;https://gcc.gnu.org/onlinedocs/gcc/Warning-Options.html#index-Wunused-parameter-Wunused-parameter]8;;[m[K]
   81 | void *keyboardThreadFunction([01;35m[Kvoid *arg[m[K)
      |                              [01;35m[K~~~~~~^~~[m[K
[01m[K/root/ros2_ws/src/tp1/src/main.cpp:[m[K In function â€˜[01m[Kvoid*[01;32m[K mainThreadFunction[m[K(void*)[m[Kâ€™:
[01m[K/root/ros2_ws/src/tp1/src/main.cpp:95:32:[m[K [01;35m[Kwarning: [m[Kunused parameter â€˜[01m[Karg[m[Kâ€™ [[01;35m[K]8;;https://gcc.gnu.org/onlinedocs/gcc/Warning-Options.html#index-Wunused-parameter-Wunused-parameter]8;;[m[K]
   95 | void *mainThreadFunction([01;35m[Kvoid *arg[m[K)
      |                          [01;35m[K~~~~~~^~~[m[K
gmake[1]: *** [CMakeFiles/Makefile2:137: CMakeFiles/navigation.dir/all] Error 2
gmake: *** [Makefile:146: all] Error 2
