[0.133s] Invoking command in '/root/ros2_ws/build/tp1': CMAKE_PREFIX_PATH=${CMAKE_PREFIX_PATH}:/root/ros2_ws/install/py_pubsub:/root/ros2_ws/src/py_pubsub/install/py_pubsub:/opt/ros/jazzy /usr/bin/cmake --build /root/ros2_ws/build/tp1 -- -j16 -l16
[0.182s] [ 20%] [32mBuilding CXX object CMakeFiles/navigation.dir/src/Perception.cpp.o[0m
[1.537s] [01m[K/root/ros2_ws/src/tp1/src/Perception.cpp:[m[K In member function â€˜[01m[Kvoid Perception::[01;32m[KupdateMap[m[K(float, float)[m[Kâ€™:
[1.537s] [01m[K/root/ros2_ws/src/tp1/src/Perception.cpp:330:13:[m[K [01;31m[Kerror: [m[Kâ€˜[01m[Kex[m[Kâ€™ was not declared in this scope; did you mean â€˜[01m[Kkx[m[Kâ€™?
[1.537s]   330 |         if ([01;31m[Kex[m[K >= 0 && ex < MAP_SIZE && ey >= 0 && ey < MAP_SIZE)
[1.537s]       |             [01;31m[K^~[m[K
[1.537s]       |             [32m[Kkx[m[K
[1.541s] [01m[K/root/ros2_ws/src/tp1/src/Perception.cpp:330:41:[m[K [01;31m[Kerror: [m[Kâ€˜[01m[Key[m[Kâ€™ was not declared in this scope; did you mean â€˜[01m[Kky[m[Kâ€™?
[1.541s]   330 |         if (ex >= 0 && ex < MAP_SIZE && [01;31m[Key[m[K >= 0 && ey < MAP_SIZE)
[1.541s]       |                                         [01;31m[K^~[m[K
[1.542s]       |                                         [32m[Kky[m[K
[1.915s] gmake[2]: *** [CMakeFiles/navigation.dir/build.make:104: CMakeFiles/navigation.dir/src/Perception.cpp.o] Error 1
[1.916s] gmake[1]: *** [CMakeFiles/Makefile2:137: CMakeFiles/navigation.dir/all] Error 2
[1.916s] gmake: *** [Makefile:146: all] Error 2
[1.918s] Invoked command in '/root/ros2_ws/build/tp1' returned '2': CMAKE_PREFIX_PATH=${CMAKE_PREFIX_PATH}:/root/ros2_ws/install/py_pubsub:/root/ros2_ws/src/py_pubsub/install/py_pubsub:/opt/ros/jazzy /usr/bin/cmake --build /root/ros2_ws/build/tp1 -- -j16 -l16
