[01m[K/root/ros2_ws/src/tp1/src/main.cpp:[m[K In member function â€˜[01m[Kvoid NavigationNode::[01;32m[Ktimer_callback[m[K()[m[Kâ€™:
[01m[K/root/ros2_ws/src/tp1/src/main.cpp:96:46:[m[K [01;31m[Kerror: [m[Kexpected primary-expression before â€˜[01m[Klasers[m[Kâ€™
   96 |     perception_.updateMap(std::vector<float> [01;31m[Klasers[m[K,std::vector<float> pose);
      |                                              [01;31m[K^~~~~~[m[K
[01m[K/root/ros2_ws/src/tp1/src/main.cpp:96:72:[m[K [01;31m[Kerror: [m[Kexpected primary-expression before â€˜[01m[Kpose[m[Kâ€™
   96 |     perception_.updateMap(std::vector<float> lasers,std::vector<float> [01;31m[Kpose[m[K);
      |                                                                        [01;31m[K^~~~[m[K
gmake[2]: *** [CMakeFiles/navigation.dir/build.make:76: CMakeFiles/navigation.dir/src/main.cpp.o] Error 1
gmake[1]: *** [CMakeFiles/Makefile2:137: CMakeFiles/navigation.dir/all] Error 2
gmake: *** [Makefile:146: all] Error 2
