[0.134s] Invoking command in '/root/ros2_ws/build/tp1': CMAKE_PREFIX_PATH=${CMAKE_PREFIX_PATH}:/root/ros2_ws/install/py_pubsub:/root/ros2_ws/src/py_pubsub/install/py_pubsub:/opt/ros/jazzy /usr/bin/cmake --build /root/ros2_ws/build/tp1 -- -j16 -l16
[0.182s] [ 20%] [32mBuilding CXX object CMakeFiles/navigation.dir/src/main.cpp.o[0m
[0.182s] [ 40%] [32mBuilding CXX object CMakeFiles/navigation.dir/src/Perception.cpp.o[0m
[1.676s] [01m[K/root/ros2_ws/src/tp1/src/main.cpp:[m[K In member function â€˜[01m[Kvoid NavigationNode::[01;32m[Ktimer_callback[m[K()[m[Kâ€™:
[1.676s] [01m[K/root/ros2_ws/src/tp1/src/main.cpp:96:46:[m[K [01;31m[Kerror: [m[Kexpected primary-expression before â€˜[01m[Klasers[m[Kâ€™
[1.676s]    96 |     perception_.updateMap(std::vector<float> [01;31m[Klasers[m[K,std::vector<float> pose);
[1.676s]       |                                              [01;31m[K^~~~~~[m[K
[1.676s] [01m[K/root/ros2_ws/src/tp1/src/main.cpp:96:72:[m[K [01;31m[Kerror: [m[Kexpected primary-expression before â€˜[01m[Kpose[m[Kâ€™
[1.676s]    96 |     perception_.updateMap(std::vector<float> lasers,std::vector<float> [01;31m[Kpose[m[K);
[1.676s]       |                                                                        [01;31m[K^~~~[m[K
[3.422s] gmake[2]: *** [CMakeFiles/navigation.dir/build.make:76: CMakeFiles/navigation.dir/src/main.cpp.o] Error 1
[3.422s] gmake[1]: *** [CMakeFiles/Makefile2:137: CMakeFiles/navigation.dir/all] Error 2
[3.423s] gmake: *** [Makefile:146: all] Error 2
[3.424s] Invoked command in '/root/ros2_ws/build/tp1' returned '2': CMAKE_PREFIX_PATH=${CMAKE_PREFIX_PATH}:/root/ros2_ws/install/py_pubsub:/root/ros2_ws/src/py_pubsub/install/py_pubsub:/opt/ros/jazzy /usr/bin/cmake --build /root/ros2_ws/build/tp1 -- -j16 -l16
