[0.136s] Invoking command in '/root/ros2_ws/build/tp1': CMAKE_PREFIX_PATH=${CMAKE_PREFIX_PATH}:/root/ros2_ws/install/py_pubsub:/root/ros2_ws/src/py_pubsub/install/py_pubsub:/opt/ros/jazzy /usr/bin/cmake --build /root/ros2_ws/build/tp1 -- -j16 -l16
[0.181s] [ 20%] [32mBuilding CXX object CMakeFiles/navigation.dir/src/main.cpp.o[0m
[0.181s] [ 40%] [32mBuilding CXX object CMakeFiles/navigation.dir/src/Perception.cpp.o[0m
[1.569s] [01m[K/root/ros2_ws/src/tp1/src/Perception.cpp:127:6:[m[K [01;31m[Kerror: [m[Kno declaration matches â€˜[01m[Kvoid Perception::[01;32m[KrecievePose[m[K(const nav_msgs::msg::Odometry_<std::allocator<void> >::ConstSharedPtr&)[m[Kâ€™
[1.569s]   127 | void [01;31m[KPerception[m[K::recievePose(const nav_msgs::msg::Odometry::ConstSharedPtr
[1.569s]       |      [01;31m[K^~~~~~~~~~[m[K
[1.569s] [01m[K/root/ros2_ws/src/tp1/src/Perception.cpp:127:6:[m[K [01;36m[Knote: [m[Kno functions named â€˜[01m[Kvoid Perception::[01;32m[KrecievePose[m[K(const nav_msgs::msg::Odometry_<std::allocator<void> >::ConstSharedPtr&)[m[Kâ€™
[1.570s] In file included from [01m[K/root/ros2_ws/src/tp1/src/Perception.cpp:1[m[K:
[1.570s] [01m[K/root/ros2_ws/src/tp1/include/Perception.h:9:7:[m[K [01;36m[Knote: [m[Kâ€˜[01m[Kclass Perception[m[Kâ€™ defined here
[1.570s]     9 | class [01;36m[KPerception[m[K
[1.570s]       |       [01;36m[K^~~~~~~~~~[m[K
[1.570s] [01m[K/root/ros2_ws/src/tp1/src/Perception.cpp:[m[K In member function â€˜[01m[Kstd::vector<float, std::allocator<float> > Perception::[01;32m[KgetLatestSonarRanges[m[K()[m[Kâ€™:
[1.570s] [01m[K/root/ros2_ws/src/tp1/src/Perception.cpp:156:9:[m[K [01;35m[Kwarning: [m[Kunused variable â€˜[01m[Knumbytes[m[Kâ€™ [[01;35m[K]8;;https://gcc.gnu.org/onlinedocs/gcc/Warning-Options.html#index-Wunused-variable-Wunused-variable]8;;[m[K]
[1.570s]   156 |     int [01;35m[Knumbytes[m[K = sonarROS.data.size();
[1.570s]       |         [01;35m[K^~~~~~~~[m[K
[1.570s] [01m[K/root/ros2_ws/src/tp1/src/Perception.cpp:157:9:[m[K [01;35m[Kwarning: [m[Kunused variable â€˜[01m[Knumfields[m[Kâ€™ [[01;35m[K]8;;https://gcc.gnu.org/onlinedocs/gcc/Warning-Options.html#index-Wunused-variable-Wunused-variable]8;;[m[K]
[1.570s]   157 |     int [01;35m[Knumfields[m[K = sonarROS.fields.size();
[1.570s]       |         [01;35m[K^~~~~~~~~[m[K
[1.624s] [01m[K/root/ros2_ws/src/tp1/src/main.cpp:[m[K In member function â€˜[01m[Kvoid NavigationNode::[01;32m[KupdateMap[m[K()[m[Kâ€™:
[1.624s] [01m[K/root/ros2_ws/src/tp1/src/main.cpp:83:9:[m[K [01;31m[Kerror: [m[Kâ€˜[01m[Klasers[m[Kâ€™ was not declared in this scope; did you mean â€˜[01m[KlaserROS[m[Kâ€™?
[1.624s]    83 |     if ([01;31m[Klasers[m[K.empty() || lasers.empty()) return;
[1.624s]       |         [01;31m[K^~~~~~[m[K
[1.624s]       |         [32m[KlaserROS[m[K
[1.629s] [01m[K/root/ros2_ws/src/tp1/src/main.cpp:85:15:[m[K [01;31m[Kerror: [m[Kâ€˜[01m[Kpose[m[Kâ€™ was not declared in this scope
[1.629s]    85 |     float x = [01;31m[Kpose[m[K[0];
[1.629s]       |               [01;31m[K^~~~[m[K
[1.635s] [01m[K/root/ros2_ws/src/tp1/src/main.cpp:90:30:[m[K [01;31m[Kerror: [m[Kâ€˜[01m[Klasers[m[Kâ€™ was not declared in this scope; did you mean â€˜[01m[KlaserROS[m[Kâ€™?
[1.635s]    90 |     std::cout << "laser " << [01;31m[Klasers[m[K[0] << "  x: " << x << "  y: " << y << "  yaw: " << yaw << std::endl;
[1.635s]       |                              [01;31m[K^~~~~~[m[K
[1.635s]       |                              [32m[KlaserROS[m[K
[1.941s] gmake[2]: *** [CMakeFiles/navigation.dir/build.make:104: CMakeFiles/navigation.dir/src/Perception.cpp.o] Error 1
[1.941s] gmake[2]: *** Waiting for unfinished jobs....
[3.363s] gmake[2]: *** [CMakeFiles/navigation.dir/build.make:76: CMakeFiles/navigation.dir/src/main.cpp.o] Error 1
[3.363s] gmake[1]: *** [CMakeFiles/Makefile2:137: CMakeFiles/navigation.dir/all] Error 2
[3.363s] gmake: *** [Makefile:146: all] Error 2
[3.366s] Invoked command in '/root/ros2_ws/build/tp1' returned '2': CMAKE_PREFIX_PATH=${CMAKE_PREFIX_PATH}:/root/ros2_ws/install/py_pubsub:/root/ros2_ws/src/py_pubsub/install/py_pubsub:/opt/ros/jazzy /usr/bin/cmake --build /root/ros2_ws/build/tp1 -- -j16 -l16
