[ 20%] [32mBuilding CXX object CMakeFiles/navigation.dir/src/Perception.cpp.o[0m
[01m[K/root/ros2_ws/src/tp1/src/Perception.cpp:[m[K In member function â€˜[01m[Kvoid Perception::[01;32m[KupdateMap[m[K(float, float)[m[Kâ€™:
[01m[K/root/ros2_ws/src/tp1/src/Perception.cpp:337:25:[m[K [01;31m[Kerror: [m[Kqualified-id in declaration before â€˜[01m[K([m[Kâ€™ token
  337 | void Perception::drawMap[01;31m[K([m[K)
      |                         [01;31m[K^[m[K
[01m[K/root/ros2_ws/src/tp1/src/Perception.cpp:364:29:[m[K [01;31m[Kerror: [m[Kqualified-id in declaration before â€˜[01m[K([m[Kâ€™ token
  364 | void Perception::displayLoop[01;31m[K([m[K)
      |                             [01;31m[K^[m[K
[01m[K/root/ros2_ws/src/tp1/src/Perception.cpp:379:2:[m[K [01;31m[Kerror: [m[Kexpected â€˜[01m[K}[m[Kâ€™ at end of input
  379 | }
      |  [01;31m[K^[m[K
[01m[K/root/ros2_ws/src/tp1/src/Perception.cpp:233:3:[m[K [01;36m[Knote: [m[Kto match this â€˜[01m[K{[m[Kâ€™
  233 |   [01;36m[K{[m[K
      |   [01;36m[K^[m[K
gmake[2]: *** [CMakeFiles/navigation.dir/build.make:104: CMakeFiles/navigation.dir/src/Perception.cpp.o] Error 1
gmake[1]: *** [CMakeFiles/Makefile2:137: CMakeFiles/navigation.dir/all] Error 2
gmake: *** [Makefile:146: all] Error 2
