[0.131s] Invoking command in '/root/ros2_ws/build/tp1': CMAKE_PREFIX_PATH=${CMAKE_PREFIX_PATH}:/root/ros2_ws/install/py_pubsub:/root/ros2_ws/src/py_pubsub/install/py_pubsub:/opt/ros/jazzy /usr/bin/cmake --build /root/ros2_ws/build/tp1 -- -j16 -l16
[0.179s] [ 20%] [32mBuilding CXX object CMakeFiles/navigation.dir/src/Perception.cpp.o[0m
[1.538s] [01m[K/root/ros2_ws/src/tp1/src/Perception.cpp:[m[K In member function â€˜[01m[Kvoid Perception::[01;32m[KupdateMap[m[K(float, float)[m[Kâ€™:
[1.538s] [01m[K/root/ros2_ws/src/tp1/src/Perception.cpp:337:25:[m[K [01;31m[Kerror: [m[Kqualified-id in declaration before â€˜[01m[K([m[Kâ€™ token
[1.538s]   337 | void Perception::drawMap[01;31m[K([m[K)
[1.538s]       |                         [01;31m[K^[m[K
[1.538s] [01m[K/root/ros2_ws/src/tp1/src/Perception.cpp:364:29:[m[K [01;31m[Kerror: [m[Kqualified-id in declaration before â€˜[01m[K([m[Kâ€™ token
[1.538s]   364 | void Perception::displayLoop[01;31m[K([m[K)
[1.538s]       |                             [01;31m[K^[m[K
[1.538s] [01m[K/root/ros2_ws/src/tp1/src/Perception.cpp:379:2:[m[K [01;31m[Kerror: [m[Kexpected â€˜[01m[K}[m[Kâ€™ at end of input
[1.538s]   379 | }
[1.538s]       |  [01;31m[K^[m[K
[1.538s] [01m[K/root/ros2_ws/src/tp1/src/Perception.cpp:233:3:[m[K [01;36m[Knote: [m[Kto match this â€˜[01m[K{[m[Kâ€™
[1.538s]   233 |   [01;36m[K{[m[K
[1.539s]       |   [01;36m[K^[m[K
[1.911s] gmake[2]: *** [CMakeFiles/navigation.dir/build.make:104: CMakeFiles/navigation.dir/src/Perception.cpp.o] Error 1
[1.912s] gmake[1]: *** [CMakeFiles/Makefile2:137: CMakeFiles/navigation.dir/all] Error 2
[1.912s] gmake: *** [Makefile:146: all] Error 2
[1.913s] Invoked command in '/root/ros2_ws/build/tp1' returned '2': CMAKE_PREFIX_PATH=${CMAKE_PREFIX_PATH}:/root/ros2_ws/install/py_pubsub:/root/ros2_ws/src/py_pubsub/install/py_pubsub:/opt/ros/jazzy /usr/bin/cmake --build /root/ros2_ws/build/tp1 -- -j16 -l16
