[ 20%] [32mBuilding CXX object CMakeFiles/navigation.dir/src/Perception.cpp.o[0m
[01m[K/root/ros2_ws/src/tp1/src/Perception.cpp:[m[K In member function â€˜[01m[Kvoid Perception::[01;32m[KupdateMap[m[K(float, float)[m[Kâ€™:
[01m[K/root/ros2_ws/src/tp1/src/Perception.cpp:276:85:[m[K [01;31m[Kerror: [m[Kâ€˜[01m[Kusing std_msgs::msg::Header_<std::allocator<void> >::_stamp_type = struct builtin_interfaces::msg::Time_<std::allocator<void> >[m[Kâ€™ {aka â€˜[01m[Kstruct builtin_interfaces::msg::Time_<std::allocator<void> >[m[Kâ€™} has no member named â€˜[01m[Knsec[m[Kâ€™; did you mean â€˜[01m[Ksec[m[Kâ€™?
  276 |     double current_time_seconds = laserROS.header.stamp.sec + laserROS.header.stamp.[01;31m[Knsec[m[K * 1e-9;
      |                                                                                     [01;31m[K^~~~[m[K
      |                                                                                     [32m[Ksec[m[K
[01m[K/root/ros2_ws/src/tp1/src/Perception.cpp:279:9:[m[K [01;31m[Kerror: [m[Kâ€˜[01m[Klast_nanoseconds[m[Kâ€™ was not declared in this scope
  279 |     if ([01;31m[Klast_nanoseconds[m[K != 0) {
      |         [01;31m[K^~~~~~~~~~~~~~~~[m[K
[01m[K/root/ros2_ws/src/tp1/src/Perception.cpp:336:25:[m[K [01;31m[Kerror: [m[Kqualified-id in declaration before â€˜[01m[K([m[Kâ€™ token
  336 | void Perception::drawMap[01;31m[K([m[K)
      |                         [01;31m[K^[m[K
[01m[K/root/ros2_ws/src/tp1/src/Perception.cpp:363:29:[m[K [01;31m[Kerror: [m[Kqualified-id in declaration before â€˜[01m[K([m[Kâ€™ token
  363 | void Perception::displayLoop[01;31m[K([m[K)
      |                             [01;31m[K^[m[K
[01m[K/root/ros2_ws/src/tp1/src/Perception.cpp:378:2:[m[K [01;31m[Kerror: [m[Kexpected â€˜[01m[K}[m[Kâ€™ at end of input
  378 | }
      |  [01;31m[K^[m[K
[01m[K/root/ros2_ws/src/tp1/src/Perception.cpp:232:3:[m[K [01;36m[Knote: [m[Kto match this â€˜[01m[K{[m[Kâ€™
  232 |   [01;36m[K{[m[K
      |   [01;36m[K^[m[K
gmake[2]: *** [CMakeFiles/navigation.dir/build.make:104: CMakeFiles/navigation.dir/src/Perception.cpp.o] Error 1
gmake[1]: *** [CMakeFiles/Makefile2:137: CMakeFiles/navigation.dir/all] Error 2
gmake: *** [Makefile:146: all] Error 2
