[0.144s] Invoking command in '/root/ros2_ws/build/tp1': CMAKE_PREFIX_PATH=${CMAKE_PREFIX_PATH}:/root/ros2_ws/install/py_pubsub:/root/ros2_ws/src/py_pubsub/install/py_pubsub:/opt/ros/jazzy /usr/bin/cmake --build /root/ros2_ws/build/tp1 -- -j16 -l16
[0.204s] [ 20%] [32mBuilding CXX object CMakeFiles/navigation.dir/src/Perception.cpp.o[0m
[1.950s] [01m[K/root/ros2_ws/src/tp1/src/Perception.cpp:[m[K In member function â€˜[01m[Kvoid Perception::[01;32m[KupdateMap[m[K(float, float)[m[Kâ€™:
[1.950s] [01m[K/root/ros2_ws/src/tp1/src/Perception.cpp:276:85:[m[K [01;31m[Kerror: [m[Kâ€˜[01m[Kusing std_msgs::msg::Header_<std::allocator<void> >::_stamp_type = struct builtin_interfaces::msg::Time_<std::allocator<void> >[m[Kâ€™ {aka â€˜[01m[Kstruct builtin_interfaces::msg::Time_<std::allocator<void> >[m[Kâ€™} has no member named â€˜[01m[Knsec[m[Kâ€™; did you mean â€˜[01m[Ksec[m[Kâ€™?
[1.950s]   276 |     double current_time_seconds = laserROS.header.stamp.sec + laserROS.header.stamp.[01;31m[Knsec[m[K * 1e-9;
[1.950s]       |                                                                                     [01;31m[K^~~~[m[K
[1.950s]       |                                                                                     [32m[Ksec[m[K
[1.965s] [01m[K/root/ros2_ws/src/tp1/src/Perception.cpp:279:9:[m[K [01;31m[Kerror: [m[Kâ€˜[01m[Klast_nanoseconds[m[Kâ€™ was not declared in this scope
[1.965s]   279 |     if ([01;31m[Klast_nanoseconds[m[K != 0) {
[1.965s]       |         [01;31m[K^~~~~~~~~~~~~~~~[m[K
[1.967s] [01m[K/root/ros2_ws/src/tp1/src/Perception.cpp:336:25:[m[K [01;31m[Kerror: [m[Kqualified-id in declaration before â€˜[01m[K([m[Kâ€™ token
[1.967s]   336 | void Perception::drawMap[01;31m[K([m[K)
[1.967s]       |                         [01;31m[K^[m[K
[1.967s] [01m[K/root/ros2_ws/src/tp1/src/Perception.cpp:363:29:[m[K [01;31m[Kerror: [m[Kqualified-id in declaration before â€˜[01m[K([m[Kâ€™ token
[1.967s]   363 | void Perception::displayLoop[01;31m[K([m[K)
[1.967s]       |                             [01;31m[K^[m[K
[1.967s] [01m[K/root/ros2_ws/src/tp1/src/Perception.cpp:378:2:[m[K [01;31m[Kerror: [m[Kexpected â€˜[01m[K}[m[Kâ€™ at end of input
[1.967s]   378 | }
[1.967s]       |  [01;31m[K^[m[K
[1.967s] [01m[K/root/ros2_ws/src/tp1/src/Perception.cpp:232:3:[m[K [01;36m[Knote: [m[Kto match this â€˜[01m[K{[m[Kâ€™
[1.967s]   232 |   [01;36m[K{[m[K
[1.967s]       |   [01;36m[K^[m[K
[2.349s] gmake[2]: *** [CMakeFiles/navigation.dir/build.make:104: CMakeFiles/navigation.dir/src/Perception.cpp.o] Error 1
[2.349s] gmake[1]: *** [CMakeFiles/Makefile2:137: CMakeFiles/navigation.dir/all] Error 2
[2.349s] gmake: *** [Makefile:146: all] Error 2
[2.351s] Invoked command in '/root/ros2_ws/build/tp1' returned '2': CMAKE_PREFIX_PATH=${CMAKE_PREFIX_PATH}:/root/ros2_ws/install/py_pubsub:/root/ros2_ws/src/py_pubsub/install/py_pubsub:/opt/ros/jazzy /usr/bin/cmake --build /root/ros2_ws/build/tp1 -- -j16 -l16
