[01m[K/root/ros2_ws/src/tp1/src/Perception.cpp:[m[K In member function â€˜[01m[Kvoid Perception::[01;32m[KupdateMap[m[K(float, float)[m[Kâ€™:
[01m[K/root/ros2_ws/src/tp1/src/Perception.cpp:323:5:[m[K [01;31m[Kerror: [m[Kâ€˜[01m[Kw_robot[m[Kâ€™ was not declared in this scope
  323 |     [01;31m[Kw_robot[m[K = cy + (0.45f/RESOLUTION);
      |     [01;31m[K^~~~~~~[m[K
[01m[K/root/ros2_ws/src/tp1/src/Perception.cpp:324:5:[m[K [01;31m[Kerror: [m[Kâ€˜[01m[Kl_robot[m[Kâ€™ was not declared in this scope
  324 |     [01;31m[Kl_robot[m[K = cx + (0.38f/RESOLUTION);
      |     [01;31m[K^~~~~~~[m[K
[01m[K/root/ros2_ws/src/tp1/src/Perception.cpp:230:34:[m[K [01;35m[Kwarning: [m[Kunused parameter â€˜[01m[Kvel[m[Kâ€™ [[01;35m[K]8;;https://gcc.gnu.org/onlinedocs/gcc/Warning-Options.html#index-Wunused-parameter-Wunused-parameter]8;;[m[K]
  230 | void Perception::updateMap([01;35m[Kfloat vel[m[K,float angVel)
      |                            [01;35m[K~~~~~~^~~[m[K
[01m[K/root/ros2_ws/src/tp1/src/Perception.cpp:230:44:[m[K [01;35m[Kwarning: [m[Kunused parameter â€˜[01m[KangVel[m[Kâ€™ [[01;35m[K]8;;https://gcc.gnu.org/onlinedocs/gcc/Warning-Options.html#index-Wunused-parameter-Wunused-parameter]8;;[m[K]
  230 | void Perception::updateMap(float vel,[01;35m[Kfloat angVel[m[K)
      |                                      [01;35m[K~~~~~~^~~~~~[m[K
gmake[2]: *** [CMakeFiles/navigation.dir/build.make:104: CMakeFiles/navigation.dir/src/Perception.cpp.o] Error 1
gmake[1]: *** [CMakeFiles/Makefile2:137: CMakeFiles/navigation.dir/all] Error 2
gmake: *** [Makefile:146: all] Error 2
