[0.134s] Invoking command in '/root/ros2_ws/build/tp1': CMAKE_PREFIX_PATH=${CMAKE_PREFIX_PATH}:/root/ros2_ws/install/py_pubsub:/root/ros2_ws/src/py_pubsub/install/py_pubsub:/opt/ros/jazzy /usr/bin/cmake --build /root/ros2_ws/build/tp1 -- -j16 -l16
[0.179s] [ 20%] [32mBuilding CXX object CMakeFiles/navigation.dir/src/main.cpp.o[0m
[1.561s] [01m[K/root/ros2_ws/src/tp1/src/main.cpp:59:71:[m[K [01;35m[Kwarning: [m[Kextra â€˜[01m[K;[m[Kâ€™ [[01;35m[K]8;;https://gcc.gnu.org/onlinedocs/gcc/Warning-Options.html#index-Wpedantic-Wpedantic]8;;[m[K]
[1.561s]    59 |   std::vector<float> latestLaser = perception_.getLatestLaserRanges();[01;35m[K;[m[K
[1.562s]       |                                                                       [01;35m[K^[m[K
[1.562s]       |                                                                       [31m[K-[m[K
[1.574s] [01m[K/root/ros2_ws/src/tp1/src/main.cpp:[m[K In constructor â€˜[01m[KNavigationNode::[01;32m[KNavigationNode[m[K(Action&, Perception&)[m[Kâ€™:
[1.574s] [01m[K/root/ros2_ws/src/tp1/src/main.cpp:45:5:[m[K [01;31m[Kerror: [m[Kâ€˜[01m[Ksub_sonar[m[Kâ€™ was not declared in this scope
[1.574s]    45 |     [01;31m[Ksub_sonar[m[K = this->create_subscription<sensor_msgs::msg::PointCloud2>("/sonar", 100,
[1.574s]       |     [01;31m[K^~~~~~~~~[m[K
[3.636s] gmake[2]: *** [CMakeFiles/navigation.dir/build.make:76: CMakeFiles/navigation.dir/src/main.cpp.o] Error 1
[3.637s] gmake[1]: *** [CMakeFiles/Makefile2:137: CMakeFiles/navigation.dir/all] Error 2
[3.637s] gmake: *** [Makefile:146: all] Error 2
[3.639s] Invoked command in '/root/ros2_ws/build/tp1' returned '2': CMAKE_PREFIX_PATH=${CMAKE_PREFIX_PATH}:/root/ros2_ws/install/py_pubsub:/root/ros2_ws/src/py_pubsub/install/py_pubsub:/opt/ros/jazzy /usr/bin/cmake --build /root/ros2_ws/build/tp1 -- -j16 -l16
