[0.141s] Invoking command in '/root/ros2_ws/build/tp1': CMAKE_PREFIX_PATH=${CMAKE_PREFIX_PATH}:/root/ros2_ws/install/py_pubsub:/root/ros2_ws/src/py_pubsub/install/py_pubsub:/opt/ros/jazzy /usr/bin/cmake --build /root/ros2_ws/build/tp1 -- -j16 -l16
[0.222s] [ 20%] [32mBuilding CXX object CMakeFiles/navigation.dir/src/Perception.cpp.o[0m
[0.222s] [ 40%] [32mBuilding CXX object CMakeFiles/navigation.dir/src/Action.cpp.o[0m
[0.532s] [01m[K/root/ros2_ws/src/tp1/src/Action.cpp:14:6:[m[K [01;31m[Kerror: [m[Kno declaration matches â€˜[01m[Kvoid Action::[01;32m[KavoidObstacles[m[K(float, float)[m[Kâ€™
[0.532s]    14 | void [01;31m[KAction[m[K::avoidObstacles(float lin, float ang)
[0.532s]       |      [01;31m[K^~~~~~[m[K
[0.532s] In file included from [01m[K/root/ros2_ws/src/tp1/src/Action.cpp:1[m[K:
[0.532s] [01m[K/root/ros2_ws/src/tp1/include/Action.h:24:10:[m[K [01;36m[Knote: [m[Kcandidate is: â€˜[01m[Kvoid Action::[01;32m[KavoidObstacles[m[K(std::vector<float>)[m[Kâ€™
[0.532s]    24 |     void [01;36m[KavoidObstacles[m[K(std::vector<float> speed);
[0.532s]       |          [01;36m[K^~~~~~~~~~~~~~[m[K
[0.532s] [01m[K/root/ros2_ws/src/tp1/include/Action.h:18:7:[m[K [01;36m[Knote: [m[Kâ€˜[01m[Kclass Action[m[Kâ€™ defined here
[0.532s]    18 | class [01;36m[KAction[m[K
[0.532s]       |       [01;36m[K^~~~~~[m[K
[0.534s] [01m[K/root/ros2_ws/src/tp1/src/Action.cpp:[m[K In member function â€˜[01m[Kvoid Action::[01;32m[KkeepAsFarthestAsPossibleFromWalls[m[K(std::vector<float>, std::vector<float>)[m[Kâ€™:
[0.534s] [01m[K/root/ros2_ws/src/tp1/src/Action.cpp:52:67:[m[K [01;35m[Kwarning: [m[Kunused parameter â€˜[01m[Klasers[m[Kâ€™ [[01;35m[K]8;;https://gcc.gnu.org/onlinedocs/gcc/Warning-Options.html#index-Wunused-parameter-Wunused-parameter]8;;[m[K]
[0.534s]    52 | void Action::keepAsFarthestAsPossibleFromWalls([01;35m[Kstd::vector<float> lasers[m[K, std::vector<float> sonars)
[0.534s]       |                                                [01;35m[K~~~~~~~~~~~~~~~~~~~^~~~~~[m[K
[0.534s] [01m[K/root/ros2_ws/src/tp1/src/Action.cpp:52:94:[m[K [01;35m[Kwarning: [m[Kunused parameter â€˜[01m[Ksonars[m[Kâ€™ [[01;35m[K]8;;https://gcc.gnu.org/onlinedocs/gcc/Warning-Options.html#index-Wunused-parameter-Wunused-parameter]8;;[m[K]
[0.534s]    52 | void Action::keepAsFarthestAsPossibleFromWalls(std::vector<float> lasers, [01;35m[Kstd::vector<float> sonars[m[K)
[0.534s]       |                                                                           [01;35m[K~~~~~~~~~~~~~~~~~~~^~~~~~[m[K
[0.579s] gmake[2]: *** [CMakeFiles/navigation.dir/build.make:90: CMakeFiles/navigation.dir/src/Action.cpp.o] Error 1
[0.579s] gmake[2]: *** Waiting for unfinished jobs....
[2.593s] gmake[1]: *** [CMakeFiles/Makefile2:137: CMakeFiles/navigation.dir/all] Error 2
[2.593s] gmake: *** [Makefile:146: all] Error 2
[2.596s] Invoked command in '/root/ros2_ws/build/tp1' returned '2': CMAKE_PREFIX_PATH=${CMAKE_PREFIX_PATH}:/root/ros2_ws/install/py_pubsub:/root/ros2_ws/src/py_pubsub/install/py_pubsub:/opt/ros/jazzy /usr/bin/cmake --build /root/ros2_ws/build/tp1 -- -j16 -l16
