[ 20%] [32mBuilding CXX object CMakeFiles/navigation.dir/src/main.cpp.o[0m
[01m[K/root/ros2_ws/src/tp1/src/main.cpp:[m[K In function â€˜[01m[Kint[01;32m[K main[m[K(int, char**)[m[Kâ€™:
[01m[K/root/ros2_ws/src/tp1/src/main.cpp:169:19:[m[K [01;31m[Kerror: [m[Kâ€˜[01m[KoglThread2[m[Kâ€™ was not declared in this scope; did you mean â€˜[01m[Kogl2Thread2[m[Kâ€™?
  169 |   pthread_create(&[01;31m[KoglThread2[m[K, NULL, (void *(*)(void *))Perception::displayLoop2, NULL);
      |                   [01;31m[K^~~~~~~~~~[m[K
      |                   [32m[Kogl2Thread2[m[K
[01m[K/root/ros2_ws/src/tp1/src/main.cpp:165:51:[m[K [01;35m[Kwarning: [m[Kunused variable â€˜[01m[Kogl2Thread2[m[Kâ€™ [[01;35m[K]8;;https://gcc.gnu.org/onlinedocs/gcc/Warning-Options.html#index-Wunused-variable-Wunused-variable]8;;[m[K]
  165 |   pthread_t mainThread, keyboardThread, oglThread,[01;35m[Kogl2Thread2[m[K;
      |                                                   [01;35m[K^~~~~~~~~~~[m[K
gmake[2]: *** [CMakeFiles/navigation.dir/build.make:76: CMakeFiles/navigation.dir/src/main.cpp.o] Error 1
gmake[1]: *** [CMakeFiles/Makefile2:137: CMakeFiles/navigation.dir/all] Error 2
gmake: *** [Makefile:146: all] Error 2
