[0.129s] Invoking command in '/root/ros2_ws/build/tp1': CMAKE_PREFIX_PATH=${CMAKE_PREFIX_PATH}:/root/ros2_ws/install/py_pubsub:/root/ros2_ws/src/py_pubsub/install/py_pubsub:/opt/ros/jazzy /usr/bin/cmake --build /root/ros2_ws/build/tp1 -- -j16 -l16
[0.176s] [ 20%] [32mBuilding CXX object CMakeFiles/navigation.dir/src/Perception.cpp.o[0m
[1.544s] [01m[K/root/ros2_ws/src/tp1/src/Perception.cpp:[m[K In member function â€˜[01m[Kvoid Perception::[01;32m[KupdateMap[m[K(float, float)[m[Kâ€™:
[1.544s] [01m[K/root/ros2_ws/src/tp1/src/Perception.cpp:247:30:[m[K [01;31m[Kerror: [m[Kâ€˜[01m[Kvx[m[Kâ€™ was not declared in this scope; did you mean â€˜[01m[Kkx[m[Kâ€™?
[1.544s]   247 |       std::cout << "vx: " << [01;31m[Kvx[m[K << "\n";
[1.544s]       |                              [01;31m[K^~[m[K
[1.544s]       |                              [32m[Kkx[m[K
[1.548s] [01m[K/root/ros2_ws/src/tp1/src/Perception.cpp:248:30:[m[K [01;31m[Kerror: [m[Kâ€˜[01m[Kvy[m[Kâ€™ was not declared in this scope; did you mean â€˜[01m[Kky[m[Kâ€™?
[1.548s]   248 |       std::cout << "vy: " << [01;31m[Kvy[m[K << "\n";
[1.548s]       |                              [01;31m[K^~[m[K
[1.548s]       |                              [32m[Kky[m[K
[1.926s] gmake[2]: *** [CMakeFiles/navigation.dir/build.make:104: CMakeFiles/navigation.dir/src/Perception.cpp.o] Error 1
[1.927s] gmake[1]: *** [CMakeFiles/Makefile2:137: CMakeFiles/navigation.dir/all] Error 2
[1.927s] gmake: *** [Makefile:146: all] Error 2
[1.929s] Invoked command in '/root/ros2_ws/build/tp1' returned '2': CMAKE_PREFIX_PATH=${CMAKE_PREFIX_PATH}:/root/ros2_ws/install/py_pubsub:/root/ros2_ws/src/py_pubsub/install/py_pubsub:/opt/ros/jazzy /usr/bin/cmake --build /root/ros2_ws/build/tp1 -- -j16 -l16
