[ 20%] [32mBuilding CXX object CMakeFiles/navigation.dir/src/main.cpp.o[0m
[ 40%] [32mBuilding CXX object CMakeFiles/navigation.dir/src/Perception.cpp.o[0m
[01m[K/root/ros2_ws/src/tp1/src/Perception.cpp:[m[K In member function â€˜[01m[Kvoid Perception::[01;32m[KupdateMap[m[K(Sonars)[m[Kâ€™:
[01m[K/root/ros2_ws/src/tp1/src/Perception.cpp:282:12:[m[K [01;31m[Kerror: [m[Kâ€˜[01m[Ka[m[Kâ€™ was not declared in this scope
  282 |       for ([01;31m[Ka[m[K = 1; a < MAP_SIZE; a++){
      |            [01;31m[K^[m[K
[01m[K/root/ros2_ws/src/tp1/src/Perception.cpp:283:14:[m[K [01;31m[Kerror: [m[Kâ€˜[01m[Kb[m[Kâ€™ was not declared in this scope
  283 |         for ([01;31m[Kb[m[K = 1; b < MAP_SIZE; b++){
      |              [01;31m[K^[m[K
gmake[2]: *** [CMakeFiles/navigation.dir/build.make:104: CMakeFiles/navigation.dir/src/Perception.cpp.o] Error 1
gmake[2]: *** Waiting for unfinished jobs....
gmake[1]: *** [CMakeFiles/Makefile2:137: CMakeFiles/navigation.dir/all] Error 2
gmake: *** [Makefile:146: all] Error 2
