[0.147s] Invoking command in '/root/ros2_ws/build/tp1': CMAKE_PREFIX_PATH=${CMAKE_PREFIX_PATH}:/root/ros2_ws/install/py_pubsub:/root/ros2_ws/src/py_pubsub/install/py_pubsub:/opt/ros/jazzy /usr/bin/cmake --build /root/ros2_ws/build/tp1 -- -j16 -l16
[0.226s] [ 20%] [32mBuilding CXX object CMakeFiles/navigation.dir/src/Perception.cpp.o[0m
[0.226s] [ 40%] [32mBuilding CXX object CMakeFiles/navigation.dir/src/Action.cpp.o[0m
[0.226s] [ 60%] [32mBuilding CXX object CMakeFiles/navigation.dir/src/main.cpp.o[0m
[0.545s] [01m[K/root/ros2_ws/src/tp1/src/Action.cpp:[m[K In member function â€˜[01m[Kvoid Action::[01;32m[KkeepAsFarthestAsPossibleFromWalls[m[K(std::vector<float>, std::vector<float>)[m[Kâ€™:
[0.546s] [01m[K/root/ros2_ws/src/tp1/src/Action.cpp:52:67:[m[K [01;35m[Kwarning: [m[Kunused parameter â€˜[01m[Klasers[m[Kâ€™ [[01;35m[K]8;;https://gcc.gnu.org/onlinedocs/gcc/Warning-Options.html#index-Wunused-parameter-Wunused-parameter]8;;[m[K]
[0.546s]    52 | void Action::keepAsFarthestAsPossibleFromWalls([01;35m[Kstd::vector<float> lasers[m[K, std::vector<float> sonars)
[0.546s]       |                                                [01;35m[K~~~~~~~~~~~~~~~~~~~^~~~~~[m[K
[0.546s] [01m[K/root/ros2_ws/src/tp1/src/Action.cpp:52:94:[m[K [01;35m[Kwarning: [m[Kunused parameter â€˜[01m[Ksonars[m[Kâ€™ [[01;35m[K]8;;https://gcc.gnu.org/onlinedocs/gcc/Warning-Options.html#index-Wunused-parameter-Wunused-parameter]8;;[m[K]
[0.546s]    52 | void Action::keepAsFarthestAsPossibleFromWalls(std::vector<float> lasers, [01;35m[Kstd::vector<float> sonars[m[K)
[0.546s]       |                                                                           [01;35m[K~~~~~~~~~~~~~~~~~~~^~~~~~[m[K
[2.064s] [01m[K/root/ros2_ws/src/tp1/src/Perception.cpp:[m[K In member function â€˜[01m[Kfloat Perception::[01;32m[KupdateMap[m[K(Sonars)[m[Kâ€™:
[2.064s] [01m[K/root/ros2_ws/src/tp1/src/Perception.cpp:287:61:[m[K [01;31m[Kerror: [m[Kreturn-statement with no value, in function returning â€˜[01m[Kfloat[m[Kâ€™ [[01;31m[K]8;;https://gcc.gnu.org/onlinedocs/gcc/Warning-Options.html#index-fpermissive-fpermissive]8;;[m[K]
[2.064s]   287 |     if (laserROS.ranges.empty() || laserROS.ranges.empty()) [01;31m[Kreturn[m[K;
[2.064s]       |                                                             [01;31m[K^~~~~~[m[K
[2.065s] [01m[K/root/ros2_ws/src/tp1/src/Perception.cpp:647:12:[m[K [01;35m[Kwarning: [m[Kleft operand of comma operator has no effect [[01;35m[K]8;;https://gcc.gnu.org/onlinedocs/gcc/Warning-Options.html#index-Wunused-value-Wunused-value]8;;[m[K]
[2.065s]   647 |     return [01;35m[Klin[m[K,ang;
[2.065s]       |            [01;35m[K^~~[m[K
[2.563s] gmake[2]: *** [CMakeFiles/navigation.dir/build.make:104: CMakeFiles/navigation.dir/src/Perception.cpp.o] Error 1
[2.563s] gmake[2]: *** Waiting for unfinished jobs....
[4.622s] [01m[K/root/ros2_ws/src/tp1/src/main.cpp:[m[K In member function â€˜[01m[Kvoid NavigationNode::[01;32m[Ktimer_callback[m[K()[m[Kâ€™:
[4.622s] [01m[K/root/ros2_ws/src/tp1/src/main.cpp:122:27:[m[K [01;35m[Kwarning: [m[Kâ€˜[01m[Klin[m[Kâ€™ is used uninitialized [[01;35m[K]8;;https://gcc.gnu.org/onlinedocs/gcc/Warning-Options.html#index-Wuninitialized-Wuninitialized]8;;[m[K]
[4.622s]   122 |     [01;35m[Kaction_.avoidObstacles(lin, ang)[m[K;
[4.622s]       |     [01;35m[K~~~~~~~~~~~~~~~~~~~~~~^~~~~~~~~~[m[K
[4.622s] [01m[K/root/ros2_ws/src/tp1/src/main.cpp:121:11:[m[K [01;36m[Knote: [m[Kâ€˜[01m[Klin[m[Kâ€™ was declared here
[4.622s]   121 |     float [01;36m[Klin[m[K, ang = perception_.updateMap(sonars);
[4.622s]       |           [01;36m[K^~~[m[K
[8.900s] gmake[1]: *** [CMakeFiles/Makefile2:137: CMakeFiles/navigation.dir/all] Error 2
[8.901s] gmake: *** [Makefile:146: all] Error 2
[8.903s] Invoked command in '/root/ros2_ws/build/tp1' returned '2': CMAKE_PREFIX_PATH=${CMAKE_PREFIX_PATH}:/root/ros2_ws/install/py_pubsub:/root/ros2_ws/src/py_pubsub/install/py_pubsub:/opt/ros/jazzy /usr/bin/cmake --build /root/ros2_ws/build/tp1 -- -j16 -l16
