[01m[K/root/ros2_ws/src/tp1/src/main.cpp:22:26:[m[K [01;31m[Kerror: [m[Kunable to find numeric literal operator â€˜[01m[Koperator""f[m[Kâ€™
   22 | const float RESOLUTION = [01;31m[K2f[m[K;
      |                          [01;31m[K^~[m[K
gmake[2]: *** [CMakeFiles/navigation.dir/build.make:76: CMakeFiles/navigation.dir/src/main.cpp.o] Error 1
gmake[1]: *** [CMakeFiles/Makefile2:137: CMakeFiles/navigation.dir/all] Error 2
gmake: *** [Makefile:146: all] Error 2
