[ 20%] [32mBuilding CXX object CMakeFiles/navigation.dir/src/main.cpp.o[0m
[01m[K/root/ros2_ws/src/tp1/src/main.cpp:[m[K In member function â€˜[01m[Kvoid NavigationNode::[01;32m[KupdateMap[m[K()[m[Kâ€™:
[01m[K/root/ros2_ws/src/tp1/src/main.cpp:83:9:[m[K [01;31m[Kerror: [m[Kâ€˜[01m[KlatestLaser[m[Kâ€™ was not declared in this scope
   83 |     if ([01;31m[KlatestLaser[m[K.empty() || latestPose.empty()) return;
      |         [01;31m[K^~~~~~~~~~~[m[K
[01m[K/root/ros2_ws/src/tp1/src/main.cpp:83:32:[m[K [01;31m[Kerror: [m[Kâ€˜[01m[KlatestPose[m[Kâ€™ was not declared in this scope
   83 |     if (latestLaser.empty() || [01;31m[KlatestPose[m[K.empty()) return;
      |                                [01;31m[K^~~~~~~~~~[m[K
[01m[K/root/ros2_ws/src/tp1/src/main.cpp:85:15:[m[K [01;31m[Kerror: [m[Kâ€˜[01m[Kpose[m[Kâ€™ was not declared in this scope
   85 |     float x = [01;31m[Kpose[m[K[0];
      |               [01;31m[K^~~~[m[K
[01m[K/root/ros2_ws/src/tp1/src/main.cpp:90:30:[m[K [01;31m[Kerror: [m[Kâ€˜[01m[Klasers[m[Kâ€™ was not declared in this scope; did you mean â€˜[01m[KlaserROS[m[Kâ€™?
   90 |     std::cout << "laser " << [01;31m[Klasers[m[K[0] << "  x: " << x << "  y: " << y << "  yaw: " << yaw << std::endl;
      |                              [01;31m[K^~~~~~[m[K
      |                              [32m[KlaserROS[m[K
gmake[2]: *** [CMakeFiles/navigation.dir/build.make:76: CMakeFiles/navigation.dir/src/main.cpp.o] Error 1
gmake[1]: *** [CMakeFiles/Makefile2:137: CMakeFiles/navigation.dir/all] Error 2
gmake: *** [Makefile:146: all] Error 2
