[0.155s] Invoking command in '/root/ros2_ws/build/tp1': CMAKE_PREFIX_PATH=${CMAKE_PREFIX_PATH}:/root/ros2_ws/install/py_pubsub:/root/ros2_ws/src/py_pubsub/install/py_pubsub:/opt/ros/jazzy /usr/bin/cmake --build /root/ros2_ws/build/tp1 -- -j16 -l16
[0.228s] [ 20%] [32mBuilding CXX object CMakeFiles/navigation.dir/src/Perception.cpp.o[0m
[2.004s] [01m[K/root/ros2_ws/src/tp1/src/Perception.cpp:[m[K In member function â€˜[01m[Kvoid Perception::[01;32m[KupdateMap[m[K(Sonars)[m[Kâ€™:
[2.004s] [01m[K/root/ros2_ws/src/tp1/src/Perception.cpp:308:13:[m[K [01;31m[Kerror: [m[Kexpected â€˜[01m[K,[m[Kâ€™ or â€˜[01m[K;[m[Kâ€™ before â€˜[01m[Kmap[m[Kâ€™
[2.004s]   308 |             [01;31m[Kmap[m[K[lx][ly] = new_occupied;
[2.004s]       |             [01;31m[K^~~[m[K
[2.004s] [01m[K/root/ros2_ws/src/tp1/src/Perception.cpp:307:19:[m[K [01;35m[Kwarning: [m[Kunused variable â€˜[01m[Knew_occupied[m[Kâ€™ [[01;35m[K]8;;https://gcc.gnu.org/onlinedocs/gcc/Warning-Options.html#index-Wunused-variable-Wunused-variable]8;;[m[K]
[2.004s]   307 |             float [01;35m[Knew_occupied[m[K = map[lx][ly]*p_occupied/(p_occupied*map[lx][ly] + (1-map[lx][ly])*p_empty)
[2.004s]       |                   [01;35m[K^~~~~~~~~~~~[m[K
[2.483s] gmake[2]: *** [CMakeFiles/navigation.dir/build.make:104: CMakeFiles/navigation.dir/src/Perception.cpp.o] Error 1
[2.483s] gmake[1]: *** [CMakeFiles/Makefile2:137: CMakeFiles/navigation.dir/all] Error 2
[2.484s] gmake: *** [Makefile:146: all] Error 2
[2.486s] Invoked command in '/root/ros2_ws/build/tp1' returned '2': CMAKE_PREFIX_PATH=${CMAKE_PREFIX_PATH}:/root/ros2_ws/install/py_pubsub:/root/ros2_ws/src/py_pubsub/install/py_pubsub:/opt/ros/jazzy /usr/bin/cmake --build /root/ros2_ws/build/tp1 -- -j16 -l16
