[01m[K/root/ros2_ws/src/tp1/src/Perception.cpp:[m[K In member function â€˜[01m[Kstd::vector<float, std::allocator<float> > Perception::[01;32m[KgetLatestSonarRanges[m[K()[m[Kâ€™:
[01m[K/root/ros2_ws/src/tp1/src/Perception.cpp:165:9:[m[K [01;35m[Kwarning: [m[Kunused variable â€˜[01m[Knumbytes[m[Kâ€™ [[01;35m[K]8;;https://gcc.gnu.org/onlinedocs/gcc/Warning-Options.html#index-Wunused-variable-Wunused-variable]8;;[m[K]
  165 |     int [01;35m[Knumbytes[m[K = sonarROS.data.size();
      |         [01;35m[K^~~~~~~~[m[K
[01m[K/root/ros2_ws/src/tp1/src/Perception.cpp:166:9:[m[K [01;35m[Kwarning: [m[Kunused variable â€˜[01m[Knumfields[m[Kâ€™ [[01;35m[K]8;;https://gcc.gnu.org/onlinedocs/gcc/Warning-Options.html#index-Wunused-variable-Wunused-variable]8;;[m[K]
  166 |     int [01;35m[Knumfields[m[K = sonarROS.fields.size();
      |         [01;35m[K^~~~~~~~~[m[K
[01m[K/root/ros2_ws/src/tp1/src/Perception.cpp:[m[K In function â€˜[01m[Kvoid[01;32m[K updateMap[m[K()[m[Kâ€™:
[01m[K/root/ros2_ws/src/tp1/src/Perception.cpp:206:9:[m[K [01;31m[Kerror: [m[Kâ€˜[01m[Klasers[m[Kâ€™ was not declared in this scope
  206 |     if ([01;31m[Klasers[m[K.empty() || lasers.empty()) return;
      |         [01;31m[K^~~~~~[m[K
[01m[K/root/ros2_ws/src/tp1/src/Perception.cpp:208:15:[m[K [01;31m[Kerror: [m[Kâ€˜[01m[Kpose[m[Kâ€™ was not declared in this scope
  208 |     float x = [01;31m[Kpose[m[K[0];
      |               [01;31m[K^~~~[m[K
[01m[K/root/ros2_ws/src/tp1/src/Perception.cpp:213:30:[m[K [01;31m[Kerror: [m[Kâ€˜[01m[Klasers[m[Kâ€™ was not declared in this scope
  213 |     std::cout << "laser " << [01;31m[Klasers[m[K[0] << "  x: " << x << "  y: " << y << "  yaw: " << yaw << std::endl;
      |                              [01;31m[K^~~~~~[m[K
[01m[K/root/ros2_ws/src/tp1/src/Perception.cpp:218:21:[m[K [01;31m[Kerror: [m[Kâ€˜[01m[KlaserROS[m[Kâ€™ was not declared in this scope
  218 |       float angle = [01;31m[KlaserROS[m[K.angle_min + i * laserROS.angle_increment + yaw;
      |                     [01;31m[K^~~~~~~~[m[K
[01m[K/root/ros2_ws/src/tp1/src/main.cpp:[m[K In member function â€˜[01m[Kvoid NavigationNode::[01;32m[Ktimer_callback[m[K()[m[Kâ€™:
[01m[K/root/ros2_ws/src/tp1/src/main.cpp:96:5:[m[K [01;31m[Kerror: [m[Kâ€˜[01m[KupdateMap[m[Kâ€™ was not declared in this scope
   96 |     [01;31m[KupdateMap[m[K();
      |     [01;31m[K^~~~~~~~~[m[K
[01m[K/root/ros2_ws/src/tp1/src/main.cpp:[m[K In function â€˜[01m[Kint[01;32m[K main[m[K(int, char**)[m[Kâ€™:
[01m[K/root/ros2_ws/src/tp1/src/main.cpp:161:55:[m[K [01;31m[Kerror: [m[Kâ€˜[01m[KdisplayLoop[m[Kâ€™ was not declared in this scope
  161 |   pthread_create(&oglThread, NULL, (void *(*)(void *))[01;31m[KdisplayLoop[m[K, NULL);
      |                                                       [01;31m[K^~~~~~~~~~~[m[K
gmake[2]: *** [CMakeFiles/navigation.dir/build.make:104: CMakeFiles/navigation.dir/src/Perception.cpp.o] Error 1
gmake[2]: *** Waiting for unfinished jobs....
gmake[2]: *** [CMakeFiles/navigation.dir/build.make:76: CMakeFiles/navigation.dir/src/main.cpp.o] Error 1
gmake[1]: *** [CMakeFiles/Makefile2:137: CMakeFiles/navigation.dir/all] Error 2
gmake: *** [Makefile:146: all] Error 2
