[01m[K/root/ros2_ws/src/tp1/src/main.cpp:[m[K In member function â€˜[01m[Kvoid NavigationNode::[01;32m[KupdateMap[m[K()[m[Kâ€™:
[01m[K/root/ros2_ws/src/tp1/src/main.cpp:79:5:[m[K [01;31m[Kerror: [m[Kâ€˜[01m[Kmap2[m[Kâ€™ was not declared in this scope; did you mean â€˜[01m[Kmap[m[Kâ€™?
   79 |     [01;31m[Kmap2[m[K[cx][cy] = 2;
      |     [01;31m[K^~~~[m[K
      |     [32m[Kmap[m[K
gmake[2]: *** [CMakeFiles/navigation.dir/build.make:76: CMakeFiles/navigation.dir/src/main.cpp.o] Error 1
gmake[1]: *** [CMakeFiles/Makefile2:137: CMakeFiles/navigation.dir/all] Error 2
gmake: *** [Makefile:146: all] Error 2
